<?xml version="1.0" encoding="UTF-8"?>
<coverage generated="1775297001805" clover="3.2.0">
  <project timestamp="1775297001805" name="All files">
    <metrics statements="3046" coveredstatements="900" conditionals="2605" coveredconditionals="671" methods="851" coveredmethods="148" elements="6502" coveredelements="1719" complexity="0" loc="3046" ncloc="3046" packages="12" files="46" classes="46"/>
    <package name="src">
      <metrics statements="51" coveredstatements="0" conditionals="0" coveredconditionals="0" methods="71" coveredmethods="0"/>
      <file name="breach.ts" path="/Users/abraham/Developer/active/ndpr-toolkit/packages/ndpr-toolkit/src/breach.ts">
        <metrics statements="6" coveredstatements="0" conditionals="0" coveredconditionals="0" methods="6" coveredmethods="0"/>
        <line num="5" count="0" type="stmt"/>
        <line num="6" count="0" type="stmt"/>
        <line num="7" count="0" type="stmt"/>
        <line num="8" count="0" type="stmt"/>
        <line num="9" count="0" type="stmt"/>
        <line num="10" count="0" type="stmt"/>
      </file>
      <file name="consent.ts" path="/Users/abraham/Developer/active/ndpr-toolkit/packages/ndpr-toolkit/src/consent.ts">
        <metrics statements="5" coveredstatements="0" conditionals="0" coveredconditionals="0" methods="6" coveredmethods="0"/>
        <line num="5" count="0" type="stmt"/>
        <line num="6" count="0" type="stmt"/>
        <line num="7" count="0" type="stmt"/>
        <line num="8" count="0" type="stmt"/>
        <line num="9" count="0" type="stmt"/>
      </file>
      <file name="core.ts" path="/Users/abraham/Developer/active/ndpr-toolkit/packages/ndpr-toolkit/src/core.ts">
        <metrics statements="8" coveredstatements="0" conditionals="0" coveredconditionals="0" methods="18" coveredmethods="0"/>
        <line num="22" count="0" type="stmt"/>
        <line num="23" count="0" type="stmt"/>
        <line num="24" count="0" type="stmt"/>
        <line num="25" count="0" type="stmt"/>
        <line num="26" count="0" type="stmt"/>
        <line num="27" count="0" type="stmt"/>
        <line num="28" count="0" type="stmt"/>
        <line num="29" count="0" type="stmt"/>
      </file>
      <file name="cross-border-entry.ts" path="/Users/abraham/Developer/active/ndpr-toolkit/packages/ndpr-toolkit/src/cross-border-entry.ts">
        <metrics statements="3" coveredstatements="0" conditionals="0" coveredconditionals="0" methods="6" coveredmethods="0"/>
        <line num="5" count="0" type="stmt"/>
        <line num="6" count="0" type="stmt"/>
        <line num="7" count="0" type="stmt"/>
      </file>
      <file name="dpia.ts" path="/Users/abraham/Developer/active/ndpr-toolkit/packages/ndpr-toolkit/src/dpia.ts">
        <metrics statements="5" coveredstatements="0" conditionals="0" coveredconditionals="0" methods="5" coveredmethods="0"/>
        <line num="5" count="0" type="stmt"/>
        <line num="6" count="0" type="stmt"/>
        <line num="7" count="0" type="stmt"/>
        <line num="8" count="0" type="stmt"/>
        <line num="9" count="0" type="stmt"/>
      </file>
      <file name="dsr.ts" path="/Users/abraham/Developer/active/ndpr-toolkit/packages/ndpr-toolkit/src/dsr.ts">
        <metrics statements="5" coveredstatements="0" conditionals="0" coveredconditionals="0" methods="5" coveredmethods="0"/>
        <line num="5" count="0" type="stmt"/>
        <line num="6" count="0" type="stmt"/>
        <line num="7" count="0" type="stmt"/>
        <line num="8" count="0" type="stmt"/>
        <line num="9" count="0" type="stmt"/>
      </file>
      <file name="hooks-entry.ts" path="/Users/abraham/Developer/active/ndpr-toolkit/packages/ndpr-toolkit/src/hooks-entry.ts">
        <metrics statements="8" coveredstatements="0" conditionals="0" coveredconditionals="0" methods="8" coveredmethods="0"/>
        <line num="19" count="0" type="stmt"/>
        <line num="20" count="0" type="stmt"/>
        <line num="21" count="0" type="stmt"/>
        <line num="22" count="0" type="stmt"/>
        <line num="23" count="0" type="stmt"/>
        <line num="24" count="0" type="stmt"/>
        <line num="25" count="0" type="stmt"/>
        <line num="26" count="0" type="stmt"/>
      </file>
      <file name="lawful-basis-entry.ts" path="/Users/abraham/Developer/active/ndpr-toolkit/packages/ndpr-toolkit/src/lawful-basis-entry.ts">
        <metrics statements="3" coveredstatements="0" conditionals="0" coveredconditionals="0" methods="6" coveredmethods="0"/>
        <line num="5" count="0" type="stmt"/>
        <line num="6" count="0" type="stmt"/>
        <line num="7" count="0" type="stmt"/>
      </file>
      <file name="policy.ts" path="/Users/abraham/Developer/active/ndpr-toolkit/packages/ndpr-toolkit/src/policy.ts">
        <metrics statements="5" coveredstatements="0" conditionals="0" coveredconditionals="0" methods="5" coveredmethods="0"/>
        <line num="5" count="0" type="stmt"/>
        <line num="6" count="0" type="stmt"/>
        <line num="7" count="0" type="stmt"/>
        <line num="8" count="0" type="stmt"/>
        <line num="9" count="0" type="stmt"/>
      </file>
      <file name="ropa-entry.ts" path="/Users/abraham/Developer/active/ndpr-toolkit/packages/ndpr-toolkit/src/ropa-entry.ts">
        <metrics statements="3" coveredstatements="0" conditionals="0" coveredconditionals="0" methods="6" coveredmethods="0"/>
        <line num="5" count="0" type="stmt"/>
        <line num="6" count="0" type="stmt"/>
        <line num="8" count="0" type="stmt"/>
      </file>
    </package>
    <package name="src.components.breach">
      <metrics statements="388" coveredstatements="0" conditionals="384" coveredconditionals="0" methods="97" coveredmethods="0"/>
      <file name="BreachNotificationManager.tsx" path="/Users/abraham/Developer/active/ndpr-toolkit/packages/ndpr-toolkit/src/components/breach/BreachNotificationManager.tsx">
        <metrics statements="126" coveredstatements="0" conditionals="159" coveredconditionals="0" methods="31" coveredmethods="0"/>
        <line num="1" count="0" type="stmt"/>
        <line num="3" count="0" type="stmt"/>
        <line num="77" count="0" type="stmt"/>
        <line num="78" count="0" type="stmt"/>
        <line num="79" count="0" type="stmt"/>
        <line num="80" count="0" type="stmt"/>
        <line num="81" count="0" type="stmt"/>
        <line num="82" count="0" type="stmt"/>
        <line num="83" count="0" type="stmt"/>
        <line num="84" count="0" type="cond" truecount="0" falsecount="2"/>
        <line num="85" count="0" type="cond" truecount="0" falsecount="2"/>
        <line num="86" count="0" type="cond" truecount="0" falsecount="2"/>
        <line num="87" count="0" type="cond" truecount="0" falsecount="2"/>
        <line num="88" count="0" type="cond" truecount="0" falsecount="2"/>
        <line num="89" count="0" type="cond" truecount="0" falsecount="2"/>
        <line num="90" count="0" type="cond" truecount="0" falsecount="2"/>
        <line num="92" count="0" type="stmt"/>
        <line num="93" count="0" type="stmt"/>
        <line num="94" count="0" type="stmt"/>
        <line num="95" count="0" type="stmt"/>
        <line num="96" count="0" type="stmt"/>
        <line num="97" count="0" type="stmt"/>
        <line num="100" count="0" type="stmt"/>
        <line num="101" count="0" type="stmt"/>
        <line num="104" count="0" type="cond" truecount="0" falsecount="1"/>
        <line num="105" count="0" type="stmt"/>
        <line num="109" count="0" type="cond" truecount="0" falsecount="1"/>
        <line num="110" count="0" type="stmt"/>
        <line num="111" count="0" type="stmt"/>
        <line num="112" count="0" type="cond" truecount="0" falsecount="4"/>
        <line num="114" count="0" type="stmt"/>
        <line num="115" count="0" type="stmt"/>
        <line num="120" count="0" type="stmt"/>
        <line num="121" count="0" type="stmt"/>
        <line num="123" count="0" type="cond" truecount="0" falsecount="5"/>
        <line num="125" count="0" type="stmt"/>
        <line num="126" count="0" type="stmt"/>
        <line num="128" count="0" type="stmt"/>
        <line num="129" count="0" type="stmt"/>
        <line num="131" count="0" type="stmt"/>
        <line num="132" count="0" type="stmt"/>
        <line num="134" count="0" type="stmt"/>
        <line num="135" count="0" type="stmt"/>
        <line num="136" count="0" type="cond" truecount="0" falsecount="6"/>
        <line num="137" count="0" type="cond" truecount="0" falsecount="6"/>
        <line num="138" count="0" type="stmt"/>
        <line num="139" count="0" type="stmt"/>
        <line num="141" count="0" type="stmt"/>
        <line num="144" count="0" type="cond" truecount="0" falsecount="2"/>
        <line num="147" count="0" type="stmt"/>
        <line num="151" count="0" type="stmt"/>
        <line num="152" count="0" type="cond" truecount="0" falsecount="3"/>
        <line num="153" count="0" type="stmt"/>
        <line num="158" count="0" type="stmt"/>
        <line num="159" count="0" type="stmt"/>
        <line num="160" count="0" type="cond" truecount="0" falsecount="1"/>
        <line num="161" count="0" type="stmt"/>
        <line num="166" count="0" type="stmt"/>
        <line num="167" count="0" type="cond" truecount="0" falsecount="3"/>
        <line num="168" count="0" type="stmt"/>
        <line num="173" count="0" type="stmt"/>
        <line num="174" count="0" type="cond" truecount="0" falsecount="3"/>
        <line num="175" count="0" type="stmt"/>
        <line num="180" count="0" type="stmt"/>
        <line num="181" count="0" type="stmt"/>
        <line num="185" count="0" type="cond" truecount="0" falsecount="2"/>
        <line num="186" count="0" type="stmt"/>
        <line num="190" count="0" type="cond" truecount="0" falsecount="2"/>
        <line num="191" count="0" type="stmt"/>
        <line num="195" count="0" type="cond" truecount="0" falsecount="2"/>
        <line num="196" count="0" type="stmt"/>
        <line num="200" count="0" type="cond" truecount="0" falsecount="2"/>
        <line num="209" count="0" type="cond" truecount="0" falsecount="2"/>
        <line num="212" count="0" type="stmt"/>
        <line num="214" count="0" type="stmt"/>
        <line num="224" count="0" type="stmt"/>
        <line num="225" count="0" type="stmt"/>
        <line num="226" count="0" type="stmt"/>
        <line num="230" count="0" type="stmt"/>
        <line num="231" count="0" type="cond" truecount="0" falsecount="1"/>
        <line num="233" count="0" type="stmt"/>
        <line num="240" count="0" type="stmt"/>
        <line num="248" count="0" type="stmt"/>
        <line num="249" count="0" type="stmt"/>
        <line num="255" count="0" type="stmt"/>
        <line num="263" count="0" type="stmt"/>
        <line num="264" count="0" type="cond" truecount="0" falsecount="3"/>
        <line num="266" count="0" type="cond" truecount="0" falsecount="1"/>
        <line num="267" count="0" type="stmt"/>
        <line num="279" count="0" type="cond" truecount="0" falsecount="1"/>
        <line num="280" count="0" type="stmt"/>
        <line num="292" count="0" type="stmt"/>
        <line num="294" count="0" type="cond" truecount="0" falsecount="1"/>
        <line num="295" count="0" type="stmt"/>
        <line num="307" count="0" type="cond" truecount="0" falsecount="1"/>
        <line num="308" count="0" type="stmt"/>
        <line num="320" count="0" type="stmt"/>
        <line num="333" count="0" type="stmt"/>
        <line num="334" count="0" type="cond" truecount="0" falsecount="1"/>
        <line num="336" count="0" type="stmt"/>
        <line num="353" count="0" type="cond" truecount="0" falsecount="5"/>
        <line num="354" count="0" type="stmt"/>
        <line num="364" count="0" type="cond" truecount="0" falsecount="5"/>
        <line num="365" count="0" type="stmt"/>
        <line num="373" count="0" type="stmt"/>
        <line num="377" count="0" type="stmt"/>
        <line num="400" count="0" type="stmt"/>
        <line num="414" count="0" type="stmt"/>
        <line num="431" count="0" type="stmt"/>
        <line num="449" count="0" type="stmt"/>
        <line num="469" count="0" type="stmt"/>
        <line num="470" count="0" type="stmt"/>
        <line num="471" count="0" type="stmt"/>
        <line num="474" count="0" type="stmt"/>
        <line num="475" count="0" type="cond" truecount="0" falsecount="6"/>
        <line num="476" count="0" type="cond" truecount="0" falsecount="2"/>
        <line num="477" count="0" type="stmt"/>
        <line num="483" count="0" type="stmt"/>
        <line num="484" count="0" type="cond" truecount="0" falsecount="2"/>
        <line num="485" count="0" type="stmt"/>
        <line num="490" count="0" type="cond" truecount="0" falsecount="2"/>
        <line num="491" count="0" type="stmt"/>
        <line num="497" count="0" type="stmt"/>
        <line num="505" count="0" type="stmt"/>
        <line num="512" count="0" type="stmt"/>
        <line num="520" count="0" type="stmt"/>
      </file>
      <file name="BreachReportForm.tsx" path="/Users/abraham/Developer/active/ndpr-toolkit/packages/ndpr-toolkit/src/components/breach/BreachReportForm.tsx">
        <metrics statements="125" coveredstatements="0" conditionals="85" coveredconditionals="0" methods="35" coveredmethods="0"/>
        <line num="1" count="0" type="stmt"/>
        <line num="80" count="0" type="stmt"/>
        <line num="81" count="0" type="stmt"/>
        <line num="82" count="0" type="stmt"/>
        <line num="83" count="0" type="cond" truecount="0" falsecount="2"/>
        <line num="84" count="0" type="cond" truecount="0" falsecount="2"/>
        <line num="85" count="0" type="cond" truecount="0" falsecount="2"/>
        <line num="86" count="0" type="cond" truecount="0" falsecount="2"/>
        <line num="87" count="0" type="cond" truecount="0" falsecount="2"/>
        <line num="88" count="0" type="cond" truecount="0" falsecount="2"/>
        <line num="89" count="0" type="cond" truecount="0" falsecount="2"/>
        <line num="90" count="0" type="cond" truecount="0" falsecount="2"/>
        <line num="91" count="0" type="cond" truecount="0" falsecount="2"/>
        <line num="92" count="0" type="cond" truecount="0" falsecount="2"/>
        <line num="93" count="0" type="cond" truecount="0" falsecount="2"/>
        <line num="95" count="0" type="stmt"/>
        <line num="96" count="0" type="stmt"/>
        <line num="97" count="0" type="stmt"/>
        <line num="98" count="0" type="stmt"/>
        <line num="99" count="0" type="stmt"/>
        <line num="100" count="0" type="stmt"/>
        <line num="101" count="0" type="stmt"/>
        <line num="102" count="0" type="stmt"/>
        <line num="103" count="0" type="stmt"/>
        <line num="104" count="0" type="stmt"/>
        <line num="105" count="0" type="stmt"/>
        <line num="106" count="0" type="stmt"/>
        <line num="107" count="0" type="stmt"/>
        <line num="108" count="0" type="stmt"/>
        <line num="109" count="0" type="stmt"/>
        <line num="110" count="0" type="stmt"/>
        <line num="111" count="0" type="stmt"/>
        <line num="112" count="0" type="stmt"/>
        <line num="115" count="0" type="stmt"/>
        <line num="117" count="0" type="stmt"/>
        <line num="118" count="0" type="stmt"/>
        <line num="121" count="0" type="stmt"/>
        <line num="122" count="0" type="stmt"/>
        <line num="126" count="0" type="stmt"/>
        <line num="127" count="0" type="stmt"/>
        <line num="128" count="0" type="cond" truecount="0" falsecount="2"/>
        <line num="129" count="0" type="stmt"/>
        <line num="131" count="0" type="stmt"/>
        <line num="137" count="0" type="stmt"/>
        <line num="138" count="0" type="stmt"/>
        <line num="139" count="0" type="cond" truecount="0" falsecount="1"/>
        <line num="141" count="0" type="stmt"/>
        <line num="142" count="0" type="stmt"/>
        <line num="145" count="0" type="cond" truecount="0" falsecount="1"/>
        <line num="146" count="0" type="stmt"/>
        <line num="147" count="0" type="stmt"/>
        <line num="148" count="0" type="stmt"/>
        <line num="152" count="0" type="stmt"/>
        <line num="153" count="0" type="stmt"/>
        <line num="156" count="0" type="cond" truecount="0" falsecount="1"/>
        <line num="157" count="0" type="stmt"/>
        <line num="158" count="0" type="stmt"/>
        <line num="162" count="0" type="cond" truecount="0" falsecount="4"/>
        <line num="163" count="0" type="cond" truecount="0" falsecount="1"/>
        <line num="164" count="0" type="stmt"/>
        <line num="165" count="0" type="stmt"/>
        <line num="168" count="0" type="stmt"/>
        <line num="171" count="0" type="cond" truecount="0" falsecount="2"/>
        <line num="172" count="0" type="stmt"/>
        <line num="174" count="0" type="stmt"/>
        <line num="175" count="0" type="stmt"/>
        <line num="180" count="0" type="stmt"/>
        <line num="181" count="0" type="stmt"/>
        <line num="185" count="0" type="stmt"/>
        <line num="186" count="0" type="stmt"/>
        <line num="188" count="0" type="cond" truecount="0" falsecount="1"/>
        <line num="189" count="0" type="stmt"/>
        <line num="192" count="0" type="cond" truecount="0" falsecount="1"/>
        <line num="193" count="0" type="stmt"/>
        <line num="196" count="0" type="cond" truecount="0" falsecount="1"/>
        <line num="197" count="0" type="stmt"/>
        <line num="200" count="0" type="cond" truecount="0" falsecount="1"/>
        <line num="201" count="0" type="stmt"/>
        <line num="204" count="0" type="cond" truecount="0" falsecount="1"/>
        <line num="205" count="0" type="stmt"/>
        <line num="208" count="0" type="cond" truecount="0" falsecount="2"/>
        <line num="209" count="0" type="stmt"/>
        <line num="210" count="0" type="cond" truecount="0" falsecount="1"/>
        <line num="211" count="0" type="stmt"/>
        <line num="214" count="0" type="cond" truecount="0" falsecount="1"/>
        <line num="215" count="0" type="stmt"/>
        <line num="218" count="0" type="cond" truecount="0" falsecount="1"/>
        <line num="219" count="0" type="stmt"/>
        <line num="222" count="0" type="cond" truecount="0" falsecount="1"/>
        <line num="223" count="0" type="stmt"/>
        <line num="226" count="0" type="cond" truecount="0" falsecount="3"/>
        <line num="227" count="0" type="stmt"/>
        <line num="230" count="0" type="stmt"/>
        <line num="231" count="0" type="stmt"/>
        <line num="235" count="0" type="stmt"/>
        <line num="236" count="0" type="stmt"/>
        <line num="238" count="0" type="cond" truecount="0" falsecount="1"/>
        <line num="239" count="0" type="stmt"/>
        <line num="242" count="0" type="stmt"/>
        <line num="260" count="0" type="stmt"/>
        <line num="268" count="0" type="stmt"/>
        <line num="270" count="0" type="cond" truecount="0" falsecount="1"/>
        <line num="271" count="0" type="stmt"/>
        <line num="275" count="0" type="cond" truecount="0" falsecount="1"/>
        <line num="276" count="0" type="stmt"/>
        <line num="288" count="0" type="stmt"/>
        <line num="298" count="0" type="stmt"/>
        <line num="311" count="0" type="stmt"/>
        <line num="330" count="0" type="stmt"/>
        <line num="344" count="0" type="stmt"/>
        <line num="349" count="0" type="stmt"/>
        <line num="365" count="0" type="stmt"/>
        <line num="381" count="0" type="stmt"/>
        <line num="396" count="0" type="stmt"/>
        <line num="415" count="0" type="stmt"/>
        <line num="430" count="0" type="stmt"/>
        <line num="445" count="0" type="stmt"/>
        <line num="460" count="0" type="stmt"/>
        <line num="495" count="0" type="stmt"/>
        <line num="507" count="0" type="stmt"/>
        <line num="513" count="0" type="stmt"/>
        <line num="532" count="0" type="stmt"/>
        <line num="549" count="0" type="stmt"/>
        <line num="583" count="0" type="stmt"/>
        <line num="594" count="0" type="stmt"/>
      </file>
      <file name="BreachRiskAssessment.tsx" path="/Users/abraham/Developer/active/ndpr-toolkit/packages/ndpr-toolkit/src/components/breach/BreachRiskAssessment.tsx">
        <metrics statements="77" coveredstatements="0" conditionals="81" coveredconditionals="0" methods="15" coveredmethods="0"/>
        <line num="1" count="0" type="stmt"/>
        <line num="62" count="0" type="stmt"/>
        <line num="63" count="0" type="stmt"/>
        <line num="64" count="0" type="cond" truecount="0" falsecount="2"/>
        <line num="65" count="0" type="stmt"/>
        <line num="66" count="0" type="cond" truecount="0" falsecount="2"/>
        <line num="67" count="0" type="cond" truecount="0" falsecount="2"/>
        <line num="68" count="0" type="cond" truecount="0" falsecount="2"/>
        <line num="69" count="0" type="cond" truecount="0" falsecount="2"/>
        <line num="70" count="0" type="cond" truecount="0" falsecount="2"/>
        <line num="71" count="0" type="cond" truecount="0" falsecount="2"/>
        <line num="72" count="0" type="cond" truecount="0" falsecount="2"/>
        <line num="75" count="0" type="cond" truecount="0" falsecount="2"/>
        <line num="76" count="0" type="cond" truecount="0" falsecount="2"/>
        <line num="77" count="0" type="cond" truecount="0" falsecount="2"/>
        <line num="78" count="0" type="cond" truecount="0" falsecount="2"/>
        <line num="79" count="0" type="cond" truecount="0" falsecount="2"/>
        <line num="80" count="0" type="cond" truecount="0" falsecount="2"/>
        <line num="81" count="0" type="cond" truecount="0" falsecount="2"/>
        <line num="82" count="0" type="cond" truecount="0" falsecount="2"/>
        <line num="85" count="0" type="stmt"/>
        <line num="86" count="0" type="stmt"/>
        <line num="87" count="0" type="stmt"/>
        <line num="88" count="0" type="stmt"/>
        <line num="89" count="0" type="stmt"/>
        <line num="90" count="0" type="stmt"/>
        <line num="93" count="0" type="stmt"/>
        <line num="95" count="0" type="stmt"/>
        <line num="96" count="0" type="stmt"/>
        <line num="97" count="0" type="stmt"/>
        <line num="98" count="0" type="stmt"/>
        <line num="99" count="0" type="stmt"/>
        <line num="102" count="0" type="stmt"/>
        <line num="108" count="0" type="stmt"/>
        <line num="112" count="0" type="cond" truecount="0" falsecount="2"/>
        <line num="113" count="0" type="stmt"/>
        <line num="114" count="0" type="cond" truecount="0" falsecount="2"/>
        <line num="115" count="0" type="stmt"/>
        <line num="116" count="0" type="cond" truecount="0" falsecount="2"/>
        <line num="117" count="0" type="stmt"/>
        <line num="119" count="0" type="stmt"/>
        <line num="121" count="0" type="stmt"/>
        <line num="124" count="0" type="cond" truecount="0" falsecount="3"/>
        <line num="125" count="0" type="stmt"/>
        <line num="128" count="0" type="stmt"/>
        <line num="129" count="0" type="stmt"/>
        <line num="132" count="0" type="stmt"/>
        <line num="133" count="0" type="stmt"/>
        <line num="134" count="0" type="stmt"/>
        <line num="146" count="0" type="stmt"/>
        <line num="147" count="0" type="stmt"/>
        <line num="151" count="0" type="stmt"/>
        <line num="152" count="0" type="stmt"/>
        <line num="154" count="0" type="stmt"/>
        <line num="175" count="0" type="stmt"/>
        <line num="176" count="0" type="stmt"/>
        <line num="180" count="0" type="stmt"/>
        <line num="181" count="0" type="cond" truecount="0" falsecount="6"/>
        <line num="182" count="0" type="stmt"/>
        <line num="183" count="0" type="stmt"/>
        <line num="184" count="0" type="stmt"/>
        <line num="185" count="0" type="stmt"/>
        <line num="186" count="0" type="stmt"/>
        <line num="187" count="0" type="stmt"/>
        <line num="192" count="0" type="stmt"/>
        <line num="193" count="0" type="stmt"/>
        <line num="200" count="0" type="stmt"/>
        <line num="207" count="0" type="stmt"/>
        <line num="340" count="0" type="stmt"/>
        <line num="368" count="0" type="stmt"/>
        <line num="392" count="0" type="stmt"/>
        <line num="416" count="0" type="stmt"/>
        <line num="445" count="0" type="stmt"/>
        <line num="469" count="0" type="stmt"/>
        <line num="484" count="0" type="stmt"/>
        <line num="502" count="0" type="stmt"/>
        <line num="537" count="0" type="stmt"/>
      </file>
      <file name="RegulatoryReportGenerator.tsx" path="/Users/abraham/Developer/active/ndpr-toolkit/packages/ndpr-toolkit/src/components/breach/RegulatoryReportGenerator.tsx">
        <metrics statements="60" coveredstatements="0" conditionals="59" coveredconditionals="0" methods="16" coveredmethods="0"/>
        <line num="1" count="0" type="stmt"/>
        <line num="115" count="0" type="stmt"/>
        <line num="116" count="0" type="stmt"/>
        <line num="117" count="0" type="stmt"/>
        <line num="118" count="0" type="stmt"/>
        <line num="119" count="0" type="stmt"/>
        <line num="120" count="0" type="cond" truecount="0" falsecount="2"/>
        <line num="121" count="0" type="cond" truecount="0" falsecount="2"/>
        <line num="122" count="0" type="cond" truecount="0" falsecount="2"/>
        <line num="123" count="0" type="cond" truecount="0" falsecount="2"/>
        <line num="124" count="0" type="cond" truecount="0" falsecount="2"/>
        <line num="125" count="0" type="cond" truecount="0" falsecount="2"/>
        <line num="126" count="0" type="cond" truecount="0" falsecount="2"/>
        <line num="127" count="0" type="cond" truecount="0" falsecount="2"/>
        <line num="128" count="0" type="cond" truecount="0" falsecount="2"/>
        <line num="131" count="0" type="stmt"/>
        <line num="132" count="0" type="stmt"/>
        <line num="133" count="0" type="stmt"/>
        <line num="134" count="0" type="stmt"/>
        <line num="135" count="0" type="stmt"/>
        <line num="136" count="0" type="stmt"/>
        <line num="137" count="0" type="stmt"/>
        <line num="138" count="0" type="stmt"/>
        <line num="139" count="0" type="stmt"/>
        <line num="142" count="0" type="stmt"/>
        <line num="143" count="0" type="cond" truecount="0" falsecount="1"/>
        <line num="144" count="0" type="stmt"/>
        <line num="145" count="0" type="stmt"/>
        <line num="146" count="0" type="stmt"/>
        <line num="151" count="0" type="stmt"/>
        <line num="152" count="0" type="stmt"/>
        <line num="160" count="0" type="stmt"/>
        <line num="161" count="0" type="stmt"/>
        <line num="162" count="0" type="stmt"/>
        <line num="168" count="0" type="stmt"/>
        <line num="242" count="0" type="stmt"/>
        <line num="243" count="0" type="stmt"/>
        <line num="245" count="0" type="stmt"/>
        <line num="260" count="0" type="stmt"/>
        <line num="261" count="0" type="stmt"/>
        <line num="265" count="0" type="stmt"/>
        <line num="269" count="0" type="stmt"/>
        <line num="270" count="0" type="stmt"/>
        <line num="271" count="0" type="stmt"/>
        <line num="272" count="0" type="stmt"/>
        <line num="273" count="0" type="stmt"/>
        <line num="274" count="0" type="stmt"/>
        <line num="275" count="0" type="stmt"/>
        <line num="279" count="0" type="stmt"/>
        <line num="280" count="0" type="stmt"/>
        <line num="287" count="0" type="stmt"/>
        <line num="294" count="0" type="stmt"/>
        <line num="347" count="0" type="stmt"/>
        <line num="368" count="0" type="stmt"/>
        <line num="384" count="0" type="stmt"/>
        <line num="404" count="0" type="stmt"/>
        <line num="417" count="0" type="stmt"/>
        <line num="430" count="0" type="stmt"/>
        <line num="447" count="0" type="stmt"/>
        <line num="466" count="0" type="stmt"/>
      </file>
    </package>
    <package name="src.components.consent">
      <metrics statements="191" coveredstatements="140" conditionals="161" coveredconditionals="89" methods="33" coveredmethods="25"/>
      <file name="ConsentBanner.tsx" path="/Users/abraham/Developer/active/ndpr-toolkit/packages/ndpr-toolkit/src/components/consent/ConsentBanner.tsx">
        <metrics statements="58" coveredstatements="51" conditionals="45" coveredconditionals="28" methods="15" coveredmethods="12"/>
        <line num="1" count="1" type="stmt"/>
        <line num="96" count="1" type="stmt"/>
        <line num="97" count="18" type="stmt"/>
        <line num="98" count="18" type="stmt"/>
        <line num="99" count="18" type="cond" truecount="1" falsecount="1"/>
        <line num="100" count="18" type="cond" truecount="1" falsecount="1"/>
        <line num="101" count="18" type="cond" truecount="1" falsecount="1"/>
        <line num="102" count="18" type="cond" truecount="1" falsecount="1"/>
        <line num="103" count="18" type="cond" truecount="1" falsecount="1"/>
        <line num="104" count="18" type="cond" truecount="1" falsecount="1"/>
        <line num="105" count="18" type="cond" truecount="1" falsecount="1"/>
        <line num="106" count="18" type="cond" truecount="1" falsecount="1"/>
        <line num="107" count="18" type="stmt"/>
        <line num="108" count="18" type="cond" truecount="1" falsecount="1"/>
        <line num="109" count="18" type="cond" truecount="1" falsecount="1"/>
        <line num="110" count="18" type="cond" truecount="1" falsecount="1"/>
        <line num="111" count="18" type="cond" truecount="1" falsecount="1"/>
        <line num="112" count="18" type="cond" truecount="1" falsecount="1"/>
        <line num="114" count="18" type="stmt"/>
        <line num="115" count="18" type="stmt"/>
        <line num="116" count="18" type="stmt"/>
        <line num="119" count="18" type="stmt"/>
        <line num="120" count="6" type="stmt"/>
        <line num="121" count="6" type="stmt"/>
        <line num="122" count="18" type="cond" truecount="2" falsecount="0"/>
        <line num="124" count="6" type="stmt"/>
        <line num="127" count="6" type="cond" truecount="1" falsecount="1"/>
        <line num="128" count="0" type="stmt"/>
        <line num="129" count="0" type="stmt"/>
        <line num="131" count="6" type="stmt"/>
        <line num="135" count="18" type="stmt"/>
        <line num="136" count="1" type="stmt"/>
        <line num="137" count="1" type="stmt"/>
        <line num="138" count="3" type="stmt"/>
        <line num="140" count="1" type="stmt"/>
        <line num="143" count="18" type="stmt"/>
        <line num="144" count="0" type="stmt"/>
        <line num="145" count="0" type="stmt"/>
        <line num="146" count="0" type="cond" truecount="0" falsecount="2"/>
        <line num="148" count="0" type="stmt"/>
        <line num="151" count="18" type="stmt"/>
        <line num="152" count="1" type="stmt"/>
        <line num="158" count="18" type="stmt"/>
        <line num="159" count="1" type="stmt"/>
        <line num="162" count="18" type="stmt"/>
        <line num="163" count="2" type="stmt"/>
        <line num="172" count="2" type="stmt"/>
        <line num="175" count="2" type="stmt"/>
        <line num="178" count="2" type="stmt"/>
        <line num="179" count="2" type="stmt"/>
        <line num="182" count="18" type="cond" truecount="1" falsecount="0"/>
        <line num="183" count="8" type="stmt"/>
        <line num="187" count="10" type="cond" truecount="2" falsecount="0"/>
        <line num="191" count="10" type="stmt"/>
        <line num="204" count="12" type="stmt"/>
        <line num="211" count="1" type="stmt"/>
        <line num="234" count="0" type="stmt"/>
        <line num="256" count="3" type="stmt"/>
      </file>
      <file name="ConsentManager.tsx" path="/Users/abraham/Developer/active/ndpr-toolkit/packages/ndpr-toolkit/src/components/consent/ConsentManager.tsx">
        <metrics statements="43" coveredstatements="37" conditionals="45" coveredconditionals="28" methods="11" coveredmethods="8"/>
        <line num="1" count="1" type="stmt"/>
        <line num="89" count="1" type="stmt"/>
        <line num="90" count="13" type="stmt"/>
        <line num="91" count="13" type="stmt"/>
        <line num="92" count="13" type="stmt"/>
        <line num="93" count="13" type="cond" truecount="1" falsecount="1"/>
        <line num="94" count="13" type="cond" truecount="1" falsecount="1"/>
        <line num="95" count="13" type="cond" truecount="1" falsecount="1"/>
        <line num="96" count="13" type="cond" truecount="1" falsecount="1"/>
        <line num="97" count="13" type="cond" truecount="1" falsecount="1"/>
        <line num="98" count="13" type="cond" truecount="1" falsecount="1"/>
        <line num="99" count="13" type="cond" truecount="1" falsecount="1"/>
        <line num="100" count="13" type="cond" truecount="1" falsecount="1"/>
        <line num="101" count="13" type="cond" truecount="1" falsecount="1"/>
        <line num="102" count="13" type="cond" truecount="1" falsecount="1"/>
        <line num="103" count="13" type="cond" truecount="1" falsecount="1"/>
        <line num="104" count="13" type="cond" truecount="1" falsecount="1"/>
        <line num="106" count="13" type="stmt"/>
        <line num="107" count="13" type="stmt"/>
        <line num="110" count="13" type="stmt"/>
        <line num="111" count="5" type="cond" truecount="2" falsecount="2"/>
        <line num="112" count="0" type="stmt"/>
        <line num="114" count="5" type="stmt"/>
        <line num="115" count="5" type="stmt"/>
        <line num="116" count="8" type="cond" truecount="2" falsecount="0"/>
        <line num="118" count="5" type="stmt"/>
        <line num="122" count="13" type="stmt"/>
        <line num="123" count="1" type="stmt"/>
        <line num="129" count="13" type="stmt"/>
        <line num="130" count="2" type="stmt"/>
        <line num="138" count="2" type="stmt"/>
        <line num="140" count="2" type="cond" truecount="1" falsecount="0"/>
        <line num="141" count="2" type="stmt"/>
        <line num="142" count="2" type="stmt"/>
        <line num="143" count="0" type="stmt"/>
        <line num="148" count="13" type="stmt"/>
        <line num="149" count="0" type="stmt"/>
        <line num="150" count="0" type="stmt"/>
        <line num="151" count="0" type="cond" truecount="0" falsecount="2"/>
        <line num="153" count="0" type="stmt"/>
        <line num="156" count="13" type="stmt"/>
        <line num="162" count="22" type="stmt"/>
        <line num="175" count="1" type="stmt"/>
      </file>
      <file name="ConsentStorage.tsx" path="/Users/abraham/Developer/active/ndpr-toolkit/packages/ndpr-toolkit/src/components/consent/ConsentStorage.tsx">
        <metrics statements="90" coveredstatements="52" conditionals="71" coveredconditionals="33" methods="7" coveredmethods="5"/>
        <line num="1" count="1" type="stmt"/>
        <line num="49" count="1" type="stmt"/>
        <line num="50" count="13" type="stmt"/>
        <line num="51" count="13" type="cond" truecount="1" falsecount="1"/>
        <line num="52" count="13" type="stmt"/>
        <line num="53" count="13" type="stmt"/>
        <line num="54" count="13" type="cond" truecount="2" falsecount="0"/>
        <line num="55" count="13" type="cond" truecount="2" falsecount="0"/>
        <line num="56" count="13" type="stmt"/>
        <line num="59" count="13" type="cond" truecount="1" falsecount="1"/>
        <line num="60" count="13" type="cond" truecount="1" falsecount="1"/>
        <line num="61" count="13" type="cond" truecount="1" falsecount="1"/>
        <line num="62" count="39" type="stmt"/>
        <line num="64" count="13" type="stmt"/>
        <line num="67" count="13" type="stmt"/>
        <line num="68" count="13" type="cond" truecount="3" falsecount="0"/>
        <line num="69" count="6" type="stmt"/>
        <line num="74" count="13" type="stmt"/>
        <line num="75" count="13" type="cond" truecount="3" falsecount="0"/>
        <line num="76" count="6" type="stmt"/>
        <line num="81" count="13" type="stmt"/>
        <line num="82" count="6" type="stmt"/>
        <line num="84" count="6" type="stmt"/>
        <line num="85" count="6" type="cond" truecount="4" falsecount="0"/>
        <line num="86" count="4" type="stmt"/>
        <line num="87" count="4" type="cond" truecount="1" falsecount="0"/>
        <line num="88" count="2" type="stmt"/>
        <line num="90" count="2" type="cond" truecount="3" falsecount="1"/>
        <line num="91" count="2" type="stmt"/>
        <line num="92" count="2" type="cond" truecount="1" falsecount="0"/>
        <line num="93" count="1" type="stmt"/>
        <line num="95" count="0" type="cond" truecount="0" falsecount="3"/>
        <line num="96" count="0" type="stmt"/>
        <line num="97" count="0" type="stmt"/>
        <line num="98" count="0" type="cond" truecount="0" falsecount="1"/>
        <line num="99" count="0" type="stmt"/>
        <line num="100" count="0" type="stmt"/>
        <line num="104" count="5" type="stmt"/>
        <line num="106" count="5" type="cond" truecount="1" falsecount="0"/>
        <line num="107" count="5" type="stmt"/>
        <line num="110" count="1" type="stmt"/>
        <line num="111" count="1" type="stmt"/>
        <line num="113" count="1" type="cond" truecount="1" falsecount="0"/>
        <line num="114" count="1" type="stmt"/>
        <line num="118" count="6" type="stmt"/>
        <line num="122" count="13" type="stmt"/>
        <line num="123" count="6" type="stmt"/>
        <line num="124" count="6" type="stmt"/>
        <line num="126" count="6" type="cond" truecount="4" falsecount="0"/>
        <line num="127" count="4" type="stmt"/>
        <line num="128" count="2" type="cond" truecount="3" falsecount="1"/>
        <line num="129" count="2" type="stmt"/>
        <line num="130" count="0" type="cond" truecount="0" falsecount="3"/>
        <line num="133" count="0" type="cond" truecount="0" falsecount="2"/>
        <line num="134" count="0" type="cond" truecount="0" falsecount="2"/>
        <line num="135" count="0" type="cond" truecount="0" falsecount="2"/>
        <line num="136" count="0" type="cond" truecount="0" falsecount="2"/>
        <line num="137" count="0" type="stmt"/>
        <line num="139" count="0" type="stmt"/>
        <line num="140" count="0" type="stmt"/>
        <line num="142" count="0" type="stmt"/>
        <line num="144" count="0" type="cond" truecount="0" falsecount="1"/>
        <line num="145" count="0" type="stmt"/>
        <line num="148" count="0" type="cond" truecount="0" falsecount="1"/>
        <line num="149" count="0" type="stmt"/>
        <line num="152" count="0" type="stmt"/>
        <line num="154" count="0" type="stmt"/>
        <line num="157" count="6" type="cond" truecount="1" falsecount="0"/>
        <line num="158" count="6" type="stmt"/>
        <line num="161" count="6" type="stmt"/>
        <line num="163" count="0" type="stmt"/>
        <line num="164" count="0" type="stmt"/>
        <line num="169" count="13" type="stmt"/>
        <line num="170" count="0" type="stmt"/>
        <line num="171" count="0" type="cond" truecount="0" falsecount="4"/>
        <line num="172" count="0" type="stmt"/>
        <line num="173" count="0" type="cond" truecount="0" falsecount="4"/>
        <line num="174" count="0" type="stmt"/>
        <line num="175" count="0" type="cond" truecount="0" falsecount="3"/>
        <line num="176" count="0" type="cond" truecount="0" falsecount="2"/>
        <line num="178" count="0" type="stmt"/>
        <line num="180" count="0" type="cond" truecount="0" falsecount="1"/>
        <line num="181" count="0" type="stmt"/>
        <line num="184" count="0" type="stmt"/>
        <line num="187" count="0" type="stmt"/>
        <line num="189" count="0" type="stmt"/>
        <line num="190" count="0" type="stmt"/>
        <line num="195" count="13" type="cond" truecount="0" falsecount="1"/>
        <line num="196" count="0" type="stmt"/>
        <line num="205" count="13" type="stmt"/>
      </file>
    </package>
    <package name="src.components.cross-border">
      <metrics statements="155" coveredstatements="0" conditionals="194" coveredconditionals="0" methods="76" coveredmethods="0"/>
      <file name="CrossBorderTransferManager.tsx" path="/Users/abraham/Developer/active/ndpr-toolkit/packages/ndpr-toolkit/src/components/cross-border/CrossBorderTransferManager.tsx">
        <metrics statements="155" coveredstatements="0" conditionals="194" coveredconditionals="0" methods="76" coveredmethods="0"/>
        <line num="1" count="0" type="stmt"/>
        <line num="8" count="0" type="stmt"/>
        <line num="80" count="0" type="stmt"/>
        <line num="92" count="0" type="stmt"/>
        <line num="99" count="0" type="stmt"/>
        <line num="105" count="0" type="stmt"/>
        <line num="138" count="0" type="stmt"/>
        <line num="164" count="0" type="stmt"/>
        <line num="165" count="0" type="stmt"/>
        <line num="166" count="0" type="stmt"/>
        <line num="167" count="0" type="stmt"/>
        <line num="168" count="0" type="stmt"/>
        <line num="169" count="0" type="stmt"/>
        <line num="170" count="0" type="cond" truecount="0" falsecount="2"/>
        <line num="171" count="0" type="cond" truecount="0" falsecount="2"/>
        <line num="172" count="0" type="cond" truecount="0" falsecount="2"/>
        <line num="173" count="0" type="cond" truecount="0" falsecount="2"/>
        <line num="174" count="0" type="cond" truecount="0" falsecount="2"/>
        <line num="175" count="0" type="cond" truecount="0" falsecount="2"/>
        <line num="177" count="0" type="stmt"/>
        <line num="178" count="0" type="stmt"/>
        <line num="179" count="0" type="stmt"/>
        <line num="180" count="0" type="stmt"/>
        <line num="181" count="0" type="stmt"/>
        <line num="182" count="0" type="stmt"/>
        <line num="183" count="0" type="stmt"/>
        <line num="186" count="0" type="stmt"/>
        <line num="188" count="0" type="stmt"/>
        <line num="189" count="0" type="stmt"/>
        <line num="191" count="0" type="cond" truecount="0" falsecount="1"/>
        <line num="192" count="0" type="stmt"/>
        <line num="195" count="0" type="cond" truecount="0" falsecount="1"/>
        <line num="196" count="0" type="stmt"/>
        <line num="199" count="0" type="stmt"/>
        <line num="200" count="0" type="stmt"/>
        <line num="204" count="0" type="stmt"/>
        <line num="205" count="0" type="cond" truecount="0" falsecount="3"/>
        <line num="206" count="0" type="stmt"/>
        <line num="210" count="0" type="cond" truecount="0" falsecount="2"/>
        <line num="211" count="0" type="stmt"/>
        <line num="214" count="0" type="stmt"/>
        <line num="215" count="0" type="stmt"/>
        <line num="219" count="0" type="stmt"/>
        <line num="220" count="0" type="stmt"/>
        <line num="221" count="0" type="stmt"/>
        <line num="222" count="0" type="stmt"/>
        <line num="226" count="0" type="stmt"/>
        <line num="227" count="0" type="stmt"/>
        <line num="228" count="0" type="stmt"/>
        <line num="232" count="0" type="stmt"/>
        <line num="233" count="0" type="stmt"/>
        <line num="234" count="0" type="stmt"/>
        <line num="259" count="0" type="stmt"/>
        <line num="263" count="0" type="stmt"/>
        <line num="267" count="0" type="stmt"/>
        <line num="271" count="0" type="stmt"/>
        <line num="272" count="0" type="stmt"/>
        <line num="273" count="0" type="stmt"/>
        <line num="275" count="0" type="stmt"/>
        <line num="282" count="0" type="stmt"/>
        <line num="298" count="0" type="stmt"/>
        <line num="322" count="0" type="stmt"/>
        <line num="323" count="0" type="stmt"/>
        <line num="326" count="0" type="stmt"/>
        <line num="333" count="0" type="stmt"/>
        <line num="334" count="0" type="stmt"/>
        <line num="336" count="0" type="cond" truecount="0" falsecount="1"/>
        <line num="337" count="0" type="stmt"/>
        <line num="340" count="0" type="cond" truecount="0" falsecount="2"/>
        <line num="341" count="0" type="cond" truecount="0" falsecount="1"/>
        <line num="342" count="0" type="stmt"/>
        <line num="345" count="0" type="cond" truecount="0" falsecount="1"/>
        <line num="346" count="0" type="stmt"/>
        <line num="350" count="0" type="stmt"/>
        <line num="351" count="0" type="stmt"/>
        <line num="355" count="0" type="stmt"/>
        <line num="356" count="0" type="cond" truecount="0" falsecount="1"/>
        <line num="357" count="0" type="stmt"/>
        <line num="359" count="0" type="cond" truecount="0" falsecount="1"/>
        <line num="360" count="0" type="stmt"/>
        <line num="365" count="0" type="stmt"/>
        <line num="366" count="0" type="stmt"/>
        <line num="372" count="0" type="stmt"/>
        <line num="380" count="0" type="stmt"/>
        <line num="381" count="0" type="stmt"/>
        <line num="388" count="0" type="stmt"/>
        <line num="395" count="0" type="stmt"/>
        <line num="403" count="0" type="stmt"/>
        <line num="404" count="0" type="stmt"/>
        <line num="405" count="0" type="cond" truecount="0" falsecount="6"/>
        <line num="407" count="0" type="stmt"/>
        <line num="421" count="0" type="stmt"/>
        <line num="422" count="0" type="cond" truecount="0" falsecount="2"/>
        <line num="423" count="0" type="stmt"/>
        <line num="425" count="0" type="cond" truecount="0" falsecount="11"/>
        <line num="427" count="0" type="cond" truecount="0" falsecount="2"/>
        <line num="428" count="0" type="cond" truecount="0" falsecount="2"/>
        <line num="435" count="0" type="stmt"/>
        <line num="466" count="0" type="stmt"/>
        <line num="467" count="0" type="stmt"/>
        <line num="469" count="0" type="stmt"/>
        <line num="477" count="0" type="stmt"/>
        <line num="478" count="0" type="stmt"/>
        <line num="493" count="0" type="stmt"/>
        <line num="504" count="0" type="stmt"/>
        <line num="520" count="0" type="stmt"/>
        <line num="532" count="0" type="stmt"/>
        <line num="547" count="0" type="stmt"/>
        <line num="561" count="0" type="stmt"/>
        <line num="565" count="0" type="stmt"/>
        <line num="578" count="0" type="stmt"/>
        <line num="581" count="0" type="stmt"/>
        <line num="594" count="0" type="stmt"/>
        <line num="611" count="0" type="stmt"/>
        <line num="623" count="0" type="stmt"/>
        <line num="637" count="0" type="stmt"/>
        <line num="651" count="0" type="stmt"/>
        <line num="665" count="0" type="stmt"/>
        <line num="677" count="0" type="stmt"/>
        <line num="689" count="0" type="stmt"/>
        <line num="702" count="0" type="stmt"/>
        <line num="716" count="0" type="stmt"/>
        <line num="730" count="0" type="stmt"/>
        <line num="742" count="0" type="stmt"/>
        <line num="745" count="0" type="stmt"/>
        <line num="758" count="0" type="stmt"/>
        <line num="761" count="0" type="stmt"/>
        <line num="786" count="0" type="stmt"/>
        <line num="798" count="0" type="stmt"/>
        <line num="810" count="0" type="stmt"/>
        <line num="829" count="0" type="stmt"/>
        <line num="841" count="0" type="stmt"/>
        <line num="854" count="0" type="stmt"/>
        <line num="855" count="0" type="stmt"/>
        <line num="873" count="0" type="stmt"/>
        <line num="874" count="0" type="stmt"/>
        <line num="875" count="0" type="stmt"/>
        <line num="877" count="0" type="stmt"/>
        <line num="896" count="0" type="stmt"/>
        <line num="907" count="0" type="stmt"/>
        <line num="923" count="0" type="cond" truecount="0" falsecount="4"/>
        <line num="927" count="0" type="cond" truecount="0" falsecount="4"/>
        <line num="986" count="0" type="stmt"/>
        <line num="1001" count="0" type="stmt"/>
        <line num="1020" count="0" type="stmt"/>
        <line num="1031" count="0" type="stmt"/>
        <line num="1109" count="0" type="stmt"/>
        <line num="1115" count="0" type="stmt"/>
        <line num="1125" count="0" type="stmt"/>
        <line num="1157" count="0" type="stmt"/>
        <line num="1161" count="0" type="stmt"/>
        <line num="1175" count="0" type="stmt"/>
        <line num="1179" count="0" type="stmt"/>
        <line num="1200" count="0" type="stmt"/>
        <line num="1208" count="0" type="stmt"/>
      </file>
    </package>
    <package name="src.components.dpia">
      <metrics statements="121" coveredstatements="0" conditionals="198" coveredconditionals="0" methods="37" coveredmethods="0"/>
      <file name="DPIAQuestionnaire.tsx" path="/Users/abraham/Developer/active/ndpr-toolkit/packages/ndpr-toolkit/src/components/dpia/DPIAQuestionnaire.tsx">
        <metrics statements="53" coveredstatements="0" conditionals="101" coveredconditionals="0" methods="16" coveredmethods="0"/>
        <line num="1" count="0" type="stmt"/>
        <line num="86" count="0" type="stmt"/>
        <line num="87" count="0" type="stmt"/>
        <line num="88" count="0" type="stmt"/>
        <line num="89" count="0" type="stmt"/>
        <line num="90" count="0" type="stmt"/>
        <line num="91" count="0" type="stmt"/>
        <line num="92" count="0" type="stmt"/>
        <line num="93" count="0" type="cond" truecount="0" falsecount="2"/>
        <line num="94" count="0" type="cond" truecount="0" falsecount="2"/>
        <line num="95" count="0" type="cond" truecount="0" falsecount="2"/>
        <line num="96" count="0" type="cond" truecount="0" falsecount="2"/>
        <line num="97" count="0" type="cond" truecount="0" falsecount="2"/>
        <line num="98" count="0" type="cond" truecount="0" falsecount="2"/>
        <line num="99" count="0" type="cond" truecount="0" falsecount="2"/>
        <line num="100" count="0" type="cond" truecount="0" falsecount="2"/>
        <line num="101" count="0" type="stmt"/>
        <line num="103" count="0" type="stmt"/>
        <line num="104" count="0" type="stmt"/>
        <line num="107" count="0" type="stmt"/>
        <line num="108" count="0" type="cond" truecount="0" falsecount="1"/>
        <line num="109" count="0" type="stmt"/>
        <line num="112" count="0" type="stmt"/>
        <line num="113" count="0" type="stmt"/>
        <line num="115" count="0" type="cond" truecount="0" falsecount="5"/>
        <line num="117" count="0" type="stmt"/>
        <line num="119" count="0" type="cond" truecount="0" falsecount="2"/>
        <line num="121" count="0" type="cond" truecount="0" falsecount="2"/>
        <line num="123" count="0" type="cond" truecount="0" falsecount="2"/>
        <line num="125" count="0" type="stmt"/>
        <line num="131" count="0" type="stmt"/>
        <line num="132" count="0" type="cond" truecount="0" falsecount="1"/>
        <line num="133" count="0" type="stmt"/>
        <line num="136" count="0" type="stmt"/>
        <line num="137" count="0" type="stmt"/>
        <line num="139" count="0" type="stmt"/>
        <line num="156" count="0" type="stmt"/>
        <line num="168" count="0" type="stmt"/>
        <line num="181" count="0" type="stmt"/>
        <line num="188" count="0" type="stmt"/>
        <line num="198" count="0" type="stmt"/>
        <line num="206" count="0" type="stmt"/>
        <line num="232" count="0" type="stmt"/>
        <line num="240" count="0" type="cond" truecount="0" falsecount="2"/>
        <line num="241" count="0" type="cond" truecount="0" falsecount="2"/>
        <line num="242" count="0" type="stmt"/>
        <line num="244" count="0" type="stmt"/>
        <line num="264" count="0" type="cond" truecount="0" falsecount="2"/>
        <line num="276" count="0" type="stmt"/>
        <line num="291" count="0" type="cond" truecount="0" falsecount="1"/>
        <line num="292" count="0" type="stmt"/>
        <line num="295" count="0" type="stmt"/>
        <line num="318" count="0" type="stmt"/>
      </file>
      <file name="DPIAReport.tsx" path="/Users/abraham/Developer/active/ndpr-toolkit/packages/ndpr-toolkit/src/components/dpia/DPIAReport.tsx">
        <metrics statements="49" coveredstatements="0" conditionals="48" coveredconditionals="0" methods="17" coveredmethods="0"/>
        <line num="1" count="0" type="stmt"/>
        <line num="49" count="0" type="stmt"/>
        <line num="50" count="0" type="stmt"/>
        <line num="51" count="0" type="stmt"/>
        <line num="52" count="0" type="cond" truecount="0" falsecount="2"/>
        <line num="53" count="0" type="cond" truecount="0" falsecount="2"/>
        <line num="54" count="0" type="cond" truecount="0" falsecount="2"/>
        <line num="55" count="0" type="stmt"/>
        <line num="56" count="0" type="cond" truecount="0" falsecount="2"/>
        <line num="57" count="0" type="cond" truecount="0" falsecount="2"/>
        <line num="60" count="0" type="stmt"/>
        <line num="61" count="0" type="stmt"/>
        <line num="69" count="0" type="stmt"/>
        <line num="70" count="0" type="stmt"/>
        <line num="71" count="0" type="cond" truecount="0" falsecount="6"/>
        <line num="75" count="0" type="stmt"/>
        <line num="76" count="0" type="stmt"/>
        <line num="78" count="0" type="stmt"/>
        <line num="79" count="0" type="stmt"/>
        <line num="80" count="0" type="cond" truecount="0" falsecount="1"/>
        <line num="81" count="0" type="stmt"/>
        <line num="85" count="0" type="stmt"/>
        <line num="89" count="0" type="stmt"/>
        <line num="90" count="0" type="stmt"/>
        <line num="92" count="0" type="cond" truecount="0" falsecount="3"/>
        <line num="93" count="0" type="stmt"/>
        <line num="96" count="0" type="cond" truecount="0" falsecount="1"/>
        <line num="97" count="0" type="cond" truecount="0" falsecount="2"/>
        <line num="100" count="0" type="cond" truecount="0" falsecount="1"/>
        <line num="101" count="0" type="stmt"/>
        <line num="104" count="0" type="stmt"/>
        <line num="108" count="0" type="stmt"/>
        <line num="109" count="0" type="stmt"/>
        <line num="113" count="0" type="stmt"/>
        <line num="114" count="0" type="cond" truecount="0" falsecount="1"/>
        <line num="115" count="0" type="stmt"/>
        <line num="120" count="0" type="stmt"/>
        <line num="121" count="0" type="stmt"/>
        <line num="128" count="0" type="stmt"/>
        <line num="135" count="0" type="stmt"/>
        <line num="168" count="0" type="stmt"/>
        <line num="242" count="0" type="stmt"/>
        <line num="282" count="0" type="stmt"/>
        <line num="319" count="0" type="stmt"/>
        <line num="320" count="0" type="stmt"/>
        <line num="323" count="0" type="cond" truecount="0" falsecount="1"/>
        <line num="324" count="0" type="stmt"/>
        <line num="327" count="0" type="stmt"/>
        <line num="346" count="0" type="stmt"/>
      </file>
      <file name="StepIndicator.tsx" path="/Users/abraham/Developer/active/ndpr-toolkit/packages/ndpr-toolkit/src/components/dpia/StepIndicator.tsx">
        <metrics statements="19" coveredstatements="0" conditionals="49" coveredconditionals="0" methods="4" coveredmethods="0"/>
        <line num="1" count="0" type="stmt"/>
        <line num="79" count="0" type="stmt"/>
        <line num="80" count="0" type="stmt"/>
        <line num="81" count="0" type="stmt"/>
        <line num="82" count="0" type="cond" truecount="0" falsecount="2"/>
        <line num="83" count="0" type="cond" truecount="0" falsecount="2"/>
        <line num="84" count="0" type="cond" truecount="0" falsecount="2"/>
        <line num="85" count="0" type="cond" truecount="0" falsecount="2"/>
        <line num="86" count="0" type="cond" truecount="0" falsecount="2"/>
        <line num="87" count="0" type="cond" truecount="0" falsecount="2"/>
        <line num="89" count="0" type="stmt"/>
        <line num="90" count="0" type="cond" truecount="0" falsecount="3"/>
        <line num="91" count="0" type="stmt"/>
        <line num="95" count="0" type="stmt"/>
        <line num="97" count="0" type="stmt"/>
        <line num="106" count="0" type="stmt"/>
        <line num="107" count="0" type="cond" truecount="0" falsecount="2"/>
        <line num="113" count="0" type="stmt"/>
        <line num="120" count="0" type="stmt"/>
      </file>
    </package>
    <package name="src.components.dsr">
      <metrics statements="343" coveredstatements="240" conditionals="369" coveredconditionals="187" methods="102" coveredmethods="57"/>
      <file name="DSRDashboard.tsx" path="/Users/abraham/Developer/active/ndpr-toolkit/packages/ndpr-toolkit/src/components/dsr/DSRDashboard.tsx">
        <metrics statements="131" coveredstatements="78" conditionals="123" coveredconditionals="51" methods="34" coveredmethods="17"/>
        <line num="1" count="1" type="stmt"/>
        <line num="3" count="1" type="stmt"/>
        <line num="72" count="1" type="stmt"/>
        <line num="73" count="16" type="stmt"/>
        <line num="74" count="16" type="stmt"/>
        <line num="75" count="16" type="stmt"/>
        <line num="76" count="16" type="stmt"/>
        <line num="77" count="16" type="cond" truecount="2" falsecount="0"/>
        <line num="78" count="16" type="cond" truecount="2" falsecount="0"/>
        <line num="79" count="16" type="cond" truecount="2" falsecount="0"/>
        <line num="80" count="16" type="cond" truecount="1" falsecount="1"/>
        <line num="81" count="16" type="cond" truecount="1" falsecount="1"/>
        <line num="82" count="16" type="cond" truecount="1" falsecount="1"/>
        <line num="83" count="16" type="cond" truecount="1" falsecount="1"/>
        <line num="84" count="16" type="cond" truecount="1" falsecount="1"/>
        <line num="86" count="16" type="stmt"/>
        <line num="87" count="16" type="stmt"/>
        <line num="88" count="16" type="stmt"/>
        <line num="89" count="16" type="stmt"/>
        <line num="90" count="16" type="stmt"/>
        <line num="91" count="16" type="stmt"/>
        <line num="92" count="16" type="stmt"/>
        <line num="93" count="16" type="stmt"/>
        <line num="96" count="16" type="stmt"/>
        <line num="97" count="8" type="stmt"/>
        <line num="100" count="8" type="cond" truecount="0" falsecount="1"/>
        <line num="101" count="0" type="stmt"/>
        <line num="105" count="8" type="cond" truecount="0" falsecount="1"/>
        <line num="106" count="0" type="stmt"/>
        <line num="110" count="8" type="cond" truecount="0" falsecount="1"/>
        <line num="111" count="0" type="stmt"/>
        <line num="112" count="0" type="stmt"/>
        <line num="113" count="0" type="cond" truecount="0" falsecount="4"/>
        <line num="120" count="8" type="stmt"/>
        <line num="121" count="21" type="stmt"/>
        <line num="123" count="21" type="cond" truecount="1" falsecount="4"/>
        <line num="125" count="21" type="stmt"/>
        <line num="126" count="21" type="stmt"/>
        <line num="128" count="0" type="cond" truecount="0" falsecount="4"/>
        <line num="129" count="0" type="stmt"/>
        <line num="131" count="0" type="stmt"/>
        <line num="132" count="0" type="stmt"/>
        <line num="134" count="0" type="stmt"/>
        <line num="135" count="0" type="stmt"/>
        <line num="137" count="0" type="stmt"/>
        <line num="140" count="21" type="cond" truecount="1" falsecount="1"/>
        <line num="143" count="8" type="stmt"/>
        <line num="147" count="16" type="stmt"/>
        <line num="148" count="16" type="cond" truecount="3" falsecount="0"/>
        <line num="149" count="7" type="stmt"/>
        <line num="154" count="16" type="stmt"/>
        <line num="155" count="0" type="stmt"/>
        <line num="156" count="0" type="cond" truecount="0" falsecount="1"/>
        <line num="157" count="0" type="stmt"/>
        <line num="162" count="16" type="stmt"/>
        <line num="163" count="0" type="cond" truecount="0" falsecount="3"/>
        <line num="164" count="0" type="stmt"/>
        <line num="169" count="16" type="stmt"/>
        <line num="170" count="0" type="cond" truecount="0" falsecount="4"/>
        <line num="171" count="0" type="stmt"/>
        <line num="172" count="0" type="stmt"/>
        <line num="177" count="16" type="stmt"/>
        <line num="178" count="63" type="stmt"/>
        <line num="182" count="16" type="stmt"/>
        <line num="183" count="0" type="stmt"/>
        <line num="184" count="0" type="stmt"/>
        <line num="185" count="0" type="stmt"/>
        <line num="189" count="16" type="cond" truecount="2" falsecount="0"/>
        <line num="190" count="7" type="stmt"/>
        <line num="194" count="16" type="stmt"/>
        <line num="195" count="49" type="stmt"/>
        <line num="206" count="49" type="stmt"/>
        <line num="217" count="49" type="stmt"/>
        <line num="225" count="16" type="stmt"/>
        <line num="226" count="49" type="stmt"/>
        <line num="234" count="49" type="stmt"/>
        <line num="244" count="16" type="stmt"/>
        <line num="245" count="0" type="cond" truecount="0" falsecount="1"/>
        <line num="247" count="0" type="stmt"/>
        <line num="249" count="0" type="cond" truecount="0" falsecount="1"/>
        <line num="250" count="0" type="stmt"/>
        <line num="262" count="0" type="cond" truecount="0" falsecount="1"/>
        <line num="263" count="0" type="stmt"/>
        <line num="275" count="0" type="cond" truecount="0" falsecount="1"/>
        <line num="276" count="0" type="stmt"/>
        <line num="288" count="0" type="stmt"/>
        <line num="301" count="16" type="stmt"/>
        <line num="302" count="7" type="stmt"/>
        <line num="311" count="7" type="cond" truecount="1" falsecount="1"/>
        <line num="312" count="0" type="stmt"/>
        <line num="318" count="7" type="cond" truecount="0" falsecount="1"/>
        <line num="319" count="0" type="stmt"/>
        <line num="327" count="7" type="cond" truecount="3" falsecount="1"/>
        <line num="328" count="0" type="stmt"/>
        <line num="336" count="7" type="cond" truecount="1" falsecount="1"/>
        <line num="337" count="0" type="stmt"/>
        <line num="343" count="7" type="cond" truecount="0" falsecount="1"/>
        <line num="344" count="0" type="stmt"/>
        <line num="352" count="7" type="cond" truecount="0" falsecount="1"/>
        <line num="353" count="0" type="stmt"/>
        <line num="361" count="7" type="stmt"/>
        <line num="365" count="7" type="stmt"/>
        <line num="389" count="16" type="stmt"/>
        <line num="390" count="16" type="stmt"/>
        <line num="402" count="144" type="stmt"/>
        <line num="410" count="16" type="stmt"/>
        <line num="411" count="16" type="stmt"/>
        <line num="420" count="96" type="stmt"/>
        <line num="428" count="16" type="stmt"/>
        <line num="429" count="7" type="stmt"/>
        <line num="437" count="35" type="stmt"/>
        <line num="444" count="16" type="stmt"/>
        <line num="458" count="0" type="stmt"/>
        <line num="472" count="0" type="stmt"/>
        <line num="486" count="0" type="stmt"/>
        <line num="504" count="0" type="stmt"/>
        <line num="525" count="42" type="cond" truecount="1" falsecount="1"/>
        <line num="528" count="42" type="stmt"/>
        <line num="529" count="42" type="cond" truecount="0" falsecount="1"/>
        <line num="530" count="0" type="cond" truecount="0" falsecount="2"/>
        <line num="531" count="0" type="stmt"/>
        <line num="536" count="0" type="cond" truecount="0" falsecount="2"/>
        <line num="537" count="0" type="stmt"/>
        <line num="542" count="0" type="cond" truecount="0" falsecount="1"/>
        <line num="543" count="0" type="stmt"/>
        <line num="551" count="42" type="stmt"/>
        <line num="559" count="0" type="stmt"/>
        <line num="676" count="0" type="stmt"/>
        <line num="682" count="0" type="stmt"/>
        <line num="697" count="0" type="stmt"/>
        <line num="701" count="0" type="stmt"/>
      </file>
      <file name="DSRRequestForm.tsx" path="/Users/abraham/Developer/active/ndpr-toolkit/packages/ndpr-toolkit/src/components/dsr/DSRRequestForm.tsx">
        <metrics statements="76" coveredstatements="54" conditionals="117" coveredconditionals="56" methods="23" coveredmethods="10"/>
        <line num="1" count="1" type="stmt"/>
        <line num="88" count="1" type="stmt"/>
        <line num="89" count="23" type="stmt"/>
        <line num="90" count="23" type="stmt"/>
        <line num="91" count="23" type="cond" truecount="1" falsecount="1"/>
        <line num="92" count="23" type="cond" truecount="1" falsecount="1"/>
        <line num="93" count="23" type="cond" truecount="1" falsecount="1"/>
        <line num="94" count="23" type="cond" truecount="1" falsecount="1"/>
        <line num="95" count="23" type="cond" truecount="1" falsecount="1"/>
        <line num="96" count="23" type="cond" truecount="2" falsecount="0"/>
        <line num="97" count="23" type="cond" truecount="2" falsecount="0"/>
        <line num="98" count="23" type="cond" truecount="1" falsecount="1"/>
        <line num="99" count="23" type="cond" truecount="1" falsecount="1"/>
        <line num="104" count="23" type="cond" truecount="1" falsecount="1"/>
        <line num="105" count="23" type="cond" truecount="2" falsecount="0"/>
        <line num="107" count="23" type="stmt"/>
        <line num="108" count="23" type="stmt"/>
        <line num="109" count="23" type="stmt"/>
        <line num="110" count="23" type="stmt"/>
        <line num="111" count="23" type="cond" truecount="4" falsecount="2"/>
        <line num="112" count="23" type="stmt"/>
        <line num="113" count="23" type="stmt"/>
        <line num="114" count="23" type="stmt"/>
        <line num="115" count="23" type="stmt"/>
        <line num="117" count="47" type="stmt"/>
        <line num="119" count="23" type="stmt"/>
        <line num="120" count="3" type="stmt"/>
        <line num="121" count="3" type="stmt"/>
        <line num="124" count="23" type="stmt"/>
        <line num="125" count="0" type="stmt"/>
        <line num="131" count="23" type="stmt"/>
        <line num="132" count="3" type="stmt"/>
        <line num="134" count="3" type="cond" truecount="0" falsecount="1"/>
        <line num="135" count="0" type="stmt"/>
        <line num="138" count="3" type="cond" truecount="1" falsecount="1"/>
        <line num="139" count="0" type="stmt"/>
        <line num="140" count="3" type="cond" truecount="0" falsecount="1"/>
        <line num="141" count="0" type="stmt"/>
        <line num="144" count="3" type="cond" truecount="0" falsecount="1"/>
        <line num="145" count="0" type="stmt"/>
        <line num="148" count="3" type="cond" truecount="2" falsecount="1"/>
        <line num="149" count="0" type="stmt"/>
        <line num="153" count="3" type="cond" truecount="4" falsecount="3"/>
        <line num="154" count="0" type="stmt"/>
        <line num="155" count="0" type="cond" truecount="0" falsecount="3"/>
        <line num="156" count="0" type="stmt"/>
        <line num="161" count="3" type="stmt"/>
        <line num="162" count="3" type="stmt"/>
        <line num="165" count="23" type="stmt"/>
        <line num="166" count="3" type="stmt"/>
        <line num="168" count="3" type="cond" truecount="0" falsecount="1"/>
        <line num="169" count="0" type="stmt"/>
        <line num="172" count="3" type="stmt"/>
        <line num="185" count="3" type="stmt"/>
        <line num="187" count="3" type="cond" truecount="1" falsecount="0"/>
        <line num="188" count="3" type="stmt"/>
        <line num="192" count="23" type="cond" truecount="1" falsecount="0"/>
        <line num="193" count="3" type="stmt"/>
        <line num="198" count="0" type="stmt"/>
        <line num="207" count="20" type="stmt"/>
        <line num="226" count="3" type="stmt"/>
        <line num="241" count="4" type="stmt"/>
        <line num="257" count="0" type="stmt"/>
        <line num="280" count="60" type="stmt"/>
        <line num="327" count="0" type="stmt"/>
        <line num="331" count="60" type="stmt"/>
        <line num="347" count="3" type="stmt"/>
        <line num="362" count="0" type="stmt"/>
        <line num="373" count="0" type="stmt"/>
        <line num="384" count="0" type="stmt"/>
        <line num="396" count="0" type="stmt"/>
        <line num="401" count="0" type="stmt"/>
        <line num="416" count="0" type="stmt"/>
        <line num="434" count="0" type="cond" truecount="0" falsecount="4"/>
        <line num="435" count="0" type="cond" truecount="0" falsecount="1"/>
        <line num="436" count="0" type="stmt"/>
      </file>
      <file name="DSRTracker.tsx" path="/Users/abraham/Developer/active/ndpr-toolkit/packages/ndpr-toolkit/src/components/dsr/DSRTracker.tsx">
        <metrics statements="136" coveredstatements="108" conditionals="129" coveredconditionals="80" methods="45" coveredmethods="30"/>
        <line num="1" count="1" type="stmt"/>
        <line num="68" count="1" type="stmt"/>
        <line num="69" count="8" type="stmt"/>
        <line num="70" count="8" type="stmt"/>
        <line num="71" count="8" type="cond" truecount="2" falsecount="0"/>
        <line num="72" count="8" type="cond" truecount="1" falsecount="1"/>
        <line num="73" count="8" type="cond" truecount="1" falsecount="1"/>
        <line num="74" count="8" type="cond" truecount="1" falsecount="1"/>
        <line num="75" count="8" type="cond" truecount="1" falsecount="1"/>
        <line num="76" count="8" type="cond" truecount="1" falsecount="1"/>
        <line num="77" count="8" type="cond" truecount="1" falsecount="1"/>
        <line num="78" count="8" type="cond" truecount="1" falsecount="1"/>
        <line num="79" count="8" type="cond" truecount="1" falsecount="1"/>
        <line num="81" count="8" type="stmt"/>
        <line num="82" count="8" type="stmt"/>
        <line num="83" count="8" type="stmt"/>
        <line num="84" count="8" type="stmt"/>
        <line num="87" count="8" type="stmt"/>
        <line num="88" count="4" type="stmt"/>
        <line num="91" count="4" type="cond" truecount="1" falsecount="3"/>
        <line num="93" count="0" type="stmt"/>
        <line num="94" count="0" type="stmt"/>
        <line num="96" count="4" type="stmt"/>
        <line num="97" count="4" type="stmt"/>
        <line num="99" count="0" type="stmt"/>
        <line num="100" count="0" type="stmt"/>
        <line num="102" count="0" type="stmt"/>
        <line num="105" count="4" type="stmt"/>
        <line num="108" count="4" type="stmt"/>
        <line num="109" count="0" type="cond" truecount="0" falsecount="4"/>
        <line num="114" count="4" type="stmt"/>
        <line num="117" count="4" type="stmt"/>
        <line num="118" count="0" type="cond" truecount="0" falsecount="5"/>
        <line num="124" count="4" type="stmt"/>
        <line num="128" count="8" type="stmt"/>
        <line num="129" count="0" type="cond" truecount="0" falsecount="1"/>
        <line num="130" count="0" type="stmt"/>
        <line num="135" count="8" type="stmt"/>
        <line num="136" count="0" type="stmt"/>
        <line num="140" count="8" type="stmt"/>
        <line num="141" count="0" type="stmt"/>
        <line num="142" count="0" type="stmt"/>
        <line num="143" count="0" type="stmt"/>
        <line num="147" count="8" type="stmt"/>
        <line num="148" count="8" type="stmt"/>
        <line num="149" count="2" type="cond" truecount="1" falsecount="2"/>
        <line num="152" count="8" type="cond" truecount="1" falsecount="0"/>
        <line num="153" count="8" type="stmt"/>
        <line num="156" count="0" type="stmt"/>
        <line num="157" count="0" type="cond" truecount="0" falsecount="2"/>
        <line num="158" count="0" type="stmt"/>
        <line num="161" count="0" type="stmt"/>
        <line num="165" count="8" type="stmt"/>
        <line num="166" count="8" type="stmt"/>
        <line num="167" count="2" type="cond" truecount="2" falsecount="2"/>
        <line num="172" count="8" type="cond" truecount="1" falsecount="0"/>
        <line num="173" count="8" type="stmt"/>
        <line num="176" count="0" type="stmt"/>
        <line num="177" count="0" type="cond" truecount="0" falsecount="4"/>
        <line num="180" count="0" type="stmt"/>
        <line num="184" count="8" type="stmt"/>
        <line num="185" count="8" type="stmt"/>
        <line num="187" count="8" type="stmt"/>
        <line num="188" count="2" type="cond" truecount="2" falsecount="0"/>
        <line num="191" count="8" type="stmt"/>
        <line num="204" count="8" type="stmt"/>
        <line num="205" count="8" type="stmt"/>
        <line num="207" count="8" type="stmt"/>
        <line num="208" count="2" type="cond" truecount="2" falsecount="0"/>
        <line num="211" count="8" type="stmt"/>
        <line num="221" count="8" type="stmt"/>
        <line num="222" count="16" type="stmt"/>
        <line num="233" count="16" type="stmt"/>
        <line num="244" count="16" type="stmt"/>
        <line num="252" count="8" type="stmt"/>
        <line num="253" count="0" type="stmt"/>
        <line num="261" count="0" type="stmt"/>
        <line num="271" count="8" type="stmt"/>
        <line num="272" count="8" type="stmt"/>
        <line num="273" count="8" type="stmt"/>
        <line num="274" count="2" type="cond" truecount="2" falsecount="0"/>
        <line num="276" count="8" type="stmt"/>
        <line num="277" count="2" type="cond" truecount="2" falsecount="0"/>
        <line num="279" count="8" type="stmt"/>
        <line num="280" count="8" type="stmt"/>
        <line num="282" count="8" type="stmt"/>
        <line num="308" count="8" type="stmt"/>
        <line num="309" count="8" type="stmt"/>
        <line num="310" count="8" type="stmt"/>
        <line num="313" count="8" type="stmt"/>
        <line num="314" count="70" type="stmt"/>
        <line num="315" count="64" type="stmt"/>
        <line num="317" count="8" type="stmt"/>
        <line num="328" count="16" type="stmt"/>
        <line num="329" count="16" type="stmt"/>
        <line num="331" count="16" type="stmt"/>
        <line num="356" count="8" type="stmt"/>
        <line num="357" count="8" type="stmt"/>
        <line num="358" count="8" type="stmt"/>
        <line num="361" count="8" type="stmt"/>
        <line num="364" count="8" type="stmt"/>
        <line num="372" count="8" type="stmt"/>
        <line num="384" count="10" type="stmt"/>
        <line num="385" count="10" type="stmt"/>
        <line num="387" count="10" type="cond" truecount="2" falsecount="0"/>
        <line num="400" count="10" type="stmt"/>
        <line num="401" count="10" type="stmt"/>
        <line num="403" count="10" type="stmt"/>
        <line num="425" count="8" type="stmt"/>
        <line num="427" count="8" type="stmt"/>
        <line num="429" count="8" type="stmt"/>
        <line num="430" count="2" type="stmt"/>
        <line num="431" count="2" type="stmt"/>
        <line num="433" count="2" type="cond" truecount="2" falsecount="0"/>
        <line num="437" count="8" type="stmt"/>
        <line num="440" count="8" type="stmt"/>
        <line num="443" count="8" type="stmt"/>
        <line num="446" count="8" type="stmt"/>
        <line num="447" count="4" type="stmt"/>
        <line num="448" count="4" type="stmt"/>
        <line num="451" count="8" type="stmt"/>
        <line num="463" count="2" type="stmt"/>
        <line num="464" count="2" type="stmt"/>
        <line num="466" count="2" type="stmt"/>
        <line num="479" count="2" type="stmt"/>
        <line num="492" count="8" type="stmt"/>
        <line num="493" count="8" type="stmt"/>
        <line num="503" count="0" type="stmt"/>
        <line num="507" count="0" type="stmt"/>
        <line num="533" count="8" type="stmt"/>
        <line num="534" count="8" type="stmt"/>
        <line num="545" count="0" type="cond" truecount="0" falsecount="2"/>
        <line num="547" count="0" type="stmt"/>
        <line num="551" count="0" type="stmt"/>
        <line num="581" count="8" type="stmt"/>
        <line num="596" count="0" type="stmt"/>
      </file>
    </package>
    <package name="src.components.lawful-basis">
      <metrics statements="152" coveredstatements="0" conditionals="116" coveredconditionals="0" methods="66" coveredmethods="0"/>
      <file name="LawfulBasisTracker.tsx" path="/Users/abraham/Developer/active/ndpr-toolkit/packages/ndpr-toolkit/src/components/lawful-basis/LawfulBasisTracker.tsx">
        <metrics statements="152" coveredstatements="0" conditionals="116" coveredconditionals="0" methods="66" coveredmethods="0"/>
        <line num="1" count="0" type="stmt"/>
        <line num="8" count="0" type="stmt"/>
        <line num="97" count="0" type="stmt"/>
        <line num="119" count="0" type="stmt"/>
        <line num="128" count="0" type="stmt"/>
        <line num="141" count="0" type="stmt"/>
        <line num="142" count="0" type="stmt"/>
        <line num="143" count="0" type="stmt"/>
        <line num="144" count="0" type="stmt"/>
        <line num="145" count="0" type="stmt"/>
        <line num="146" count="0" type="cond" truecount="0" falsecount="2"/>
        <line num="147" count="0" type="cond" truecount="0" falsecount="2"/>
        <line num="148" count="0" type="cond" truecount="0" falsecount="2"/>
        <line num="149" count="0" type="cond" truecount="0" falsecount="2"/>
        <line num="150" count="0" type="cond" truecount="0" falsecount="2"/>
        <line num="151" count="0" type="cond" truecount="0" falsecount="2"/>
        <line num="153" count="0" type="stmt"/>
        <line num="154" count="0" type="stmt"/>
        <line num="155" count="0" type="stmt"/>
        <line num="156" count="0" type="stmt"/>
        <line num="157" count="0" type="stmt"/>
        <line num="158" count="0" type="stmt"/>
        <line num="159" count="0" type="stmt"/>
        <line num="160" count="0" type="stmt"/>
        <line num="161" count="0" type="stmt"/>
        <line num="164" count="0" type="stmt"/>
        <line num="165" count="0" type="stmt"/>
        <line num="167" count="0" type="cond" truecount="0" falsecount="1"/>
        <line num="168" count="0" type="stmt"/>
        <line num="171" count="0" type="cond" truecount="0" falsecount="1"/>
        <line num="172" count="0" type="stmt"/>
        <line num="175" count="0" type="cond" truecount="0" falsecount="1"/>
        <line num="176" count="0" type="stmt"/>
        <line num="177" count="0" type="stmt"/>
        <line num="179" count="0" type="cond" truecount="0" falsecount="3"/>
        <line num="181" count="0" type="stmt"/>
        <line num="185" count="0" type="stmt"/>
        <line num="187" count="0" type="stmt"/>
        <line num="190" count="0" type="stmt"/>
        <line num="191" count="0" type="stmt"/>
[...]
        <line num="252" count="2" type="stmt"/>
        <line num="253" count="2" type="stmt"/>
        <line num="254" count="2" type="stmt"/>
        <line num="255" count="10" type="cond" truecount="3" falsecount="0"/>
        <line num="256" count="1" type="stmt"/>
        <line num="257" count="1" type="stmt"/>
        <line num="261" count="12" type="cond" truecount="1" falsecount="0"/>
        <line num="262" count="2" type="stmt"/>
        <line num="263" count="2" type="stmt"/>
        <line num="264" count="2" type="stmt"/>
        <line num="268" count="12" type="cond" truecount="1" falsecount="0"/>
        <line num="269" count="2" type="cond" truecount="4" falsecount="1"/>
        <line num="270" count="1" type="stmt"/>
        <line num="271" count="1" type="stmt"/>
        <line num="272" count="1" type="stmt"/>
        <line num="277" count="12" type="cond" truecount="5" falsecount="2"/>
        <line num="278" count="2" type="stmt"/>
        <line num="279" count="2" type="stmt"/>
        <line num="280" count="2" type="stmt"/>
        <line num="284" count="12" type="cond" truecount="1" falsecount="0"/>
        <line num="285" count="2" type="stmt"/>
        <line num="286" count="2" type="stmt"/>
        <line num="287" count="2" type="stmt"/>
        <line num="292" count="12" type="cond" truecount="2" falsecount="0"/>
        <line num="293" count="10" type="stmt"/>
        <line num="294" count="2" type="cond" truecount="2" falsecount="0"/>
        <line num="295" count="1" type="stmt"/>
        <line num="297" count="1" type="stmt"/>
        <line num="300" count="12" type="stmt"/>
        <line num="315" count="4" type="stmt"/>
        <line num="327" count="4" type="stmt"/>
      </file>
      <file name="dpia.ts" path="/Users/abraham/Developer/active/ndpr-toolkit/packages/ndpr-toolkit/src/utils/dpia.ts">
        <metrics statements="31" coveredstatements="30" conditionals="23" coveredconditionals="21" methods="3" coveredmethods="3"/>
        <line num="8" count="1" type="stmt"/>
        <line num="15" count="3" type="stmt"/>
        <line num="23" count="3" type="stmt"/>
        <line num="26" count="3" type="stmt"/>
        <line num="29" count="3" type="stmt"/>
        <line num="31" count="6" type="stmt"/>
        <line num="34" count="6" type="cond" truecount="1" falsecount="0"/>
        <line num="35" count="3" type="stmt"/>
        <line num="39" count="6" type="cond" truecount="4" falsecount="0"/>
        <line num="40" count="3" type="stmt"/>
        <line num="47" count="3" type="cond" truecount="1" falsecount="1"/>
        <line num="48" count="0" type="stmt"/>
        <line num="49" count="3" type="cond" truecount="4" falsecount="1"/>
        <line num="50" count="1" type="stmt"/>
        <line num="51" count="2" type="cond" truecount="4" falsecount="0"/>
        <line num="52" count="1" type="stmt"/>
        <line num="54" count="1" type="stmt"/>
        <line num="59" count="3" type="cond" truecount="2" falsecount="0"/>
        <line num="63" count="3" type="stmt"/>
        <line num="66" count="3" type="stmt"/>
        <line num="68" count="3" type="cond" truecount="1" falsecount="0"/>
        <line num="69" count="1" type="stmt"/>
        <line num="71" count="3" type="stmt"/>
        <line num="76" count="3" type="cond" truecount="1" falsecount="0"/>
        <line num="77" count="1" type="stmt"/>
        <line num="82" count="3" type="cond" truecount="1" falsecount="0"/>
        <line num="83" count="1" type="stmt"/>
        <line num="88" count="3" type="cond" truecount="2" falsecount="0"/>
        <line num="89" count="2" type="stmt"/>
        <line num="93" count="1" type="stmt"/>
        <line num="98" count="3" type="stmt"/>
      </file>
      <file name="dsr.ts" path="/Users/abraham/Developer/active/ndpr-toolkit/packages/ndpr-toolkit/src/utils/dsr.ts">
        <metrics statements="17" coveredstatements="10" conditionals="34" coveredconditionals="19" methods="2" coveredmethods="1"/>
        <line num="8" count="3" type="stmt"/>
        <line num="13" count="14" type="stmt"/>
        <line num="16" count="14" type="cond" truecount="0" falsecount="1"/>
        <line num="17" count="0" type="stmt"/>
        <line num="20" count="14" type="cond" truecount="0" falsecount="1"/>
        <line num="21" count="0" type="stmt"/>
        <line num="24" count="14" type="cond" truecount="0" falsecount="1"/>
        <line num="25" count="0" type="stmt"/>
        <line num="28" count="14" type="cond" truecount="0" falsecount="1"/>
        <line num="29" count="0" type="stmt"/>
        <line num="32" count="14" type="cond" truecount="3" falsecount="2"/>
        <line num="33" count="0" type="stmt"/>
        <line num="36" count="14" type="cond" truecount="3" falsecount="2"/>
        <line num="37" count="0" type="stmt"/>
        <line num="41" count="14" type="stmt"/>
        <line num="64" count="0" type="stmt"/>
        <line num="72" count="14" type="stmt"/>
      </file>
      <file name="lawful-basis.ts" path="/Users/abraham/Developer/active/ndpr-toolkit/packages/ndpr-toolkit/src/utils/lawful-basis.ts">
        <metrics statements="85" coveredstatements="64" conditionals="77" coveredconditionals="66" methods="5" coveredmethods="3"/>
        <line num="37" count="1" type="stmt"/>
        <line num="38" count="11" type="stmt"/>
        <line num="39" count="11" type="stmt"/>
        <line num="42" count="11" type="cond" truecount="1" falsecount="0"/>
        <line num="43" count="1" type="stmt"/>
        <line num="46" count="11" type="cond" truecount="3" falsecount="0"/>
        <line num="47" count="1" type="stmt"/>
        <line num="50" count="11" type="cond" truecount="3" falsecount="0"/>
        <line num="51" count="1" type="stmt"/>
        <line num="54" count="11" type="cond" truecount="1" falsecount="0"/>
        <line num="55" count="1" type="stmt"/>
        <line num="58" count="11" type="cond" truecount="3" falsecount="0"/>
        <line num="59" count="1" type="stmt"/>
        <line num="62" count="11" type="cond" truecount="3" falsecount="0"/>
        <line num="63" count="1" type="stmt"/>
        <line num="66" count="11" type="cond" truecount="3" falsecount="0"/>
        <line num="67" count="1" type="stmt"/>
        <line num="70" count="11" type="cond" truecount="3" falsecount="0"/>
        <line num="71" count="1" type="stmt"/>
        <line num="74" count="11" type="cond" truecount="3" falsecount="0"/>
        <line num="75" count="1" type="stmt"/>
        <line num="79" count="11" type="cond" truecount="1" falsecount="0"/>
        <line num="80" count="2" type="cond" truecount="3" falsecount="0"/>
        <line num="81" count="1" type="stmt"/>
        <line num="88" count="11" type="cond" truecount="3" falsecount="0"/>
        <line num="89" count="1" type="stmt"/>
        <line num="95" count="11" type="cond" truecount="2" falsecount="0"/>
        <line num="96" count="1" type="stmt"/>
        <line num="97" count="10" type="cond" truecount="1" falsecount="0"/>
        <line num="98" count="1" type="stmt"/>
        <line num="101" count="11" type="cond" truecount="2" falsecount="0"/>
        <line num="102" count="1" type="stmt"/>
        <line num="103" count="10" type="cond" truecount="1" falsecount="0"/>
        <line num="104" count="1" type="stmt"/>
        <line num="107" count="11" type="cond" truecount="0" falsecount="1"/>
        <line num="108" count="0" type="stmt"/>
        <line num="111" count="11" type="cond" truecount="4" falsecount="0"/>
        <line num="112" count="1" type="stmt"/>
        <line num="117" count="11" type="stmt"/>
        <line num="131" count="1" type="stmt"/>
        <line num="132" count="12" type="stmt"/>
        <line num="147" count="12" type="stmt"/>
        <line num="158" count="1" type="stmt"/>
        <line num="159" count="10" type="stmt"/>
        <line num="161" count="20" type="stmt"/>
        <line num="163" count="11" type="cond" truecount="1" falsecount="0"/>
        <line num="164" count="1" type="stmt"/>
        <line num="168" count="10" type="cond" truecount="3" falsecount="0"/>
        <line num="169" count="2" type="stmt"/>
        <line num="179" count="10" type="cond" truecount="3" falsecount="0"/>
        <line num="180" count="2" type="stmt"/>
        <line num="190" count="10" type="cond" truecount="3" falsecount="0"/>
        <line num="191" count="1" type="stmt"/>
        <line num="201" count="10" type="cond" truecount="1" falsecount="0"/>
        <line num="205" count="1" type="stmt"/>
        <line num="215" count="10" type="cond" truecount="3" falsecount="0"/>
        <line num="216" count="1" type="stmt"/>
        <line num="226" count="10" type="cond" truecount="3" falsecount="0"/>
        <line num="227" count="2" type="stmt"/>
        <line num="237" count="10" type="cond" truecount="3" falsecount="0"/>
        <line num="238" count="1" type="stmt"/>
        <line num="248" count="10" type="cond" truecount="3" falsecount="0"/>
        <line num="249" count="1" type="stmt"/>
        <line num="259" count="10" type="stmt"/>
        <line num="268" count="1" type="stmt"/>
        <line num="269" count="0" type="stmt"/>
        <line num="278" count="0" type="stmt"/>
        <line num="279" count="0" type="stmt"/>
        <line num="280" count="0" type="stmt"/>
        <line num="281" count="0" type="stmt"/>
        <line num="283" count="0" type="stmt"/>
        <line num="284" count="0" type="cond" truecount="0" falsecount="1"/>
        <line num="285" count="0" type="stmt"/>
        <line num="289" count="0" type="cond" truecount="0" falsecount="1"/>
        <line num="290" count="0" type="stmt"/>
        <line num="294" count="0" type="cond" truecount="0" falsecount="1"/>
        <line num="295" count="0" type="stmt"/>
        <line num="299" count="0" type="cond" truecount="0" falsecount="1"/>
        <line num="300" count="0" type="stmt"/>
        <line num="304" count="0" type="cond" truecount="0" falsecount="3"/>
        <line num="305" count="0" type="stmt"/>
        <line num="309" count="0" type="cond" truecount="0" falsecount="3"/>
        <line num="310" count="0" type="stmt"/>
        <line num="314" count="0" type="stmt"/>
        <line num="315" count="0" type="stmt"/>
      </file>
      <file name="privacy.ts" path="/Users/abraham/Developer/active/ndpr-toolkit/packages/ndpr-toolkit/src/utils/privacy.ts">
        <metrics statements="34" coveredstatements="24" conditionals="16" coveredconditionals="9" methods="5" coveredmethods="5"/>
        <line num="9" count="1" type="stmt"/>
        <line num="18" count="3" type="cond" truecount="1" falsecount="1"/>
        <line num="19" count="0" type="stmt"/>
        <line num="20" count="0" type="stmt"/>
        <line num="23" count="0" type="stmt"/>
        <line num="24" count="0" type="stmt"/>
        <line num="25" count="0" type="stmt"/>
        <line num="28" count="0" type="stmt"/>
        <line num="29" count="0" type="stmt"/>
        <line num="30" count="0" type="cond" truecount="0" falsecount="2"/>
        <line num="33" count="0" type="stmt"/>
        <line num="39" count="0" type="stmt"/>
        <line num="43" count="3" type="stmt"/>
        <line num="44" count="3" type="stmt"/>
        <line num="45" count="3" type="stmt"/>
        <line num="46" count="3" type="stmt"/>
        <line num="49" count="3" type="stmt"/>
        <line num="50" count="5" type="stmt"/>
        <line num="51" count="1" type="cond" truecount="4" falsecount="0"/>
        <line num="54" count="4" type="cond" truecount="1" falsecount="3"/>
        <line num="57" count="4" type="stmt"/>
        <line num="61" count="4" type="stmt"/>
        <line num="62" count="4" type="stmt"/>
        <line num="63" count="4" type="stmt"/>
        <line num="67" count="4" type="stmt"/>
        <line num="68" count="4" type="stmt"/>
        <line num="71" count="4" type="cond" truecount="1" falsecount="0"/>
        <line num="72" count="3" type="cond" truecount="1" falsecount="1"/>
        <line num="76" count="4" type="cond" truecount="1" falsecount="0"/>
        <line num="77" count="1" type="stmt"/>
        <line num="81" count="4" type="stmt"/>
        <line num="88" count="4" type="stmt"/>
        <line num="92" count="3" type="stmt"/>
        <line num="94" count="3" type="stmt"/>
      </file>
      <file name="ropa.ts" path="/Users/abraham/Developer/active/ndpr-toolkit/packages/ndpr-toolkit/src/utils/ropa.ts">
        <metrics statements="124" coveredstatements="124" conditionals="135" coveredconditionals="123" methods="14" coveredmethods="14"/>
        <line num="25" count="1" type="stmt"/>
        <line num="41" count="1" type="stmt"/>
        <line num="44" count="10" type="stmt"/>
        <line num="46" count="10" type="cond" truecount="3" falsecount="0"/>
        <line num="47" count="1" type="stmt"/>
        <line num="50" count="10" type="cond" truecount="3" falsecount="0"/>
        <line num="51" count="1" type="stmt"/>
        <line num="54" count="10" type="cond" truecount="3" falsecount="0"/>
        <line num="55" count="1" type="stmt"/>
        <line num="58" count="10" type="cond" truecount="2" falsecount="0"/>
        <line num="59" count="1" type="stmt"/>
        <line num="61" count="9" type="cond" truecount="3" falsecount="0"/>
        <line num="62" count="1" type="stmt"/>
        <line num="64" count="9" type="cond" truecount="3" falsecount="0"/>
        <line num="65" count="1" type="stmt"/>
        <line num="67" count="9" type="cond" truecount="3" falsecount="0"/>
        <line num="68" count="1" type="stmt"/>
        <line num="72" count="10" type="cond" truecount="3" falsecount="0"/>
        <line num="73" count="2" type="stmt"/>
        <line num="76" count="10" type="cond" truecount="3" falsecount="0"/>
        <line num="77" count="1" type="stmt"/>
        <line num="80" count="10" type="cond" truecount="3" falsecount="0"/>
        <line num="81" count="1" type="stmt"/>
        <line num="84" count="10" type="cond" truecount="3" falsecount="0"/>
        <line num="85" count="1" type="stmt"/>
        <line num="88" count="10" type="cond" truecount="3" falsecount="0"/>
        <line num="89" count="1" type="stmt"/>
        <line num="92" count="10" type="cond" truecount="3" falsecount="0"/>
        <line num="93" count="1" type="stmt"/>
        <line num="96" count="10" type="cond" truecount="3" falsecount="0"/>
        <line num="97" count="1" type="stmt"/>
        <line num="100" count="10" type="cond" truecount="3" falsecount="0"/>
        <line num="101" count="1" type="stmt"/>
        <line num="104" count="10" type="cond" truecount="1" falsecount="0"/>
        <line num="105" count="1" type="stmt"/>
        <line num="108" count="10" type="cond" truecount="1" falsecount="0"/>
        <line num="112" count="1" type="stmt"/>
        <line num="115" count="10" type="cond" truecount="1" falsecount="0"/>
        <line num="119" count="1" type="stmt"/>
        <line num="124" count="10" type="cond" truecount="1" falsecount="0"/>
        <line num="128" count="1" type="stmt"/>
        <line num="131" count="10" type="stmt"/>
        <line num="144" count="1" type="stmt"/>
        <line num="147" count="5" type="stmt"/>
        <line num="149" count="30" type="stmt"/>
        <line num="150" count="30" type="stmt"/>
        <line num="155" count="5" type="stmt"/>
        <line num="156" count="5" type="stmt"/>
        <line num="157" count="5" type="stmt"/>
        <line num="158" count="5" type="stmt"/>
        <line num="159" count="5" type="stmt"/>
        <line num="160" count="5" type="stmt"/>
        <line num="161" count="5" type="stmt"/>
        <line num="163" count="5" type="stmt"/>
        <line num="165" count="13" type="stmt"/>
        <line num="167" count="13" type="cond" truecount="3" falsecount="0"/>
        <line num="168" count="13" type="stmt"/>
        <line num="172" count="13" type="cond" truecount="1" falsecount="0"/>
        <line num="173" count="12" type="stmt"/>
        <line num="177" count="13" type="cond" truecount="1" falsecount="0"/>
        <line num="181" count="1" type="stmt"/>
        <line num="185" count="13" type="cond" truecount="3" falsecount="0"/>
        <line num="186" count="1" type="stmt"/>
        <line num="190" count="13" type="cond" truecount="1" falsecount="0"/>
        <line num="191" count="1" type="stmt"/>
        <line num="195" count="13" type="cond" truecount="1" falsecount="0"/>
        <line num="196" count="1" type="stmt"/>
        <line num="200" count="13" type="cond" truecount="3" falsecount="0"/>
        <line num="201" count="1" type="stmt"/>
        <line num="205" count="13" type="cond" truecount="1" falsecount="0"/>
        <line num="206" count="13" type="stmt"/>
        <line num="212" count="5" type="stmt"/>
        <line num="213" count="8" type="stmt"/>
        <line num="214" count="4" type="stmt"/>
        <line num="217" count="5" type="stmt"/>
        <line num="235" count="390" type="cond" truecount="1" falsecount="0"/>
        <line num="241" count="10" type="stmt"/>
        <line num="243" count="380" type="stmt"/>
        <line num="250" count="32" type="cond" truecount="0" falsecount="1"/>
        <line num="251" count="32" type="stmt"/>
        <line num="261" count="1" type="stmt"/>
        <line num="262" count="7" type="stmt"/>
        <line num="291" count="7" type="stmt"/>
        <line num="292" count="8" type="cond" truecount="2" falsecount="0"/>
        <line num="296" count="1" type="stmt"/>
        <line num="301" count="8" type="stmt"/>
        <line num="328" count="208" type="stmt"/>
        <line num="331" count="7" type="stmt"/>
        <line num="332" count="182" type="stmt"/>
        <line num="333" count="8" type="stmt"/>
        <line num="336" count="7" type="stmt"/>
        <line num="346" count="1" type="stmt"/>
        <line num="349" count="12" type="stmt"/>
        <line num="350" count="12" type="stmt"/>
        <line num="352" count="14" type="stmt"/>
        <line num="353" count="14" type="stmt"/>
        <line num="356" count="14" type="cond" truecount="1" falsecount="0"/>
        <line num="360" count="2" type="stmt"/>
        <line num="366" count="14" type="cond" truecount="3" falsecount="0"/>
        <line num="367" count="3" type="stmt"/>
        <line num="373" count="14" type="cond" truecount="3" falsecount="0"/>
        <line num="374" count="2" type="stmt"/>
        <line num="380" count="14" type="cond" truecount="3" falsecount="0"/>
        <line num="381" count="1" type="stmt"/>
        <line num="384" count="1" type="stmt"/>
        <line num="390" count="14" type="cond" truecount="1" falsecount="0"/>
        <line num="394" count="1" type="stmt"/>
        <line num="400" count="14" type="cond" truecount="1" falsecount="0"/>
        <line num="405" count="1" type="stmt"/>
        <line num="411" count="14" type="cond" truecount="1" falsecount="0"/>
        <line num="412" count="1" type="stmt"/>
        <line num="413" count="1" type="cond" truecount="2" falsecount="1"/>
        <line num="414" count="1" type="stmt"/>
        <line num="418" count="1" type="cond" truecount="1" falsecount="0"/>
        <line num="422" count="1" type="stmt"/>
        <line num="430" count="14" type="cond" truecount="1" falsecount="0"/>
        <line num="435" count="1" type="stmt"/>
        <line num="441" count="14" type="cond" truecount="3" falsecount="0"/>
        <line num="442" count="2" type="stmt"/>
        <line num="446" count="14" type="cond" truecount="3" falsecount="0"/>
        <line num="447" count="2" type="stmt"/>
        <line num="450" count="14" type="cond" truecount="1" falsecount="0"/>
        <line num="451" count="11" type="stmt"/>
        <line num="459" count="12" type="stmt"/>
      </file>
    </package>
  </project>
</coverage>
