{"/Users/abraham/Developer/active/ndpr-toolkit/packages/ndpr-toolkit/src/breach.ts": {"path":"/Users/abraham/Developer/active/ndpr-toolkit/packages/ndpr-toolkit/src/breach.ts","statementMap":{"0":{"start":{"line":5,"column":0},"end":{"line":5,"column":9}},"1":{"start":{"line":5,"column":9},"end":{"line":5,"column":72}},"2":{"start":{"line":6,"column":0},"end":{"line":6,"column":9}},"3":{"start":{"line":6,"column":9},"end":{"line":6,"column":80}},"4":{"start":{"line":7,"column":0},"end":{"line":7,"column":9}},"5":{"start":{"line":7,"column":9},"end":{"line":7,"column":90}},"6":{"start":{"line":8,"column":0},"end":{"line":8,"column":9}},"7":{"start":{"line":8,"column":9},"end":{"line":8,"column":90}},"8":{"start":{"line":9,"column":0},"end":{"line":9,"column":9}},"9":{"start":{"line":9,"column":9},"end":{"line":9,"column":46}},"10":{"start":{"line":10,"column":0},"end":{"line":10,"column":9}},"11":{"start":{"line":10,"column":9},"end":{"line":10,"column":57}}},"fnMap":{"0":{"name":"(anonymous_0)","decl":{"start":{"line":5,"column":9},"end":{"line":5,"column":25}},"loc":{"start":{"line":5,"column":9},"end":{"line":5,"column":72}}},"1":{"name":"(anonymous_1)","decl":{"start":{"line":6,"column":9},"end":{"line":6,"column":29}},"loc":{"start":{"line":6,"column":9},"end":{"line":6,"column":80}}},"2":{"name":"(anonymous_2)","decl":{"start":{"line":7,"column":9},"end":{"line":7,"column":34}},"loc":{"start":{"line":7,"column":9},"end":{"line":7,"column":90}}},"3":{"name":"(anonymous_3)","decl":{"start":{"line":8,"column":9},"end":{"line":8,"column":34}},"loc":{"start":{"line":8,"column":9},"end":{"line":8,"column":90}}},"4":{"name":"(anonymous_4)","decl":{"start":{"line":9,"column":9},"end":{"line":9,"column":18}},"loc":{"start":{"line":9,"column":9},"end":{"line":9,"column":46}}},"5":{"name":"(anonymous_5)","decl":{"start":{"line":10,"column":9},"end":{"line":10,"column":32}},"loc":{"start":{"line":10,"column":9},"end":{"line":10,"column":57}}}},"branchMap":{},"s":{"0":0,"1":0,"2":0,"3":0,"4":0,"5":0,"6":0,"7":0,"8":0,"9":0,"10":0,"11":0},"f":{"0":0,"1":0,"2":0,"3":0,"4":0,"5":0},"b":{}}
,"/Users/abraham/Developer/active/ndpr-toolkit/packages/ndpr-toolkit/src/consent.ts": {"path":"/Users/abraham/Developer/active/ndpr-toolkit/packages/ndpr-toolkit/src/consent.ts","statementMap":{"0":{"start":{"line":5,"column":0},"end":{"line":5,"column":9}},"1":{"start":{"line":5,"column":9},"end":{"line":5,"column":67}},"2":{"start":{"line":6,"column":0},"end":{"line":6,"column":9}},"3":{"start":{"line":6,"column":9},"end":{"line":6,"column":69}},"4":{"start":{"line":7,"column":0},"end":{"line":7,"column":9}},"5":{"start":{"line":7,"column":9},"end":{"line":7,"column":69}},"6":{"start":{"line":8,"column":0},"end":{"line":8,"column":9}},"7":{"start":{"line":8,"column":9},"end":{"line":8,"column":48}},"8":{"start":{"line":9,"column":0},"end":{"line":9,"column":9}},"9":{"start":{"line":9,"column":9},"end":{"line":9,"column":26}},"10":{"start":{"line":9,"column":26},"end":{"line":9,"column":74}}},"fnMap":{"0":{"name":"(anonymous_0)","decl":{"start":{"line":5,"column":9},"end":{"line":5,"column":22}},"loc":{"start":{"line":5,"column":9},"end":{"line":5,"column":67}}},"1":{"name":"(anonymous_1)","decl":{"start":{"line":6,"column":9},"end":{"line":6,"column":23}},"loc":{"start":{"line":6,"column":9},"end":{"line":6,"column":69}}},"2":{"name":"(anonymous_2)","decl":{"start":{"line":7,"column":9},"end":{"line":7,"column":23}},"loc":{"start":{"line":7,"column":9},"end":{"line":7,"column":69}}},"3":{"name":"(anonymous_3)","decl":{"start":{"line":8,"column":9},"end":{"line":8,"column":19}},"loc":{"start":{"line":8,"column":9},"end":{"line":8,"column":48}}},"4":{"name":"(anonymous_4)","decl":{"start":{"line":9,"column":9},"end":{"line":9,"column":24}},"loc":{"start":{"line":9,"column":9},"end":{"line":9,"column":26}}},"5":{"name":"(anonymous_5)","decl":{"start":{"line":9,"column":26},"end":{"line":9,"column":48}},"loc":{"start":{"line":9,"column":26},"end":{"line":9,"column":74}}}},"branchMap":{},"s":{"0":0,"1":0,"2":0,"3":0,"4":0,"5":0,"6":0,"7":0,"8":0,"9":0,"10":0},"f":{"0":0,"1":0,"2":0,"3":0,"4":0,"5":0},"b":{}}
,"/Users/abraham/Developer/active/ndpr-toolkit/packages/ndpr-toolkit/src/core.ts": {"path":"/Users/abraham/Developer/active/ndpr-toolkit/packages/ndpr-toolkit/src/core.ts","statementMap":{"0":{"start":{"line":22,"column":0},"end":{"line":22,"column":9}},"1":{"start":{"line":22,"column":9},"end":{"line":22,"column":26}},"2":{"start":{"line":22,"column":26},"end":{"line":22,"column":74}},"3":{"start":{"line":23,"column":0},"end":{"line":23,"column":9}},"4":{"start":{"line":23,"column":9},"end":{"line":23,"column":47}},"5":{"start":{"line":24,"column":0},"end":{"line":24,"column":9}},"6":{"start":{"line":24,"column":9},"end":{"line":24,"column":46}},"7":{"start":{"line":25,"column":0},"end":{"line":25,"column":9}},"8":{"start":{"line":25,"column":9},"end":{"line":25,"column":57}},"9":{"start":{"line":26,"column":0},"end":{"line":26,"column":9}},"10":{"start":{"line":26,"column":9},"end":{"line":26,"column":53}},"11":{"start":{"line":27,"column":0},"end":{"line":27,"column":9}},"12":{"start":{"line":27,"column":9},"end":{"line":27,"column":37}},"13":{"start":{"line":27,"column":37},"end":{"line":27,"column":64}},"14":{"start":{"line":27,"column":64},"end":{"line":27,"column":86}},"15":{"start":{"line":27,"column":86},"end":{"line":27,"column":143}},"16":{"start":{"line":28,"column":0},"end":{"line":28,"column":9}},"17":{"start":{"line":28,"column":9},"end":{"line":28,"column":27}},"18":{"start":{"line":28,"column":27},"end":{"line":28,"column":60}},"19":{"start":{"line":28,"column":60},"end":{"line":28,"column":80}},"20":{"start":{"line":28,"column":80},"end":{"line":28,"column":133}},"21":{"start":{"line":29,"column":0},"end":{"line":29,"column":9}},"22":{"start":{"line":29,"column":9},"end":{"line":29,"column":35}},"23":{"start":{"line":29,"column":35},"end":{"line":29,"column":56}},"24":{"start":{"line":29,"column":56},"end":{"line":29,"column":73}},"25":{"start":{"line":29,"column":73},"end":{"line":29,"column":118}}},"fnMap":{"0":{"name":"(anonymous_0)","decl":{"start":{"line":22,"column":9},"end":{"line":22,"column":24}},"loc":{"start":{"line":22,"column":9},"end":{"line":22,"column":26}}},"1":{"name":"(anonymous_1)","decl":{"start":{"line":22,"column":26},"end":{"line":22,"column":48}},"loc":{"start":{"line":22,"column":26},"end":{"line":22,"column":74}}},"2":{"name":"(anonymous_2)","decl":{"start":{"line":23,"column":9},"end":{"line":23,"column":25}},"loc":{"start":{"line":23,"column":9},"end":{"line":23,"column":47}}},"3":{"name":"(anonymous_3)","decl":{"start":{"line":24,"column":9},"end":{"line":24,"column":23}},"loc":{"start":{"line":24,"column":9},"end":{"line":24,"column":46}}},"4":{"name":"(anonymous_4)","decl":{"start":{"line":25,"column":9},"end":{"line":25,"column":32}},"loc":{"start":{"line":25,"column":9},"end":{"line":25,"column":57}}},"5":{"name":"(anonymous_5)","decl":{"start":{"line":26,"column":9},"end":{"line":26,"column":27}},"loc":{"start":{"line":26,"column":9},"end":{"line":26,"column":53}}},"6":{"name":"(anonymous_6)","decl":{"start":{"line":27,"column":9},"end":{"line":27,"column":35}},"loc":{"start":{"line":27,"column":9},"end":{"line":27,"column":37}}},"7":{"name":"(anonymous_7)","decl":{"start":{"line":27,"column":37},"end":{"line":27,"column":62}},"loc":{"start":{"line":27,"column":37},"end":{"line":27,"column":64}}},"8":{"name":"(anonymous_8)","decl":{"start":{"line":27,"column":64},"end":{"line":27,"column":84}},"loc":{"start":{"line":27,"column":64},"end":{"line":27,"column":86}}},"9":{"name":"(anonymous_9)","decl":{"start":{"line":27,"column":86},"end":{"line":27,"column":112}},"loc":{"start":{"line":27,"column":86},"end":{"line":27,"column":143}}},"10":{"name":"(anonymous_10)","decl":{"start":{"line":28,"column":9},"end":{"line":28,"column":25}},"loc":{"start":{"line":28,"column":9},"end":{"line":28,"column":27}}},"11":{"name":"(anonymous_11)","decl":{"start":{"line":28,"column":27},"end":{"line":28,"column":58}},"loc":{"start":{"line":28,"column":27},"end":{"line":28,"column":60}}},"12":{"name":"(anonymous_12)","decl":{"start":{"line":28,"column":60},"end":{"line":28,"column":78}},"loc":{"start":{"line":28,"column":60},"end":{"line":28,"column":80}}},"13":{"name":"(anonymous_13)","decl":{"start":{"line":28,"column":80},"end":{"line":28,"column":102}},"loc":{"start":{"line":28,"column":80},"end":{"line":28,"column":133}}},"14":{"name":"(anonymous_14)","decl":{"start":{"line":29,"column":9},"end":{"line":29,"column":33}},"loc":{"start":{"line":29,"column":9},"end":{"line":29,"column":35}}},"15":{"name":"(anonymous_15)","decl":{"start":{"line":29,"column":35},"end":{"line":29,"column":54}},"loc":{"start":{"line":29,"column":35},"end":{"line":29,"column":56}}},"16":{"name":"(anonymous_16)","decl":{"start":{"line":29,"column":56},"end":{"line":29,"column":71}},"loc":{"start":{"line":29,"column":56},"end":{"line":29,"column":73}}},"17":{"name":"(anonymous_17)","decl":{"start":{"line":29,"column":73},"end":{"line":29,"column":95}},"loc":{"start":{"line":29,"column":73},"end":{"line":29,"column":118}}}},"branchMap":{},"s":{"0":0,"1":0,"2":0,"3":0,"4":0,"5":0,"6":0,"7":0,"8":0,"9":0,"10":0,"11":0,"12":0,"13":0,"14":0,"15":0,"16":0,"17":0,"18":0,"19":0,"20":0,"21":0,"22":0,"23":0,"24":0,"25":0},"f":{"0":0,"1":0,"2":0,"3":0,"4":0,"5":0,"6":0,"7":0,"8":0,"9":0,"10":0,"11":0,"12":0,"13":0,"14":0,"15":0,"16":0,"17":0},"b":{}}
,"/Users/abraham/Developer/active/ndpr-toolkit/packages/ndpr-toolkit/src/cross-border-entry.ts": {"path":"/Users/abraham/Developer/active/ndpr-toolkit/packages/ndpr-toolkit/src/cross-border-entry.ts","statementMap":{"0":{"start":{"line":5,"column":0},"end":{"line":5,"column":9}},"1":{"start":{"line":5,"column":9},"end":{"line":5,"column":98}},"2":{"start":{"line":6,"column":0},"end":{"line":6,"column":9}},"3":{"start":{"line":6,"column":9},"end":{"line":6,"column":72}},"4":{"start":{"line":7,"column":0},"end":{"line":7,"column":9}},"5":{"start":{"line":7,"column":9},"end":{"line":7,"column":27}},"6":{"start":{"line":7,"column":27},"end":{"line":7,"column":60}},"7":{"start":{"line":7,"column":60},"end":{"line":7,"column":80}},"8":{"start":{"line":7,"column":80},"end":{"line":7,"column":133}}},"fnMap":{"0":{"name":"(anonymous_0)","decl":{"start":{"line":5,"column":9},"end":{"line":5,"column":35}},"loc":{"start":{"line":5,"column":9},"end":{"line":5,"column":98}}},"1":{"name":"(anonymous_1)","decl":{"start":{"line":6,"column":9},"end":{"line":6,"column":31}},"loc":{"start":{"line":6,"column":9},"end":{"line":6,"column":72}}},"2":{"name":"(anonymous_2)","decl":{"start":{"line":7,"column":9},"end":{"line":7,"column":25}},"loc":{"start":{"line":7,"column":9},"end":{"line":7,"column":27}}},"3":{"name":"(anonymous_3)","decl":{"start":{"line":7,"column":27},"end":{"line":7,"column":58}},"loc":{"start":{"line":7,"column":27},"end":{"line":7,"column":60}}},"4":{"name":"(anonymous_4)","decl":{"start":{"line":7,"column":60},"end":{"line":7,"column":78}},"loc":{"start":{"line":7,"column":60},"end":{"line":7,"column":80}}},"5":{"name":"(anonymous_5)","decl":{"start":{"line":7,"column":80},"end":{"line":7,"column":102}},"loc":{"start":{"line":7,"column":80},"end":{"line":7,"column":133}}}},"branchMap":{},"s":{"0":0,"1":0,"2":0,"3":0,"4":0,"5":0,"6":0,"7":0,"8":0},"f":{"0":0,"1":0,"2":0,"3":0,"4":0,"5":0},"b":{}}
,"/Users/abraham/Developer/active/ndpr-toolkit/packages/ndpr-toolkit/src/dpia.ts": {"path":"/Users/abraham/Developer/active/ndpr-toolkit/packages/ndpr-toolkit/src/dpia.ts","statementMap":{"0":{"start":{"line":5,"column":0},"end":{"line":5,"column":9}},"1":{"start":{"line":5,"column":9},"end":{"line":5,"column":72}},"2":{"start":{"line":6,"column":0},"end":{"line":6,"column":9}},"3":{"start":{"line":6,"column":9},"end":{"line":6,"column":58}},"4":{"start":{"line":7,"column":0},"end":{"line":7,"column":9}},"5":{"start":{"line":7,"column":9},"end":{"line":7,"column":64}},"6":{"start":{"line":8,"column":0},"end":{"line":8,"column":9}},"7":{"start":{"line":8,"column":9},"end":{"line":8,"column":42}},"8":{"start":{"line":9,"column":0},"end":{"line":9,"column":9}},"9":{"start":{"line":9,"column":9},"end":{"line":9,"column":46}}},"fnMap":{"0":{"name":"(anonymous_0)","decl":{"start":{"line":5,"column":9},"end":{"line":5,"column":26}},"loc":{"start":{"line":5,"column":9},"end":{"line":5,"column":72}}},"1":{"name":"(anonymous_1)","decl":{"start":{"line":6,"column":9},"end":{"line":6,"column":19}},"loc":{"start":{"line":6,"column":9},"end":{"line":6,"column":58}}},"2":{"name":"(anonymous_2)","decl":{"start":{"line":7,"column":9},"end":{"line":7,"column":22}},"loc":{"start":{"line":7,"column":9},"end":{"line":7,"column":64}}},"3":{"name":"(anonymous_3)","decl":{"start":{"line":8,"column":9},"end":{"line":8,"column":16}},"loc":{"start":{"line":8,"column":9},"end":{"line":8,"column":42}}},"4":{"name":"(anonymous_4)","decl":{"start":{"line":9,"column":9},"end":{"line":9,"column":23}},"loc":{"start":{"line":9,"column":9},"end":{"line":9,"column":46}}}},"branchMap":{},"s":{"0":0,"1":0,"2":0,"3":0,"4":0,"5":0,"6":0,"7":0,"8":0,"9":0},"f":{"0":0,"1":0,"2":0,"3":0,"4":0},"b":{}}
,"/Users/abraham/Developer/active/ndpr-toolkit/packages/ndpr-toolkit/src/dsr.ts": {"path":"/Users/abraham/Developer/active/ndpr-toolkit/packages/ndpr-toolkit/src/dsr.ts","statementMap":{"0":{"start":{"line":5,"column":0},"end":{"line":5,"column":9}},"1":{"start":{"line":5,"column":9},"end":{"line":5,"column":65}},"2":{"start":{"line":6,"column":0},"end":{"line":6,"column":9}},"3":{"start":{"line":6,"column":9},"end":{"line":6,"column":61}},"4":{"start":{"line":7,"column":0},"end":{"line":7,"column":9}},"5":{"start":{"line":7,"column":9},"end":{"line":7,"column":57}},"6":{"start":{"line":8,"column":0},"end":{"line":8,"column":9}},"7":{"start":{"line":8,"column":9},"end":{"line":8,"column":40}},"8":{"start":{"line":9,"column":0},"end":{"line":9,"column":9}},"9":{"start":{"line":9,"column":9},"end":{"line":9,"column":47}}},"fnMap":{"0":{"name":"(anonymous_0)","decl":{"start":{"line":5,"column":9},"end":{"line":5,"column":23}},"loc":{"start":{"line":5,"column":9},"end":{"line":5,"column":65}}},"1":{"name":"(anonymous_1)","decl":{"start":{"line":6,"column":9},"end":{"line":6,"column":21}},"loc":{"start":{"line":6,"column":9},"end":{"line":6,"column":61}}},"2":{"name":"(anonymous_2)","decl":{"start":{"line":7,"column":9},"end":{"line":7,"column":19}},"loc":{"start":{"line":7,"column":9},"end":{"line":7,"column":57}}},"3":{"name":"(anonymous_3)","decl":{"start":{"line":8,"column":9},"end":{"line":8,"column":15}},"loc":{"start":{"line":8,"column":9},"end":{"line":8,"column":40}}},"4":{"name":"(anonymous_4)","decl":{"start":{"line":9,"column":9},"end":{"line":9,"column":25}},"loc":{"start":{"line":9,"column":9},"end":{"line":9,"column":47}}}},"branchMap":{},"s":{"0":0,"1":0,"2":0,"3":0,"4":0,"5":0,"6":0,"7":0,"8":0,"9":0},"f":{"0":0,"1":0,"2":0,"3":0,"4":0},"b":{}}
,"/Users/abraham/Developer/active/ndpr-toolkit/packages/ndpr-toolkit/src/hooks-entry.ts": {"path":"/Users/abraham/Developer/active/ndpr-toolkit/packages/ndpr-toolkit/src/hooks-entry.ts","statementMap":{"0":{"start":{"line":19,"column":0},"end":{"line":19,"column":9}},"1":{"start":{"line":19,"column":9},"end":{"line":19,"column":48}},"2":{"start":{"line":20,"column":0},"end":{"line":20,"column":9}},"3":{"start":{"line":20,"column":9},"end":{"line":20,"column":40}},"4":{"start":{"line":21,"column":0},"end":{"line":21,"column":9}},"5":{"start":{"line":21,"column":9},"end":{"line":21,"column":42}},"6":{"start":{"line":22,"column":0},"end":{"line":22,"column":9}},"7":{"start":{"line":22,"column":9},"end":{"line":22,"column":46}},"8":{"start":{"line":23,"column":0},"end":{"line":23,"column":9}},"9":{"start":{"line":23,"column":9},"end":{"line":23,"column":60}},"10":{"start":{"line":24,"column":0},"end":{"line":24,"column":9}},"11":{"start":{"line":24,"column":9},"end":{"line":24,"column":56}},"12":{"start":{"line":25,"column":0},"end":{"line":25,"column":9}},"13":{"start":{"line":25,"column":9},"end":{"line":25,"column":72}},"14":{"start":{"line":26,"column":0},"end":{"line":26,"column":9}},"15":{"start":{"line":26,"column":9},"end":{"line":26,"column":42}}},"fnMap":{"0":{"name":"(anonymous_0)","decl":{"start":{"line":19,"column":9},"end":{"line":19,"column":19}},"loc":{"start":{"line":19,"column":9},"end":{"line":19,"column":48}}},"1":{"name":"(anonymous_1)","decl":{"start":{"line":20,"column":9},"end":{"line":20,"column":15}},"loc":{"start":{"line":20,"column":9},"end":{"line":20,"column":40}}},"2":{"name":"(anonymous_2)","decl":{"start":{"line":21,"column":9},"end":{"line":21,"column":16}},"loc":{"start":{"line":21,"column":9},"end":{"line":21,"column":42}}},"3":{"name":"(anonymous_3)","decl":{"start":{"line":22,"column":9},"end":{"line":22,"column":18}},"loc":{"start":{"line":22,"column":9},"end":{"line":22,"column":46}}},"4":{"name":"(anonymous_4)","decl":{"start":{"line":23,"column":9},"end":{"line":23,"column":25}},"loc":{"start":{"line":23,"column":9},"end":{"line":23,"column":60}}},"5":{"name":"(anonymous_5)","decl":{"start":{"line":24,"column":9},"end":{"line":24,"column":23}},"loc":{"start":{"line":24,"column":9},"end":{"line":24,"column":56}}},"6":{"name":"(anonymous_6)","decl":{"start":{"line":25,"column":9},"end":{"line":25,"column":31}},"loc":{"start":{"line":25,"column":9},"end":{"line":25,"column":72}}},"7":{"name":"(anonymous_7)","decl":{"start":{"line":26,"column":9},"end":{"line":26,"column":16}},"loc":{"start":{"line":26,"column":9},"end":{"line":26,"column":42}}}},"branchMap":{},"s":{"0":0,"1":0,"2":0,"3":0,"4":0,"5":0,"6":0,"7":0,"8":0,"9":0,"10":0,"11":0,"12":0,"13":0,"14":0,"15":0},"f":{"0":0,"1":0,"2":0,"3":0,"4":0,"5":0,"6":0,"7":0},"b":{}}
,"/Users/abraham/Developer/active/ndpr-toolkit/packages/ndpr-toolkit/src/lawful-basis-entry.ts": {"path":"/Users/abraham/Developer/active/ndpr-toolkit/packages/ndpr-toolkit/src/lawful-basis-entry.ts","statementMap":{"0":{"start":{"line":5,"column":0},"end":{"line":5,"column":9}},"1":{"start":{"line":5,"column":9},"end":{"line":5,"column":82}},"2":{"start":{"line":6,"column":0},"end":{"line":6,"column":9}},"3":{"start":{"line":6,"column":9},"end":{"line":6,"column":56}},"4":{"start":{"line":7,"column":0},"end":{"line":7,"column":9}},"5":{"start":{"line":7,"column":9},"end":{"line":7,"column":37}},"6":{"start":{"line":7,"column":37},"end":{"line":7,"column":64}},"7":{"start":{"line":7,"column":64},"end":{"line":7,"column":86}},"8":{"start":{"line":7,"column":86},"end":{"line":7,"column":143}}},"fnMap":{"0":{"name":"(anonymous_0)","decl":{"start":{"line":5,"column":9},"end":{"line":5,"column":27}},"loc":{"start":{"line":5,"column":9},"end":{"line":5,"column":82}}},"1":{"name":"(anonymous_1)","decl":{"start":{"line":6,"column":9},"end":{"line":6,"column":23}},"loc":{"start":{"line":6,"column":9},"end":{"line":6,"column":56}}},"2":{"name":"(anonymous_2)","decl":{"start":{"line":7,"column":9},"end":{"line":7,"column":35}},"loc":{"start":{"line":7,"column":9},"end":{"line":7,"column":37}}},"3":{"name":"(anonymous_3)","decl":{"start":{"line":7,"column":37},"end":{"line":7,"column":62}},"loc":{"start":{"line":7,"column":37},"end":{"line":7,"column":64}}},"4":{"name":"(anonymous_4)","decl":{"start":{"line":7,"column":64},"end":{"line":7,"column":84}},"loc":{"start":{"line":7,"column":64},"end":{"line":7,"column":86}}},"5":{"name":"(anonymous_5)","decl":{"start":{"line":7,"column":86},"end":{"line":7,"column":112}},"loc":{"start":{"line":7,"column":86},"end":{"line":7,"column":143}}}},"branchMap":{},"s":{"0":0,"1":0,"2":0,"3":0,"4":0,"5":0,"6":0,"7":0,"8":0},"f":{"0":0,"1":0,"2":0,"3":0,"4":0,"5":0},"b":{}}
,"/Users/abraham/Developer/active/ndpr-toolkit/packages/ndpr-toolkit/src/policy.ts": {"path":"/Users/abraham/Developer/active/ndpr-toolkit/packages/ndpr-toolkit/src/policy.ts","statementMap":{"0":{"start":{"line":5,"column":0},"end":{"line":5,"column":9}},"1":{"start":{"line":5,"column":9},"end":{"line":5,"column":70}},"2":{"start":{"line":6,"column":0},"end":{"line":6,"column":9}},"3":{"start":{"line":6,"column":9},"end":{"line":6,"column":66}},"4":{"start":{"line":7,"column":0},"end":{"line":7,"column":9}},"5":{"start":{"line":7,"column":9},"end":{"line":7,"column":68}},"6":{"start":{"line":8,"column":0},"end":{"line":8,"column":9}},"7":{"start":{"line":8,"column":9},"end":{"line":8,"column":60}},"8":{"start":{"line":9,"column":0},"end":{"line":9,"column":9}},"9":{"start":{"line":9,"column":9},"end":{"line":9,"column":53}}},"fnMap":{"0":{"name":"(anonymous_0)","decl":{"start":{"line":5,"column":9},"end":{"line":5,"column":24}},"loc":{"start":{"line":5,"column":9},"end":{"line":5,"column":70}}},"1":{"name":"(anonymous_1)","decl":{"start":{"line":6,"column":9},"end":{"line":6,"column":22}},"loc":{"start":{"line":6,"column":9},"end":{"line":6,"column":66}}},"2":{"name":"(anonymous_2)","decl":{"start":{"line":7,"column":9},"end":{"line":7,"column":23}},"loc":{"start":{"line":7,"column":9},"end":{"line":7,"column":68}}},"3":{"name":"(anonymous_3)","decl":{"start":{"line":8,"column":9},"end":{"line":8,"column":25}},"loc":{"start":{"line":8,"column":9},"end":{"line":8,"column":60}}},"4":{"name":"(anonymous_4)","decl":{"start":{"line":9,"column":9},"end":{"line":9,"column":27}},"loc":{"start":{"line":9,"column":9},"end":{"line":9,"column":53}}}},"branchMap":{},"s":{"0":0,"1":0,"2":0,"3":0,"4":0,"5":0,"6":0,"7":0,"8":0,"9":0},"f":{"0":0,"1":0,"2":0,"3":0,"4":0},"b":{}}
,"/Users/abraham/Developer/active/ndpr-toolkit/packages/ndpr-toolkit/src/ropa-entry.ts": {"path":"/Users/abraham/Developer/active/ndpr-toolkit/packages/ndpr-toolkit/src/ropa-entry.ts","statementMap":{"0":{"start":{"line":5,"column":0},"end":{"line":5,"column":9}},"1":{"start":{"line":5,"column":9},"end":{"line":5,"column":60}},"2":{"start":{"line":6,"column":0},"end":{"line":6,"column":9}},"3":{"start":{"line":6,"column":9},"end":{"line":6,"column":42}},"4":{"start":{"line":8,"column":0},"end":{"line":8,"column":9}},"5":{"start":{"line":8,"column":9},"end":{"line":8,"column":35}},"6":{"start":{"line":8,"column":35},"end":{"line":8,"column":56}},"7":{"start":{"line":8,"column":56},"end":{"line":8,"column":73}},"8":{"start":{"line":8,"column":73},"end":{"line":8,"column":118}}},"fnMap":{"0":{"name":"(anonymous_0)","decl":{"start":{"line":5,"column":9},"end":{"line":5,"column":20}},"loc":{"start":{"line":5,"column":9},"end":{"line":5,"column":60}}},"1":{"name":"(anonymous_1)","decl":{"start":{"line":6,"column":9},"end":{"line":6,"column":16}},"loc":{"start":{"line":6,"column":9},"end":{"line":6,"column":42}}},"2":{"name":"(anonymous_2)","decl":{"start":{"line":8,"column":9},"end":{"line":8,"column":33}},"loc":{"start":{"line":8,"column":9},"end":{"line":8,"column":35}}},"3":{"name":"(anonymous_3)","decl":{"start":{"line":8,"column":35},"end":{"line":8,"column":54}},"loc":{"start":{"line":8,"column":35},"end":{"line":8,"column":56}}},"4":{"name":"(anonymous_4)","decl":{"start":{"line":8,"column":56},"end":{"line":8,"column":71}},"loc":{"start":{"line":8,"column":56},"end":{"line":8,"column":73}}},"5":{"name":"(anonymous_5)","decl":{"start":{"line":8,"column":73},"end":{"line":8,"column":95}},"loc":{"start":{"line":8,"column":73},"end":{"line":8,"column":118}}}},"branchMap":{},"s":{"0":0,"1":0,"2":0,"3":0,"4":0,"5":0,"6":0,"7":0,"8":0},"f":{"0":0,"1":0,"2":0,"3":0,"4":0,"5":0},"b":{}}
,"/Users/abraham/Developer/active/ndpr-toolkit/packages/ndpr-toolkit/src/components/breach/BreachNotificationManager.tsx": {"path":"/Users/abraham/Developer/active/ndpr-toolkit/packages/ndpr-toolkit/src/components/breach/BreachNotificationManager.tsx","statementMap":{"0":{"start":{"line":1,"column":0},"end":{"line":1,"column":51}},"1":{"start":{"line":3,"column":0},"end":{"line":3,"column":61}},"2":{"start":{"line":77,"column":83},"end":{"line":701,"column":1}},"3":{"start":{"line":78,"column":15},"end":{"line":78,"column":null}},"4":{"start":{"line":79,"column":17},"end":{"line":79,"column":null}},"5":{"start":{"line":80,"column":25},"end":{"line":80,"column":null}},"6":{"start":{"line":81,"column":16},"end":{"line":81,"column":null}},"7":{"start":{"line":82,"column":21},"end":{"line":82,"column":null}},"8":{"start":{"line":83,"column":23},"end":{"line":83,"column":null}},"9":{"start":{"line":84,"column":2},"end":{"line":84,"column":7}},"10":{"start":{"line":84,"column":7},"end":{"line":84,"column":null}},"11":{"start":{"line":85,"column":2},"end":{"line":85,"column":13}},"12":{"start":{"line":85,"column":13},"end":{"line":85,"column":null}},"13":{"start":{"line":86,"column":2},"end":{"line":86,"column":11}},"14":{"start":{"line":86,"column":11},"end":{"line":86,"column":null}},"15":{"start":{"line":87,"column":2},"end":{"line":87,"column":17}},"16":{"start":{"line":87,"column":17},"end":{"line":87,"column":null}},"17":{"start":{"line":88,"column":2},"end":{"line":88,"column":19}},"18":{"start":{"line":88,"column":19},"end":{"line":88,"column":null}},"19":{"start":{"line":89,"column":2},"end":{"line":89,"column":26}},"20":{"start":{"line":89,"column":26},"end":{"line":89,"column":null}},"21":{"start":{"line":90,"column":2},"end":{"line":90,"column":20}},"22":{"start":{"line":90,"column":20},"end":{"line":90,"column":null}},"23":{"start":{"line":92,"column":50},"end":{"line":92,"column":79}},"24":{"start":{"line":92,"column":25},"end":{"line":92,"column":27}},"25":{"start":{"line":92,"column":46},"end":{"line":92,"column":50}},"26":{"start":{"line":93,"column":50},"end":{"line":93,"column":89}},"27":{"start":{"line":93,"column":25},"end":{"line":93,"column":27}},"28":{"start":{"line":93,"column":46},"end":{"line":93,"column":50}},"29":{"start":{"line":94,"column":42},"end":{"line":94,"column":65}},"30":{"start":{"line":94,"column":21},"end":{"line":94,"column":23}},"31":{"start":{"line":94,"column":38},"end":{"line":94,"column":42}},"32":{"start":{"line":95,"column":38},"end":{"line":95,"column":58}},"33":{"start":{"line":95,"column":19},"end":{"line":95,"column":21}},"34":{"start":{"line":95,"column":34},"end":{"line":95,"column":38}},"35":{"start":{"line":96,"column":30},"end":{"line":96,"column":62}},"36":{"start":{"line":96,"column":15},"end":{"line":96,"column":17}},"37":{"start":{"line":96,"column":26},"end":{"line":96,"column":30}},"38":{"start":{"line":97,"column":44},"end":{"line":97,"column":76}},"39":{"start":{"line":97,"column":22},"end":{"line":97,"column":24}},"40":{"start":{"line":97,"column":40},"end":{"line":97,"column":44}},"41":{"start":{"line":100,"column":2},"end":{"line":148,"column":88}},"42":{"start":{"line":101,"column":16},"end":{"line":101,"column":37}},"43":{"start":{"line":104,"column":4},"end":{"line":106,"column":5}},"44":{"start":{"line":105,"column":6},"end":{"line":105,"column":75}},"45":{"start":{"line":105,"column":43},"end":{"line":105,"column":74}},"46":{"start":{"line":109,"column":4},"end":{"line":117,"column":5}},"47":{"start":{"line":110,"column":19},"end":{"line":110,"column":43}},"48":{"start":{"line":111,"column":6},"end":{"line":116,"column":8}},"49":{"start":{"line":112,"column":8},"end":{"line":115,"column":null}},"50":{"start":{"line":114,"column":46},"end":{"line":114,"column":82}},"51":{"start":{"line":115,"column":38},"end":{"line":115,"column":72}},"52":{"start":{"line":120,"column":4},"end":{"line":145,"column":7}},"53":{"start":{"line":121,"column":23},"end":{"line":121,"column":24}},"54":{"start":{"line":123,"column":6},"end":{"line":142,"column":7}},"55":{"start":{"line":125,"column":10},"end":{"line":125,"column":54}},"56":{"start":{"line":126,"column":10},"end":{"line":126,"column":16}},"57":{"start":{"line":128,"column":10},"end":{"line":128,"column":55}},"58":{"start":{"line":129,"column":10},"end":{"line":129,"column":16}},"59":{"start":{"line":131,"column":10},"end":{"line":131,"column":56}},"60":{"start":{"line":132,"column":10},"end":{"line":132,"column":16}},"61":{"start":{"line":134,"column":30},"end":{"line":134,"column":94}},"62":{"start":{"line":134,"column":65},"end":{"line":134,"column":94}},"63":{"start":{"line":135,"column":30},"end":{"line":135,"column":94}},"64":{"start":{"line":135,"column":65},"end":{"line":135,"column":94}},"65":{"start":{"line":136,"column":29},"end":{"line":136,"column":64}},"66":{"start":{"line":137,"column":29},"end":{"line":137,"column":64}},"67":{"start":{"line":138,"column":10},"end":{"line":138,"column":60}},"68":{"start":{"line":139,"column":10},"end":{"line":139,"column":16}},"69":{"start":{"line":141,"column":10},"end":{"line":141,"column":55}},"70":{"start":{"line":144,"column":6},"end":{"line":144,"column":64}},"71":{"start":{"line":147,"column":4},"end":{"line":147,"column":34}},"72":{"start":{"line":151,"column":2},"end":{"line":155,"column":43}},"73":{"start":{"line":152,"column":4},"end":{"line":154,"column":5}},"74":{"start":{"line":153,"column":6},"end":{"line":153,"column":50}},"75":{"start":{"line":158,"column":29},"end":{"line":163,"column":3}},"76":{"start":{"line":159,"column":4},"end":{"line":159,"column":34}},"77":{"start":{"line":160,"column":4},"end":{"line":162,"column":5}},"78":{"start":{"line":161,"column":6},"end":{"line":161,"column":31}},"79":{"start":{"line":166,"column":34},"end":{"line":170,"column":3}},"80":{"start":{"line":167,"column":4},"end":{"line":169,"column":5}},"81":{"start":{"line":168,"column":6},"end":{"line":168,"column":44}},"82":{"start":{"line":173,"column":36},"end":{"line":177,"column":3}},"83":{"start":{"line":174,"column":4},"end":{"line":176,"column":5}},"84":{"start":{"line":175,"column":6},"end":{"line":175,"column":46}},"85":{"start":{"line":180,"column":21},"end":{"line":182,"column":3}},"86":{"start":{"line":181,"column":4},"end":{"line":181,"column":48}},"87":{"start":{"line":185,"column":25},"end":{"line":187,"column":10}},"88":{"start":{"line":186,"column":35},"end":{"line":186,"column":66}},"89":{"start":{"line":190,"column":29},"end":{"line":192,"column":10}},"90":{"start":{"line":191,"column":41},"end":{"line":191,"column":82}},"91":{"start":{"line":195,"column":31},"end":{"line":197,"column":10}},"92":{"start":{"line":196,"column":51},"end":{"line":196,"column":94}},"93":{"start":{"line":200,"column":35},"end":{"line":202,"column":10}},"94":{"start":{"line":209,"column":19},"end":{"line":209,"column":75}},"95":{"start":{"line":212,"column":21},"end":{"line":212,"column":83}},"96":{"start":{"line":214,"column":4},"end":{"line":219,"column":6}},"97":{"start":{"line":224,"column":16},"end":{"line":224,"column":26}},"98":{"start":{"line":225,"column":22},"end":{"line":225,"column":57}},"99":{"start":{"line":226,"column":4},"end":{"line":226,"column":40}},"100":{"start":{"line":230,"column":31},"end":{"line":245,"column":3}},"101":{"start":{"line":231,"column":4},"end":{"line":231,"column":28}},"102":{"start":{"line":231,"column":16},"end":{"line":231,"column":28}},"103":{"start":{"line":233,"column":25},"end":{"line":238,"column":6}},"104":{"start":{"line":240,"column":4},"end":{"line":244,"column":6}},"105":{"start":{"line":248,"column":28},"end":{"line":260,"column":3}},"106":{"start":{"line":249,"column":25},"end":{"line":253,"column":6}},"107":{"start":{"line":255,"column":4},"end":{"line":259,"column":6}},"108":{"start":{"line":263,"column":35},"end":{"line":330,"column":3}},"109":{"start":{"line":264,"column":4},"end":{"line":264,"column":66}},"110":{"start":{"line":264,"column":54},"end":{"line":264,"column":66}},"111":{"start":{"line":266,"column":4},"end":{"line":277,"column":5}},"112":{"start":{"line":267,"column":6},"end":{"line":276,"column":8}},"113":{"start":{"line":279,"column":4},"end":{"line":290,"column":5}},"114":{"start":{"line":280,"column":6},"end":{"line":289,"column":8}},"115":{"start":{"line":292,"column":27},"end":{"line":292,"column":101}},"116":{"start":{"line":294,"column":4},"end":{"line":305,"column":5}},"117":{"start":{"line":295,"column":6},"end":{"line":304,"column":8}},"118":{"start":{"line":307,"column":4},"end":{"line":318,"column":5}},"119":{"start":{"line":308,"column":6},"end":{"line":317,"column":8}},"120":{"start":{"line":320,"column":4},"end":{"line":329,"column":6}},"121":{"start":{"line":333,"column":37},"end":{"line":398,"column":3}},"122":{"start":{"line":334,"column":4},"end":{"line":334,"column":37}},"123":{"start":{"line":334,"column":25},"end":{"line":334,"column":37}},"124":{"start":{"line":336,"column":21},"end":{"line":351,"column":6}},"125":{"start":{"line":353,"column":4},"end":{"line":362,"column":5}},"126":{"start":{"line":354,"column":6},"end":{"line":361,"column":9}},"127":{"start":{"line":364,"column":4},"end":{"line":371,"column":5}},"128":{"start":{"line":365,"column":6},"end":{"line":370,"column":9}},"129":{"start":{"line":373,"column":4},"end":{"line":397,"column":6}},"130":{"start":{"line":377,"column":41},"end":{"line":394,"column":12}},"131":{"start":{"line":400,"column":2},"end":{"line":700,"column":4}},"132":{"start":{"line":414,"column":27},"end":{"line":414,"column":null}},"133":{"start":{"line":431,"column":27},"end":{"line":431,"column":null}},"134":{"start":{"line":449,"column":27},"end":{"line":449,"column":null}},"135":{"start":{"line":469,"column":35},"end":{"line":469,"column":86}},"136":{"start":{"line":469,"column":61},"end":{"line":469,"column":86}},"137":{"start":{"line":470,"column":37},"end":{"line":470,"column":96}},"138":{"start":{"line":470,"column":71},"end":{"line":470,"column":96}},"139":{"start":{"line":471,"column":37},"end":{"line":471,"column":90}},"140":{"start":{"line":474,"column":41},"end":{"line":474,"column":45}},"141":{"start":{"line":475,"column":16},"end":{"line":510,"column":17}},"142":{"start":{"line":476,"column":18},"end":{"line":503,"column":19}},"143":{"start":{"line":477,"column":20},"end":{"line":481,"column":22}},"144":{"start":{"line":483,"column":43},"end":{"line":483,"column":105}},"145":{"start":{"line":484,"column":20},"end":{"line":502,"column":21}},"146":{"start":{"line":485,"column":22},"end":{"line":489,"column":24}},"147":{"start":{"line":490,"column":27},"end":{"line":502,"column":21}},"148":{"start":{"line":491,"column":22},"end":{"line":495,"column":24}},"149":{"start":{"line":497,"column":22},"end":{"line":501,"column":24}},"150":{"start":{"line":505,"column":18},"end":{"line":509,"column":20}},"151":{"start":{"line":512,"column":16},"end":{"line":538,"column":18}},"152":{"start":{"line":520,"column":35},"end":{"line":520,"column":null}},"153":{"start":{"line":77,"column":13},"end":{"line":77,"column":83}}},"fnMap":{"0":{"name":"(anonymous_10)","decl":{"start":{"line":77,"column":83},"end":{"line":77,"column":84}},"loc":{"start":{"line":91,"column":1},"end":{"line":701,"column":1}}},"1":{"name":"(anonymous_11)","decl":{"start":{"line":100,"column":12},"end":{"line":100,"column":null}},"loc":{"start":{"line":100,"column":12},"end":{"line":148,"column":3}}},"2":{"name":"(anonymous_12)","decl":{"start":{"line":105,"column":33},"end":{"line":105,"column":39}},"loc":{"start":{"line":105,"column":39},"end":{"line":105,"column":49}}},"3":{"name":"(anonymous_13)","decl":{"start":{"line":111,"column":33},"end":{"line":111,"column":39}},"loc":{"start":{"line":111,"column":39},"end":{"line":112,"column":14}}},"4":{"name":"(anonymous_14)","decl":{"start":{"line":114,"column":36},"end":{"line":114,"column":42}},"loc":{"start":{"line":114,"column":42},"end":{"line":114,"column":52}}},"5":{"name":"(anonymous_15)","decl":{"start":{"line":115,"column":30},"end":{"line":115,"column":34}},"loc":{"start":{"line":115,"column":34},"end":{"line":115,"column":42}}},"6":{"name":"(anonymous_16)","decl":{"start":{"line":120,"column":18},"end":{"line":120,"column":19}},"loc":{"start":{"line":120,"column":23},"end":{"line":145,"column":5}}},"7":{"name":"(anonymous_17)","decl":{"start":{"line":134,"column":51},"end":{"line":134,"column":61}},"loc":{"start":{"line":134,"column":61},"end":{"line":134,"column":75}}},"8":{"name":"(anonymous_18)","decl":{"start":{"line":135,"column":51},"end":{"line":135,"column":61}},"loc":{"start":{"line":135,"column":61},"end":{"line":135,"column":75}}},"9":{"name":"(anonymous_19)","decl":{"start":{"line":151,"column":12},"end":{"line":151,"column":null}},"loc":{"start":{"line":151,"column":12},"end":{"line":155,"column":3}}},"10":{"name":"(anonymous_20)","decl":{"start":{"line":158,"column":29},"end":{"line":158,"column":30}},"loc":{"start":{"line":158,"column":46},"end":{"line":163,"column":3}}},"11":{"name":"(anonymous_21)","decl":{"start":{"line":166,"column":34},"end":{"line":166,"column":null}},"loc":{"start":{"line":166,"column":34},"end":{"line":170,"column":3}}},"12":{"name":"(anonymous_22)","decl":{"start":{"line":173,"column":36},"end":{"line":173,"column":null}},"loc":{"start":{"line":173,"column":36},"end":{"line":177,"column":3}}},"13":{"name":"(anonymous_23)","decl":{"start":{"line":180,"column":21},"end":{"line":180,"column":22}},"loc":{"start":{"line":180,"column":39},"end":{"line":182,"column":3}}},"14":{"name":"(anonymous_24)","decl":{"start":{"line":186,"column":25},"end":{"line":186,"column":31}},"loc":{"start":{"line":186,"column":31},"end":{"line":186,"column":41}}},"15":{"name":"(anonymous_25)","decl":{"start":{"line":191,"column":27},"end":{"line":191,"column":37}},"loc":{"start":{"line":191,"column":37},"end":{"line":191,"column":51}}},"16":{"name":"(anonymous_26)","decl":{"start":{"line":196,"column":35},"end":{"line":196,"column":47}},"loc":{"start":{"line":196,"column":47},"end":{"line":196,"column":63}}},"17":{"name":"calculateNotificationRequirements","decl":{"start":{"line":205,"column":11},"end":{"line":205,"column":44}},"loc":{"start":{"line":207,"column":38},"end":{"line":220,"column":3}}},"18":{"name":"calculateHoursRemaining","decl":{"start":{"line":223,"column":11},"end":{"line":223,"column":34}},"loc":{"start":{"line":223,"column":51},"end":{"line":227,"column":3}}},"19":{"name":"(anonymous_29)","decl":{"start":{"line":230,"column":31},"end":{"line":230,"column":32}},"loc":{"start":{"line":230,"column":78},"end":{"line":245,"column":3}}},"20":{"name":"(anonymous_30)","decl":{"start":{"line":248,"column":28},"end":{"line":248,"column":29}},"loc":{"start":{"line":248,"column":43},"end":{"line":260,"column":3}}},"21":{"name":"(anonymous_31)","decl":{"start":{"line":263,"column":35},"end":{"line":263,"column":null}},"loc":{"start":{"line":263,"column":35},"end":{"line":330,"column":3}}},"22":{"name":"(anonymous_32)","decl":{"start":{"line":333,"column":37},"end":{"line":333,"column":null}},"loc":{"start":{"line":333,"column":37},"end":{"line":398,"column":3}}},"23":{"name":"(anonymous_33)","decl":{"start":{"line":377,"column":24},"end":{"line":377,"column":25}},"loc":{"start":{"line":377,"column":36},"end":{"line":377,"column":null}}},"24":{"name":"(anonymous_34)","decl":{"start":{"line":414,"column":22},"end":{"line":414,"column":23}},"loc":{"start":{"line":414,"column":23},"end":{"line":414,"column":42}}},"25":{"name":"(anonymous_35)","decl":{"start":{"line":431,"column":22},"end":{"line":431,"column":23}},"loc":{"start":{"line":431,"column":23},"end":{"line":431,"column":36}}},"26":{"name":"(anonymous_36)","decl":{"start":{"line":449,"column":22},"end":{"line":449,"column":23}},"loc":{"start":{"line":449,"column":23},"end":{"line":449,"column":40}}},"27":{"name":"(anonymous_37)","decl":{"start":{"line":468,"column":36},"end":{"line":468,"column":42}},"loc":{"start":{"line":468,"column":42},"end":{"line":539,"column":15}}},"28":{"name":"(anonymous_38)","decl":{"start":{"line":469,"column":56},"end":{"line":469,"column":57}},"loc":{"start":{"line":469,"column":57},"end":{"line":469,"column":62}}},"29":{"name":"(anonymous_39)","decl":{"start":{"line":470,"column":66},"end":{"line":470,"column":67}},"loc":{"start":{"line":470,"column":67},"end":{"line":470,"column":72}}},"30":{"name":"(anonymous_40)","decl":{"start":{"line":520,"column":29},"end":{"line":520,"column":35}},"loc":{"start":{"line":520,"column":29},"end":{"line":520,"column":53}}}},"branchMap":{"0":{"loc":{"start":{"line":84,"column":7},"end":{"line":84,"column":null}},"type":"cond-expr","locations":[{"start":{"line":84,"column":10},"end":{"line":84,"column":39}},{"start":{"line":84,"column":39},"end":{"line":84,"column":null}}]},"1":{"loc":{"start":{"line":85,"column":13},"end":{"line":85,"column":null}},"type":"cond-expr","locations":[{"start":{"line":85,"column":16},"end":{"line":85,"column":95}},{"start":{"line":85,"column":95},"end":{"line":85,"column":null}}]},"2":{"loc":{"start":{"line":86,"column":11},"end":{"line":86,"column":null}},"type":"cond-expr","locations":[{"start":{"line":86,"column":14},"end":{"line":86,"column":16}},{"start":{"line":86,"column":16},"end":{"line":86,"column":null}}]},"3":{"loc":{"start":{"line":87,"column":17},"end":{"line":87,"column":null}},"type":"cond-expr","locations":[{"start":{"line":87,"column":20},"end":{"line":87,"column":22}},{"start":{"line":87,"column":22},"end":{"line":87,"column":null}}]},"4":{"loc":{"start":{"line":88,"column":19},"end":{"line":88,"column":null}},"type":"cond-expr","locations":[{"start":{"line":88,"column":22},"end":{"line":88,"column":26}},{"start":{"line":88,"column":26},"end":{"line":88,"column":null}}]},"5":{"loc":{"start":{"line":89,"column":26},"end":{"line":89,"column":null}},"type":"cond-expr","locations":[{"start":{"line":89,"column":29},"end":{"line":89,"column":33}},{"start":{"line":89,"column":33},"end":{"line":89,"column":null}}]},"6":{"loc":{"start":{"line":90,"column":20},"end":{"line":90,"column":null}},"type":"cond-expr","locations":[{"start":{"line":90,"column":23},"end":{"line":90,"column":27}},{"start":{"line":90,"column":27},"end":{"line":90,"column":null}}]},"7":{"loc":{"start":{"line":104,"column":4},"end":{"line":106,"column":5}},"type":"if","locations":[{"start":{"line":104,"column":4},"end":{"line":106,"column":5}}]},"8":{"loc":{"start":{"line":109,"column":4},"end":{"line":117,"column":5}},"type":"if","locations":[{"start":{"line":109,"column":4},"end":{"line":117,"column":5}}]},"9":{"loc":{"start":{"line":112,"column":8},"end":{"line":115,"column":72}},"type":"binary-expr","locations":[{"start":{"line":112,"column":8},"end":{"line":112,"column":49}},{"start":{"line":113,"column":8},"end":{"line":113,"column":55}},{"start":{"line":114,"column":8},"end":{"line":114,"column":82}},{"start":{"line":115,"column":8},"end":{"line":115,"column":72}}]},"10":{"loc":{"start":{"line":123,"column":6},"end":{"line":142,"column":7}},"type":"switch","locations":[{"start":{"line":124,"column":8},"end":{"line":126,"column":16}},{"start":{"line":127,"column":8},"end":{"line":129,"column":16}},{"start":{"line":130,"column":8},"end":{"line":132,"column":16}},{"start":{"line":133,"column":8},"end":{"line":139,"column":16}},{"start":{"line":140,"column":8},"end":{"line":141,"column":55}}]},"11":{"loc":{"start":{"line":136,"column":29},"end":{"line":136,"column":64}},"type":"binary-expr","locations":[{"start":{"line":136,"column":29},"end":{"line":136,"column":51}},{"start":{"line":136,"column":55},"end":{"line":136,"column":64}}]},"12":{"loc":{"start":{"line":136,"column":29},"end":{"line":136,"column":51}},"type":"cond-expr","locations":[{"start":{"line":136,"column":40},"end":{"line":136,"column":42}},{"start":{"line":136,"column":29},"end":{"line":136,"column":51}}]},"13":{"loc":{"start":{"line":136,"column":29},"end":{"line":136,"column":42}},"type":"binary-expr","locations":[{"start":{"line":136,"column":29},"end":{"line":136,"column":42}},{"start":{"line":136,"column":29},"end":{"line":136,"column":42}}]},"14":{"loc":{"start":{"line":137,"column":29},"end":{"line":137,"column":64}},"type":"binary-expr","locations":[{"start":{"line":137,"column":29},"end":{"line":137,"column":51}},{"start":{"line":137,"column":55},"end":{"line":137,"column":64}}]},"15":{"loc":{"start":{"line":137,"column":29},"end":{"line":137,"column":51}},"type":"cond-expr","locations":[{"start":{"line":137,"column":40},"end":{"line":137,"column":42}},{"start":{"line":137,"column":29},"end":{"line":137,"column":51}}]},"16":{"loc":{"start":{"line":137,"column":29},"end":{"line":137,"column":42}},"type":"binary-expr","locations":[{"start":{"line":137,"column":29},"end":{"line":137,"column":42}},{"start":{"line":137,"column":29},"end":{"line":137,"column":42}}]},"17":{"loc":{"start":{"line":144,"column":13},"end":{"line":144,"column":63}},"type":"cond-expr","locations":[{"start":{"line":144,"column":39},"end":{"line":144,"column":49}},{"start":{"line":144,"column":52},"end":{"line":144,"column":63}}]},"18":{"loc":{"start":{"line":152,"column":4},"end":{"line":154,"column":5}},"type":"if","locations":[{"start":{"line":152,"column":4},"end":{"line":154,"column":5}}]},"19":{"loc":{"start":{"line":152,"column":8},"end":{"line":152,"column":56}},"type":"binary-expr","locations":[{"start":{"line":152,"column":8},"end":{"line":152,"column":35}},{"start":{"line":152,"column":39},"end":{"line":152,"column":56}}]},"20":{"loc":{"start":{"line":160,"column":4},"end":{"line":162,"column":5}},"type":"if","locations":[{"start":{"line":160,"column":4},"end":{"line":162,"column":5}}]},"21":{"loc":{"start":{"line":167,"column":4},"end":{"line":169,"column":5}},"type":"if","locations":[{"start":{"line":167,"column":4},"end":{"line":169,"column":5}}]},"22":{"loc":{"start":{"line":167,"column":8},"end":{"line":167,"column":47}},"type":"binary-expr","locations":[{"start":{"line":167,"column":8},"end":{"line":167,"column":24}},{"start":{"line":167,"column":28},"end":{"line":167,"column":47}}]},"23":{"loc":{"start":{"line":174,"column":4},"end":{"line":176,"column":5}},"type":"if","locations":[{"start":{"line":174,"column":4},"end":{"line":176,"column":5}}]},"24":{"loc":{"start":{"line":174,"column":8},"end":{"line":174,"column":49}},"type":"binary-expr","locations":[{"start":{"line":174,"column":8},"end":{"line":174,"column":24}},{"start":{"line":174,"column":28},"end":{"line":174,"column":49}}]},"25":{"loc":{"start":{"line":185,"column":25},"end":{"line":187,"column":10}},"type":"cond-expr","locations":[{"start":{"line":186,"column":6},"end":{"line":186,"column":66}},{"start":{"line":187,"column":6},"end":{"line":187,"column":10}}]},"26":{"loc":{"start":{"line":190,"column":29},"end":{"line":192,"column":10}},"type":"cond-expr","locations":[{"start":{"line":191,"column":6},"end":{"line":191,"column":82}},{"start":{"line":192,"column":6},"end":{"line":192,"column":10}}]},"27":{"loc":{"start":{"line":195,"column":31},"end":{"line":197,"column":10}},"type":"cond-expr","locations":[{"start":{"line":196,"column":6},"end":{"line":196,"column":94}},{"start":{"line":197,"column":6},"end":{"line":197,"column":10}}]},"28":{"loc":{"start":{"line":200,"column":35},"end":{"line":202,"column":10}},"type":"cond-expr","locations":[{"start":{"line":201,"column":6},"end":{"line":201,"column":75}},{"start":{"line":202,"column":6},"end":{"line":202,"column":10}}]},"29":{"loc":{"start":{"line":209,"column":51},"end":{"line":209,"column":74}},"type":"binary-expr","locations":[{"start":{"line":209,"column":51},"end":{"line":209,"column":61}},{"start":{"line":209,"column":65},"end":{"line":209,"column":74}}]},"30":{"loc":{"start":{"line":217,"column":39},"end":{"line":217,"column":88}},"type":"binary-expr","locations":[{"start":{"line":217,"column":39},"end":{"line":217,"column":79}},{"start":{"line":217,"column":83},"end":{"line":217,"column":88}}]},"31":{"loc":{"start":{"line":217,"column":39},"end":{"line":217,"column":79}},"type":"cond-expr","locations":[{"start":{"line":217,"column":49},"end":{"line":217,"column":51}},{"start":{"line":217,"column":39},"end":{"line":217,"column":79}}]},"32":{"loc":{"start":{"line":217,"column":39},"end":{"line":217,"column":51}},"type":"binary-expr","locations":[{"start":{"line":217,"column":39},"end":{"line":217,"column":51}},{"start":{"line":217,"column":39},"end":{"line":217,"column":51}}]},"33":{"loc":{"start":{"line":231,"column":4},"end":{"line":231,"column":28}},"type":"if","locations":[{"start":{"line":231,"column":4},"end":{"line":231,"column":28}}]},"34":{"loc":{"start":{"line":256,"column":64},"end":{"line":256,"column":180}},"type":"binary-expr","locations":[{"start":{"line":256,"column":64},"end":{"line":256,"column":113}},{"start":{"line":256,"column":117},"end":{"line":256,"column":180}}]},"35":{"loc":{"start":{"line":264,"column":4},"end":{"line":264,"column":66}},"type":"if","locations":[{"start":{"line":264,"column":4},"end":{"line":264,"column":66}}]},"36":{"loc":{"start":{"line":264,"column":8},"end":{"line":264,"column":52}},"type":"binary-expr","locations":[{"start":{"line":264,"column":8},"end":{"line":264,"column":23}},{"start":{"line":264,"column":27},"end":{"line":264,"column":52}}]},"37":{"loc":{"start":{"line":266,"column":4},"end":{"line":277,"column":5}},"type":"if","locations":[{"start":{"line":266,"column":4},"end":{"line":277,"column":5}}]},"38":{"loc":{"start":{"line":279,"column":4},"end":{"line":290,"column":5}},"type":"if","locations":[{"start":{"line":279,"column":4},"end":{"line":290,"column":5}}]},"39":{"loc":{"start":{"line":294,"column":4},"end":{"line":305,"column":5}},"type":"if","locations":[{"start":{"line":294,"column":4},"end":{"line":305,"column":5}}]},"40":{"loc":{"start":{"line":307,"column":4},"end":{"line":318,"column":5}},"type":"if","locations":[{"start":{"line":307,"column":4},"end":{"line":318,"column":5}}]},"41":{"loc":{"start":{"line":334,"column":4},"end":{"line":334,"column":37}},"type":"if","locations":[{"start":{"line":334,"column":4},"end":{"line":334,"column":37}}]},"42":{"loc":{"start":{"line":345,"column":14},"end":{"line":345,"column":44}},"type":"cond-expr","locations":[{"start":{"line":345,"column":32},"end":{"line":345,"column":34}},{"start":{"line":345,"column":14},"end":{"line":345,"column":44}}]},"43":{"loc":{"start":{"line":345,"column":14},"end":{"line":345,"column":34}},"type":"binary-expr","locations":[{"start":{"line":345,"column":14},"end":{"line":345,"column":34}},{"start":{"line":345,"column":14},"end":{"line":345,"column":34}}]},"44":{"loc":{"start":{"line":347,"column":21},"end":{"line":349,"column":57}},"type":"cond-expr","locations":[{"start":{"line":348,"column":12},"end":{"line":348,"column":88}},{"start":{"line":349,"column":12},"end":{"line":349,"column":57}}]},"45":{"loc":{"start":{"line":353,"column":4},"end":{"line":362,"column":5}},"type":"if","locations":[{"start":{"line":353,"column":4},"end":{"line":362,"column":5}}]},"46":{"loc":{"start":{"line":353,"column":8},"end":{"line":353,"column":58}},"type":"cond-expr","locations":[{"start":{"line":353,"column":32},"end":{"line":353,"column":34}},{"start":{"line":353,"column":8},"end":{"line":353,"column":58}}]},"47":{"loc":{"start":{"line":353,"column":8},"end":{"line":353,"column":34}},"type":"binary-expr","locations":[{"start":{"line":353,"column":8},"end":{"line":353,"column":34}},{"start":{"line":353,"column":8},"end":{"line":353,"column":34}}]},"48":{"loc":{"start":{"line":356,"column":14},"end":{"line":356,"column":42}},"type":"cond-expr","locations":[{"start":{"line":356,"column":34},"end":{"line":356,"column":36}},{"start":{"line":356,"column":14},"end":{"line":356,"column":42}}]},"49":{"loc":{"start":{"line":356,"column":14},"end":{"line":356,"column":36}},"type":"binary-expr","locations":[{"start":{"line":356,"column":14},"end":{"line":356,"column":36}},{"start":{"line":356,"column":14},"end":{"line":356,"column":36}}]},"50":{"loc":{"start":{"line":358,"column":21},"end":{"line":360,"column":120}},"type":"cond-expr","locations":[{"start":{"line":359,"column":12},"end":{"line":359,"column":90}},{"start":{"line":360,"column":12},"end":{"line":360,"column":120}}]},"51":{"loc":{"start":{"line":364,"column":4},"end":{"line":371,"column":5}},"type":"if","locations":[{"start":{"line":364,"column":4},"end":{"line":371,"column":5}}]},"52":{"loc":{"start":{"line":364,"column":8},"end":{"line":364,"column":65}},"type":"cond-expr","locations":[{"start":{"line":364,"column":32},"end":{"line":364,"column":34}},{"start":{"line":364,"column":8},"end":{"line":364,"column":65}}]},"53":{"loc":{"start":{"line":364,"column":8},"end":{"line":364,"column":34}},"type":"binary-expr","locations":[{"start":{"line":364,"column":8},"end":{"line":364,"column":34}},{"start":{"line":364,"column":8},"end":{"line":364,"column":34}}]},"54":{"loc":{"start":{"line":380,"column":16},"end":{"line":382,"column":87}},"type":"cond-expr","locations":[{"start":{"line":381,"column":20},"end":{"line":381,"column":73}},{"start":{"line":382,"column":20},"end":{"line":382,"column":87}}]},"55":{"loc":{"start":{"line":385,"column":17},"end":{"line":385,"column":62}},"type":"cond-expr","locations":[{"start":{"line":385,"column":29},"end":{"line":385,"column":50}},{"start":{"line":385,"column":53},"end":{"line":385,"column":62}}]},"56":{"loc":{"start":{"line":462,"column":11},"end":{"line":540,"column":null}},"type":"cond-expr","locations":[{"start":{"line":463,"column":12},"end":{"line":463,"column":null}},{"start":{"line":467,"column":12},"end":{"line":539,"column":null}}]},"57":{"loc":{"start":{"line":475,"column":16},"end":{"line":510,"column":17}},"type":"if","locations":[{"start":{"line":475,"column":16},"end":{"line":510,"column":17}},{"start":{"line":504,"column":23},"end":{"line":510,"column":17}}]},"58":{"loc":{"start":{"line":475,"column":20},"end":{"line":475,"column":58}},"type":"cond-expr","locations":[{"start":{"line":475,"column":32},"end":{"line":475,"column":34}},{"start":{"line":475,"column":20},"end":{"line":475,"column":58}}]},"59":{"loc":{"start":{"line":475,"column":20},"end":{"line":475,"column":34}},"type":"binary-expr","locations":[{"start":{"line":475,"column":20},"end":{"line":475,"column":34}},{"start":{"line":475,"column":20},"end":{"line":475,"column":34}}]},"60":{"loc":{"start":{"line":476,"column":18},"end":{"line":503,"column":19}},"type":"if","locations":[{"start":{"line":476,"column":18},"end":{"line":503,"column":19}},{"start":{"line":482,"column":25},"end":{"line":503,"column":19}}]},"61":{"loc":{"start":{"line":484,"column":20},"end":{"line":502,"column":21}},"type":"if","locations":[{"start":{"line":484,"column":20},"end":{"line":502,"column":21}},{"start":{"line":490,"column":27},"end":{"line":502,"column":21}}]},"62":{"loc":{"start":{"line":490,"column":27},"end":{"line":502,"column":21}},"type":"if","locations":[{"start":{"line":490,"column":27},"end":{"line":502,"column":21}},{"start":{"line":496,"column":27},"end":{"line":502,"column":21}}]},"63":{"loc":{"start":{"line":516,"column":22},"end":{"line":518,"column":96}},"type":"cond-expr","locations":[{"start":{"line":517,"column":26},"end":{"line":517,"column":102}},{"start":{"line":518,"column":26},"end":{"line":518,"column":96}}]},"64":{"loc":{"start":{"line":531,"column":25},"end":{"line":531,"column":81}},"type":"binary-expr","locations":[{"start":{"line":531,"column":25},"end":{"line":531,"column":35}},{"start":{"line":531,"column":39},"end":{"line":531,"column":81}}]},"65":{"loc":{"start":{"line":546,"column":11},"end":{"line":695,"column":null}},"type":"cond-expr","locations":[{"start":{"line":547,"column":12},"end":{"line":688,"column":null}},{"start":{"line":691,"column":12},"end":{"line":694,"column":null}}]},"66":{"loc":{"start":{"line":554,"column":15},"end":{"line":557,"column":null}},"type":"binary-expr","locations":[{"start":{"line":554,"column":15},"end":{"line":554,"column":33}},{"start":{"line":555,"column":16},"end":{"line":556,"column":null}}]},"67":{"loc":{"start":{"line":561,"column":15},"end":{"line":595,"column":null}},"type":"binary-expr","locations":[{"start":{"line":561,"column":15},"end":{"line":561,"column":32}},{"start":{"line":562,"column":16},"end":{"line":594,"column":null}}]},"68":{"loc":{"start":{"line":566,"column":23},"end":{"line":567,"column":null}},"type":"binary-expr","locations":[{"start":{"line":566,"column":23},"end":{"line":566,"column":48}},{"start":{"line":567,"column":24},"end":{"line":567,"column":137}}]},"69":{"loc":{"start":{"line":575,"column":81},"end":{"line":575,"column":134}},"type":"binary-expr","locations":[{"start":{"line":575,"column":81},"end":{"line":575,"column":121}},{"start":{"line":575,"column":125},"end":{"line":575,"column":134}}]},"70":{"loc":{"start":{"line":587,"column":19},"end":{"line":593,"column":null}},"type":"binary-expr","locations":[{"start":{"line":587,"column":19},"end":{"line":587,"column":48}},{"start":{"line":588,"column":20},"end":{"line":592,"column":null}}]},"71":{"loc":{"start":{"line":602,"column":17},"end":{"line":635,"column":null}},"type":"cond-expr","locations":[{"start":{"line":603,"column":18},"end":{"line":622,"column":null}},{"start":{"line":625,"column":18},"end":{"line":634,"column":null}}]},"72":{"loc":{"start":{"line":612,"column":90},"end":{"line":612,"column":148}},"type":"cond-expr","locations":[{"start":{"line":612,"column":136},"end":{"line":612,"column":141}},{"start":{"line":612,"column":144},"end":{"line":612,"column":148}}]},"73":{"loc":{"start":{"line":615,"column":95},"end":{"line":615,"column":157}},"type":"cond-expr","locations":[{"start":{"line":615,"column":145},"end":{"line":615,"column":150}},{"start":{"line":615,"column":153},"end":{"line":615,"column":157}}]},"74":{"loc":{"start":{"line":643,"column":17},"end":{"line":683,"column":null}},"type":"cond-expr","locations":[{"start":{"line":644,"column":18},"end":{"line":660,"column":null}},{"start":{"line":663,"column":18},"end":{"line":682,"column":null}}]},"75":{"loc":{"start":{"line":651,"column":21},"end":{"line":654,"column":null}},"type":"binary-expr","locations":[{"start":{"line":651,"column":21},"end":{"line":651,"column":57}},{"start":{"line":652,"column":22},"end":{"line":653,"column":null}}]},"76":{"loc":{"start":{"line":656,"column":21},"end":{"line":659,"column":null}},"type":"binary-expr","locations":[{"start":{"line":656,"column":22},"end":{"line":656,"column":54}},{"start":{"line":656,"column":58},"end":{"line":656,"column":91}},{"start":{"line":657,"column":22},"end":{"line":658,"column":null}}]},"77":{"loc":{"start":{"line":658,"column":76},"end":{"line":658,"column":153}},"type":"cond-expr","locations":[{"start":{"line":658,"column":147},"end":{"line":658,"column":149}},{"start":{"line":658,"column":147},"end":{"line":658,"column":153}}]},"78":{"loc":{"start":{"line":658,"column":76},"end":{"line":658,"column":149}},"type":"binary-expr","locations":[{"start":{"line":658,"column":76},"end":{"line":658,"column":149}},{"start":{"line":658,"column":147},"end":{"line":658,"column":149}}]},"79":{"loc":{"start":{"line":658,"column":77},"end":{"line":658,"column":146}},"type":"binary-expr","locations":[{"start":{"line":658,"column":77},"end":{"line":658,"column":109}},{"start":{"line":658,"column":113},"end":{"line":658,"column":146}}]},"80":{"loc":{"start":{"line":664,"column":21},"end":{"line":681,"column":null}},"type":"cond-expr","locations":[{"start":{"line":665,"column":22},"end":{"line":674,"column":null}},{"start":{"line":677,"column":22},"end":{"line":680,"column":null}}]},"81":{"loc":{"start":{"line":664,"column":21},"end":{"line":664,"column":71}},"type":"cond-expr","locations":[{"start":{"line":664,"column":45},"end":{"line":664,"column":47}},{"start":{"line":664,"column":21},"end":{"line":664,"column":71}}]},"82":{"loc":{"start":{"line":664,"column":21},"end":{"line":664,"column":47}},"type":"binary-expr","locations":[{"start":{"line":664,"column":21},"end":{"line":664,"column":47}},{"start":{"line":664,"column":21},"end":{"line":664,"column":47}}]},"83":{"loc":{"start":{"line":688,"column":15},"end":{"line":688,"column":71}},"type":"binary-expr","locations":[{"start":{"line":688,"column":15},"end":{"line":688,"column":39}},{"start":{"line":688,"column":43},"end":{"line":688,"column":71}}]}},"s":{"0":0,"1":0,"2":0,"3":0,"4":0,"5":0,"6":0,"7":0,"8":0,"9":0,"10":0,"11":0,"12":0,"13":0,"14":0,"15":0,"16":0,"17":0,"18":0,"19":0,"20":0,"21":0,"22":0,"23":0,"24":0,"25":0,"26":0,"27":0,"28":0,"29":0,"30":0,"31":0,"32":0,"33":0,"34":0,"35":0,"36":0,"37":0,"38":0,"39":0,"40":0,"41":0,"42":0,"43":0,"44":0,"45":0,"46":0,"47":0,"48":0,"49":0,"50":0,"51":0,"52":0,"53":0,"54":0,"55":0,"56":0,"57":0,"58":0,"59":0,"60":0,"61":0,"62":0,"63":0,"64":0,"65":0,"66":0,"67":0,"68":0,"69":0,"70":0,"71":0,"72":0,"73":0,"74":0,"75":0,"76":0,"77":0,"78":0,"79":0,"80":0,"81":0,"82":0,"83":0,"84":0,"85":0,"86":0,"87":0,"88":0,"89":0,"90":0,"91":0,"92":0,"93":0,"94":0,"95":0,"96":0,"97":0,"98":0,"99":0,"100":0,"101":0,"102":0,"103":0,"104":0,"105":0,"106":0,"107":0,"108":0,"109":0,"110":0,"111":0,"112":0,"113":0,"114":0,"115":0,"116":0,"117":0,"118":0,"119":0,"120":0,"121":0,"122":0,"123":0,"124":0,"125":0,"126":0,"127":0,"128":0,"129":0,"130":0,"131":0,"132":0,"133":0,"134":0,"135":0,"136":0,"137":0,"138":0,"139":0,"140":0,"141":0,"142":0,"143":0,"144":0,"145":0,"146":0,"147":0,"148":0,"149":0,"150":0,"151":0,"152":0,"153":0},"f":{"0":0,"1":0,"2":0,"3":0,"4":0,"5":0,"6":0,"7":0,"8":0,"9":0,"10":0,"11":0,"12":0,"13":0,"14":0,"15":0,"16":0,"17":0,"18":0,"19":0,"20":0,"21":0,"22":0,"23":0,"24":0,"25":0,"26":0,"27":0,"28":0,"29":0,"30":0},"b":{"0":[0,0],"1":[0,0],"2":[0,0],"3":[0,0],"4":[0,0],"5":[0,0],"6":[0,0],"7":[0],"8":[0],"9":[0,0,0,0],"10":[0,0,0,0,0],"11":[0,0],"12":[0,0],"13":[0,0],"14":[0,0],"15":[0,0],"16":[0,0],"17":[0,0],"18":[0],"19":[0,0],"20":[0],"21":[0],"22":[0,0],"23":[0],"24":[0,0],"25":[0,0],"26":[0,0],"27":[0,0],"28":[0,0],"29":[0,0],"30":[0,0],"31":[0,0],"32":[0,0],"33":[0],"34":[0,0],"35":[0],"36":[0,0],"37":[0],"38":[0],"39":[0],"40":[0],"41":[0],"42":[0,0],"43":[0,0],"44":[0,0],"45":[0],"46":[0,0],"47":[0,0],"48":[0,0],"49":[0,0],"50":[0,0],"51":[0],"52":[0,0],"53":[0,0],"54":[0,0],"55":[0,0],"56":[0,0],"57":[0,0],"58":[0,0],"59":[0,0],"60":[0,0],"61":[0,0],"62":[0,0],"63":[0,0],"64":[0,0],"65":[0,0],"66":[0,0],"67":[0,0],"68":[0,0],"69":[0,0],"70":[0,0],"71":[0,0],"72":[0,0],"73":[0,0],"74":[0,0],"75":[0,0],"76":[0,0,0],"77":[0,0],"78":[0,0],"79":[0,0],"80":[0,0],"81":[0,0],"82":[0,0],"83":[0,0]}}
,"/Users/abraham/Developer/active/ndpr-toolkit/packages/ndpr-toolkit/src/components/breach/BreachReportForm.tsx": {"path":"/Users/abraham/Developer/active/ndpr-toolkit/packages/ndpr-toolkit/src/components/breach/BreachReportForm.tsx","statementMap":{"0":{"start":{"line":1,"column":0},"end":{"line":1,"column":40}},"1":{"start":{"line":80,"column":65},"end":{"line":631,"column":1}},"2":{"start":{"line":81,"column":12},"end":{"line":81,"column":null}},"3":{"start":{"line":82,"column":10},"end":{"line":82,"column":null}},"4":{"start":{"line":83,"column":2},"end":{"line":83,"column":7}},"5":{"start":{"line":83,"column":7},"end":{"line":83,"column":null}},"6":{"start":{"line":84,"column":2},"end":{"line":84,"column":17}},"7":{"start":{"line":84,"column":17},"end":{"line":84,"column":null}},"8":{"start":{"line":85,"column":2},"end":{"line":85,"column":18}},"9":{"start":{"line":85,"column":18},"end":{"line":85,"column":null}},"10":{"start":{"line":86,"column":2},"end":{"line":86,"column":11}},"11":{"start":{"line":86,"column":11},"end":{"line":86,"column":null}},"12":{"start":{"line":87,"column":2},"end":{"line":87,"column":17}},"13":{"start":{"line":87,"column":17},"end":{"line":87,"column":null}},"14":{"start":{"line":88,"column":2},"end":{"line":88,"column":18}},"15":{"start":{"line":88,"column":18},"end":{"line":88,"column":null}},"16":{"start":{"line":89,"column":2},"end":{"line":89,"column":21}},"17":{"start":{"line":89,"column":21},"end":{"line":89,"column":null}},"18":{"start":{"line":90,"column":2},"end":{"line":90,"column":18}},"19":{"start":{"line":90,"column":18},"end":{"line":90,"column":null}},"20":{"start":{"line":91,"column":2},"end":{"line":91,"column":16}},"21":{"start":{"line":91,"column":16},"end":{"line":91,"column":null}},"22":{"start":{"line":92,"column":2},"end":{"line":92,"column":13}},"23":{"start":{"line":92,"column":13},"end":{"line":92,"column":33}},"24":{"start":{"line":93,"column":2},"end":{"line":93,"column":18}},"25":{"start":{"line":93,"column":18},"end":{"line":93,"column":null}},"26":{"start":{"line":95,"column":40},"end":{"line":95,"column":60}},"27":{"start":{"line":95,"column":20},"end":{"line":95,"column":22}},"28":{"start":{"line":95,"column":36},"end":{"line":95,"column":40}},"29":{"start":{"line":96,"column":40},"end":{"line":96,"column":60}},"30":{"start":{"line":96,"column":20},"end":{"line":96,"column":22}},"31":{"start":{"line":96,"column":36},"end":{"line":96,"column":40}},"32":{"start":{"line":97,"column":34},"end":{"line":97,"column":54}},"33":{"start":{"line":97,"column":17},"end":{"line":97,"column":19}},"34":{"start":{"line":97,"column":30},"end":{"line":97,"column":34}},"35":{"start":{"line":98,"column":42},"end":{"line":98,"column":62}},"36":{"start":{"line":98,"column":21},"end":{"line":98,"column":23}},"37":{"start":{"line":98,"column":38},"end":{"line":98,"column":42}},"38":{"start":{"line":99,"column":38},"end":{"line":99,"column":58}},"39":{"start":{"line":99,"column":19},"end":{"line":99,"column":21}},"40":{"start":{"line":99,"column":34},"end":{"line":99,"column":38}},"41":{"start":{"line":100,"column":42},"end":{"line":100,"column":62}},"42":{"start":{"line":100,"column":21},"end":{"line":100,"column":23}},"43":{"start":{"line":100,"column":38},"end":{"line":100,"column":42}},"44":{"start":{"line":101,"column":44},"end":{"line":101,"column":64}},"45":{"start":{"line":101,"column":22},"end":{"line":101,"column":24}},"46":{"start":{"line":101,"column":40},"end":{"line":101,"column":44}},"47":{"start":{"line":102,"column":54},"end":{"line":102,"column":74}},"48":{"start":{"line":102,"column":27},"end":{"line":102,"column":29}},"49":{"start":{"line":102,"column":50},"end":{"line":102,"column":54}},"50":{"start":{"line":103,"column":44},"end":{"line":103,"column":64}},"51":{"start":{"line":103,"column":22},"end":{"line":103,"column":24}},"52":{"start":{"line":103,"column":40},"end":{"line":103,"column":44}},"53":{"start":{"line":104,"column":48},"end":{"line":104,"column":70}},"54":{"start":{"line":104,"column":24},"end":{"line":104,"column":26}},"55":{"start":{"line":104,"column":44},"end":{"line":104,"column":48}},"56":{"start":{"line":105,"column":58},"end":{"line":105,"column":78}},"57":{"start":{"line":105,"column":29},"end":{"line":105,"column":31}},"58":{"start":{"line":105,"column":54},"end":{"line":105,"column":58}},"59":{"start":{"line":106,"column":36},"end":{"line":106,"column":58}},"60":{"start":{"line":106,"column":18},"end":{"line":106,"column":20}},"61":{"start":{"line":106,"column":32},"end":{"line":106,"column":36}},"62":{"start":{"line":107,"column":68},"end":{"line":107,"column":88}},"63":{"start":{"line":107,"column":34},"end":{"line":107,"column":36}},"64":{"start":{"line":107,"column":64},"end":{"line":107,"column":68}},"65":{"start":{"line":108,"column":30},"end":{"line":108,"column":87}},"66":{"start":{"line":108,"column":15},"end":{"line":108,"column":17}},"67":{"start":{"line":108,"column":26},"end":{"line":108,"column":30}},"68":{"start":{"line":109,"column":46},"end":{"line":109,"column":66}},"69":{"start":{"line":109,"column":23},"end":{"line":109,"column":25}},"70":{"start":{"line":109,"column":42},"end":{"line":109,"column":46}},"71":{"start":{"line":110,"column":40},"end":{"line":110,"column":60}},"72":{"start":{"line":110,"column":20},"end":{"line":110,"column":22}},"73":{"start":{"line":110,"column":36},"end":{"line":110,"column":40}},"74":{"start":{"line":111,"column":40},"end":{"line":111,"column":64}},"75":{"start":{"line":111,"column":20},"end":{"line":111,"column":22}},"76":{"start":{"line":111,"column":36},"end":{"line":111,"column":40}},"77":{"start":{"line":112,"column":30},"end":{"line":112,"column":66}},"78":{"start":{"line":112,"column":15},"end":{"line":112,"column":17}},"79":{"start":{"line":112,"column":26},"end":{"line":112,"column":30}},"80":{"start":{"line":115,"column":38},"end":{"line":123,"column":3}},"81":{"start":{"line":117,"column":23},"end":{"line":117,"column":37}},"82":{"start":{"line":118,"column":4},"end":{"line":118,"column":40}},"83":{"start":{"line":121,"column":20},"end":{"line":121,"column":86}},"84":{"start":{"line":121,"column":56},"end":{"line":121,"column":70}},"85":{"start":{"line":122,"column":4},"end":{"line":122,"column":32}},"86":{"start":{"line":126,"column":32},"end":{"line":134,"column":3}},"87":{"start":{"line":127,"column":4},"end":{"line":133,"column":7}},"88":{"start":{"line":128,"column":6},"end":{"line":132,"column":7}},"89":{"start":{"line":129,"column":8},"end":{"line":129,"column":44}},"90":{"start":{"line":129,"column":32},"end":{"line":129,"column":43}},"91":{"start":{"line":131,"column":8},"end":{"line":131,"column":31}},"92":{"start":{"line":137,"column":27},"end":{"line":177,"column":3}},"93":{"start":{"line":138,"column":18},"end":{"line":138,"column":32}},"94":{"start":{"line":139,"column":4},"end":{"line":139,"column":23}},"95":{"start":{"line":139,"column":16},"end":{"line":139,"column":23}},"96":{"start":{"line":141,"column":29},"end":{"line":141,"column":31}},"97":{"start":{"line":142,"column":47},"end":{"line":142,"column":49}},"98":{"start":{"line":145,"column":4},"end":{"line":149,"column":5}},"99":{"start":{"line":146,"column":6},"end":{"line":146,"column":76}},"100":{"start":{"line":147,"column":6},"end":{"line":147,"column":54}},"101":{"start":{"line":147,"column":24},"end":{"line":147,"column":53}},"102":{"start":{"line":148,"column":6},"end":{"line":148,"column":13}},"103":{"start":{"line":152,"column":4},"end":{"line":169,"column":5}},"104":{"start":{"line":152,"column":17},"end":{"line":152,"column":18}},"105":{"start":{"line":153,"column":19},"end":{"line":153,"column":27}},"106":{"start":{"line":156,"column":6},"end":{"line":159,"column":7}},"107":{"start":{"line":157,"column":8},"end":{"line":157,"column":114}},"108":{"start":{"line":158,"column":8},"end":{"line":158,"column":17}},"109":{"start":{"line":162,"column":28},"end":{"line":162,"column":76}},"110":{"start":{"line":163,"column":6},"end":{"line":166,"column":7}},"111":{"start":{"line":164,"column":8},"end":{"line":164,"column":77}},"112":{"start":{"line":165,"column":8},"end":{"line":165,"column":17}},"113":{"start":{"line":168,"column":6},"end":{"line":168,"column":26}},"114":{"start":{"line":171,"column":4},"end":{"line":176,"column":5}},"115":{"start":{"line":172,"column":6},"end":{"line":172,"column":54}},"116":{"start":{"line":172,"column":24},"end":{"line":172,"column":53}},"117":{"start":{"line":174,"column":6},"end":{"line":174,"column":53}},"118":{"start":{"line":174,"column":29},"end":{"line":174,"column":51}},"119":{"start":{"line":175,"column":6},"end":{"line":175,"column":56}},"120":{"start":{"line":175,"column":24},"end":{"line":175,"column":55}},"121":{"start":{"line":180,"column":27},"end":{"line":182,"column":3}},"122":{"start":{"line":181,"column":4},"end":{"line":181,"column":63}},"123":{"start":{"line":181,"column":27},"end":{"line":181,"column":62}},"124":{"start":{"line":181,"column":49},"end":{"line":181,"column":61}},"125":{"start":{"line":185,"column":23},"end":{"line":232,"column":3}},"126":{"start":{"line":186,"column":46},"end":{"line":186,"column":48}},"127":{"start":{"line":188,"column":4},"end":{"line":190,"column":5}},"128":{"start":{"line":189,"column":6},"end":{"line":189,"column":57}},"129":{"start":{"line":192,"column":4},"end":{"line":194,"column":5}},"130":{"start":{"line":193,"column":6},"end":{"line":193,"column":56}},"131":{"start":{"line":196,"column":4},"end":{"line":198,"column":5}},"132":{"start":{"line":197,"column":6},"end":{"line":197,"column":50}},"133":{"start":{"line":200,"column":4},"end":{"line":202,"column":5}},"134":{"start":{"line":201,"column":6},"end":{"line":201,"column":60}},"135":{"start":{"line":204,"column":4},"end":{"line":206,"column":5}},"136":{"start":{"line":205,"column":6},"end":{"line":205,"column":59}},"137":{"start":{"line":208,"column":4},"end":{"line":212,"column":5}},"138":{"start":{"line":209,"column":6},"end":{"line":209,"column":61}},"139":{"start":{"line":210,"column":11},"end":{"line":212,"column":5}},"140":{"start":{"line":211,"column":6},"end":{"line":211,"column":60}},"141":{"start":{"line":214,"column":4},"end":{"line":216,"column":5}},"142":{"start":{"line":215,"column":6},"end":{"line":215,"column":71}},"143":{"start":{"line":218,"column":4},"end":{"line":220,"column":5}},"144":{"start":{"line":219,"column":6},"end":{"line":219,"column":77}},"145":{"start":{"line":222,"column":4},"end":{"line":224,"column":5}},"146":{"start":{"line":223,"column":6},"end":{"line":223,"column":65}},"147":{"start":{"line":226,"column":4},"end":{"line":228,"column":5}},"148":{"start":{"line":227,"column":6},"end":{"line":227,"column":91}},"149":{"start":{"line":230,"column":4},"end":{"line":230,"column":25}},"150":{"start":{"line":231,"column":4},"end":{"line":231,"column":47}},"151":{"start":{"line":235,"column":23},"end":{"line":273,"column":3}},"152":{"start":{"line":236,"column":4},"end":{"line":236,"column":23}},"153":{"start":{"line":238,"column":4},"end":{"line":240,"column":5}},"154":{"start":{"line":239,"column":6},"end":{"line":239,"column":13}},"155":{"start":{"line":242,"column":21},"end":{"line":266,"column":6}},"156":{"start":{"line":260,"column":43},"end":{"line":265,"column":9}},"157":{"start":{"line":268,"column":4},"end":{"line":268,"column":23}},"158":{"start":{"line":270,"column":4},"end":{"line":272,"column":5}},"159":{"start":{"line":271,"column":6},"end":{"line":271,"column":27}},"160":{"start":{"line":275,"column":2},"end":{"line":295,"column":3}},"161":{"start":{"line":276,"column":4},"end":{"line":294,"column":6}},"162":{"start":{"line":288,"column":25},"end":{"line":288,"column":null}},"163":{"start":{"line":298,"column":26},"end":{"line":309,"column":4}},"164":{"start":{"line":311,"column":2},"end":{"line":630,"column":4}},"165":{"start":{"line":330,"column":33},"end":{"line":330,"column":null}},"166":{"start":{"line":344,"column":33},"end":{"line":344,"column":null}},"167":{"start":{"line":349,"column":41},"end":{"line":353,"column":20}},"168":{"start":{"line":365,"column":33},"end":{"line":365,"column":null}},"169":{"start":{"line":381,"column":33},"end":{"line":381,"column":null}},"170":{"start":{"line":396,"column":33},"end":{"line":396,"column":null}},"171":{"start":{"line":415,"column":33},"end":{"line":415,"column":null}},"172":{"start":{"line":430,"column":33},"end":{"line":430,"column":null}},"173":{"start":{"line":445,"column":33},"end":{"line":445,"column":null}},"174":{"start":{"line":460,"column":33},"end":{"line":460,"column":null}},"175":{"start":{"line":495,"column":33},"end":{"line":495,"column":null}},"176":{"start":{"line":507,"column":47},"end":{"line":520,"column":20}},"177":{"start":{"line":513,"column":40},"end":{"line":513,"column":null}},"178":{"start":{"line":532,"column":33},"end":{"line":532,"column":null}},"179":{"start":{"line":549,"column":33},"end":{"line":549,"column":null}},"180":{"start":{"line":583,"column":54},"end":{"line":602,"column":22}},"181":{"start":{"line":594,"column":41},"end":{"line":594,"column":null}},"182":{"start":{"line":80,"column":13},"end":{"line":80,"column":65}}},"fnMap":{"0":{"name":"(anonymous_12)","decl":{"start":{"line":80,"column":65},"end":{"line":80,"column":66}},"loc":{"start":{"line":94,"column":1},"end":{"line":631,"column":1}}},"1":{"name":"(anonymous_13)","decl":{"start":{"line":115,"column":38},"end":{"line":115,"column":39}},"loc":{"start":{"line":115,"column":77},"end":{"line":123,"column":3}}},"2":{"name":"(anonymous_14)","decl":{"start":{"line":121,"column":46},"end":{"line":121,"column":52}},"loc":{"start":{"line":121,"column":52},"end":{"line":121,"column":62}}},"3":{"name":"(anonymous_15)","decl":{"start":{"line":126,"column":32},"end":{"line":126,"column":33}},"loc":{"start":{"line":126,"column":45},"end":{"line":134,"column":3}}},"4":{"name":"(anonymous_16)","decl":{"start":{"line":127,"column":17},"end":{"line":127,"column":21}},"loc":{"start":{"line":127,"column":21},"end":{"line":133,"column":5}}},"5":{"name":"(anonymous_17)","decl":{"start":{"line":129,"column":27},"end":{"line":129,"column":28}},"loc":{"start":{"line":129,"column":28},"end":{"line":129,"column":33}}},"6":{"name":"(anonymous_18)","decl":{"start":{"line":137,"column":27},"end":{"line":137,"column":28}},"loc":{"start":{"line":137,"column":66},"end":{"line":177,"column":3}}},"7":{"name":"(anonymous_19)","decl":{"start":{"line":147,"column":16},"end":{"line":147,"column":20}},"loc":{"start":{"line":147,"column":20},"end":{"line":147,"column":30}}},"8":{"name":"(anonymous_20)","decl":{"start":{"line":172,"column":16},"end":{"line":172,"column":20}},"loc":{"start":{"line":172,"column":20},"end":{"line":172,"column":30}}},"9":{"name":"(anonymous_21)","decl":{"start":{"line":174,"column":21},"end":{"line":174,"column":25}},"loc":{"start":{"line":174,"column":25},"end":{"line":174,"column":33}}},"10":{"name":"(anonymous_22)","decl":{"start":{"line":175,"column":16},"end":{"line":175,"column":20}},"loc":{"start":{"line":175,"column":20},"end":{"line":175,"column":30}}},"11":{"name":"(anonymous_23)","decl":{"start":{"line":180,"column":27},"end":{"line":180,"column":28}},"loc":{"start":{"line":180,"column":41},"end":{"line":182,"column":3}}},"12":{"name":"(anonymous_24)","decl":{"start":{"line":181,"column":19},"end":{"line":181,"column":23}},"loc":{"start":{"line":181,"column":23},"end":{"line":181,"column":31}}},"13":{"name":"(anonymous_25)","decl":{"start":{"line":181,"column":39},"end":{"line":181,"column":40}},"loc":{"start":{"line":181,"column":44},"end":{"line":181,"column":50}}},"14":{"name":"(anonymous_26)","decl":{"start":{"line":185,"column":23},"end":{"line":185,"column":null}},"loc":{"start":{"line":185,"column":23},"end":{"line":232,"column":3}}},"15":{"name":"(anonymous_27)","decl":{"start":{"line":235,"column":23},"end":{"line":235,"column":24}},"loc":{"start":{"line":235,"column":42},"end":{"line":273,"column":3}}},"16":{"name":"(anonymous_28)","decl":{"start":{"line":260,"column":35},"end":{"line":260,"column":39}},"loc":{"start":{"line":260,"column":39},"end":{"line":260,"column":44}}},"17":{"name":"(anonymous_29)","decl":{"start":{"line":288,"column":19},"end":{"line":288,"column":25}},"loc":{"start":{"line":288,"column":19},"end":{"line":288,"column":39}}},"18":{"name":"(anonymous_30)","decl":{"start":{"line":330,"column":28},"end":{"line":330,"column":29}},"loc":{"start":{"line":330,"column":29},"end":{"line":330,"column":47}}},"19":{"name":"(anonymous_31)","decl":{"start":{"line":344,"column":28},"end":{"line":344,"column":29}},"loc":{"start":{"line":344,"column":29},"end":{"line":344,"column":44}}},"20":{"name":"(anonymous_32)","decl":{"start":{"line":349,"column":34},"end":{"line":349,"column":37}},"loc":{"start":{"line":349,"column":37},"end":{"line":349,"column":null}}},"21":{"name":"(anonymous_33)","decl":{"start":{"line":365,"column":28},"end":{"line":365,"column":29}},"loc":{"start":{"line":365,"column":29},"end":{"line":365,"column":47}}},"22":{"name":"(anonymous_34)","decl":{"start":{"line":381,"column":28},"end":{"line":381,"column":29}},"loc":{"start":{"line":381,"column":29},"end":{"line":381,"column":48}}},"23":{"name":"(anonymous_35)","decl":{"start":{"line":396,"column":28},"end":{"line":396,"column":29}},"loc":{"start":{"line":396,"column":29},"end":{"line":396,"column":46}}},"24":{"name":"(anonymous_36)","decl":{"start":{"line":415,"column":28},"end":{"line":415,"column":29}},"loc":{"start":{"line":415,"column":29},"end":{"line":415,"column":48}}},"25":{"name":"(anonymous_37)","decl":{"start":{"line":430,"column":28},"end":{"line":430,"column":29}},"loc":{"start":{"line":430,"column":29},"end":{"line":430,"column":49}}},"26":{"name":"(anonymous_38)","decl":{"start":{"line":445,"column":28},"end":{"line":445,"column":29}},"loc":{"start":{"line":445,"column":29},"end":
[...]
umn":20},"end":{"line":333,"column":28}}},"13":{"name":"identifyComplianceGaps","decl":{"start":{"line":346,"column":16},"end":{"line":346,"column":38}},"loc":{"start":{"line":347,"column":36},"end":{"line":460,"column":1}}}},"branchMap":{"0":{"loc":{"start":{"line":46,"column":2},"end":{"line":48,"column":3}},"type":"if","locations":[{"start":{"line":46,"column":2},"end":{"line":48,"column":3}}]},"1":{"loc":{"start":{"line":46,"column":6},"end":{"line":46,"column":43}},"type":"binary-expr","locations":[{"start":{"line":46,"column":6},"end":{"line":46,"column":16}},{"start":{"line":46,"column":20},"end":{"line":46,"column":43}}]},"2":{"loc":{"start":{"line":50,"column":2},"end":{"line":52,"column":3}},"type":"if","locations":[{"start":{"line":50,"column":2},"end":{"line":52,"column":3}}]},"3":{"loc":{"start":{"line":50,"column":6},"end":{"line":50,"column":47}},"type":"binary-expr","locations":[{"start":{"line":50,"column":6},"end":{"line":50,"column":18}},{"start":{"line":50,"column":22},"end":{"line":50,"column":47}}]},"4":{"loc":{"start":{"line":54,"column":2},"end":{"line":56,"column":3}},"type":"if","locations":[{"start":{"line":54,"column":2},"end":{"line":56,"column":3}}]},"5":{"loc":{"start":{"line":54,"column":6},"end":{"line":54,"column":61}},"type":"binary-expr","locations":[{"start":{"line":54,"column":6},"end":{"line":54,"column":25}},{"start":{"line":54,"column":29},"end":{"line":54,"column":61}}]},"6":{"loc":{"start":{"line":58,"column":2},"end":{"line":70,"column":3}},"type":"if","locations":[{"start":{"line":58,"column":2},"end":{"line":70,"column":3}},{"start":{"line":60,"column":9},"end":{"line":70,"column":3}}]},"7":{"loc":{"start":{"line":61,"column":4},"end":{"line":63,"column":5}},"type":"if","locations":[{"start":{"line":61,"column":4},"end":{"line":63,"column":5}}]},"8":{"loc":{"start":{"line":61,"column":8},"end":{"line":61,"column":85}},"type":"binary-expr","locations":[{"start":{"line":61,"column":8},"end":{"line":61,"column":38}},{"start":{"line":61,"column":42},"end":{"line":61,"column":85}}]},"9":{"loc":{"start":{"line":64,"column":4},"end":{"line":66,"column":5}},"type":"if","locations":[{"start":{"line":64,"column":4},"end":{"line":66,"column":5}}]},"10":{"loc":{"start":{"line":64,"column":8},"end":{"line":64,"column":91}},"type":"binary-expr","locations":[{"start":{"line":64,"column":8},"end":{"line":64,"column":41}},{"start":{"line":64,"column":45},"end":{"line":64,"column":91}}]},"11":{"loc":{"start":{"line":67,"column":4},"end":{"line":69,"column":5}},"type":"if","locations":[{"start":{"line":67,"column":4},"end":{"line":69,"column":5}}]},"12":{"loc":{"start":{"line":67,"column":8},"end":{"line":67,"column":91}},"type":"binary-expr","locations":[{"start":{"line":67,"column":8},"end":{"line":67,"column":41}},{"start":{"line":67,"column":45},"end":{"line":67,"column":91}}]},"13":{"loc":{"start":{"line":72,"column":2},"end":{"line":74,"column":3}},"type":"if","locations":[{"start":{"line":72,"column":2},"end":{"line":74,"column":3}}]},"14":{"loc":{"start":{"line":72,"column":6},"end":{"line":72,"column":75}},"type":"binary-expr","locations":[{"start":{"line":72,"column":6},"end":{"line":72,"column":25}},{"start":{"line":72,"column":29},"end":{"line":72,"column":75}}]},"15":{"loc":{"start":{"line":76,"column":2},"end":{"line":78,"column":3}},"type":"if","locations":[{"start":{"line":76,"column":2},"end":{"line":78,"column":3}}]},"16":{"loc":{"start":{"line":76,"column":6},"end":{"line":76,"column":87}},"type":"binary-expr","locations":[{"start":{"line":76,"column":6},"end":{"line":76,"column":38}},{"start":{"line":76,"column":42},"end":{"line":76,"column":87}}]},"17":{"loc":{"start":{"line":80,"column":2},"end":{"line":82,"column":3}},"type":"if","locations":[{"start":{"line":80,"column":2},"end":{"line":82,"column":3}}]},"18":{"loc":{"start":{"line":80,"column":6},"end":{"line":80,"column":54}},"type":"binary-expr","locations":[{"start":{"line":80,"column":6},"end":{"line":80,"column":22}},{"start":{"line":80,"column":26},"end":{"line":80,"column":54}}]},"19":{"loc":{"start":{"line":84,"column":2},"end":{"line":86,"column":3}},"type":"if","locations":[{"start":{"line":84,"column":2},"end":{"line":86,"column":3}}]},"20":{"loc":{"start":{"line":84,"column":6},"end":{"line":84,"column":66}},"type":"binary-expr","locations":[{"start":{"line":84,"column":6},"end":{"line":84,"column":28}},{"start":{"line":84,"column":32},"end":{"line":84,"column":66}}]},"21":{"loc":{"start":{"line":88,"column":2},"end":{"line":90,"column":3}},"type":"if","locations":[{"start":{"line":88,"column":2},"end":{"line":90,"column":3}}]},"22":{"loc":{"start":{"line":88,"column":6},"end":{"line":88,"column":80}},"type":"binary-expr","locations":[{"start":{"line":88,"column":6},"end":{"line":88,"column":35}},{"start":{"line":88,"column":39},"end":{"line":88,"column":80}}]},"23":{"loc":{"start":{"line":92,"column":2},"end":{"line":94,"column":3}},"type":"if","locations":[{"start":{"line":92,"column":2},"end":{"line":94,"column":3}}]},"24":{"loc":{"start":{"line":92,"column":6},"end":{"line":92,"column":58}},"type":"binary-expr","locations":[{"start":{"line":92,"column":6},"end":{"line":92,"column":24}},{"start":{"line":92,"column":28},"end":{"line":92,"column":58}}]},"25":{"loc":{"start":{"line":96,"column":2},"end":{"line":98,"column":3}},"type":"if","locations":[{"start":{"line":96,"column":2},"end":{"line":98,"column":3}}]},"26":{"loc":{"start":{"line":96,"column":6},"end":{"line":96,"column":69}},"type":"binary-expr","locations":[{"start":{"line":96,"column":6},"end":{"line":96,"column":29}},{"start":{"line":96,"column":33},"end":{"line":96,"column":69}}]},"27":{"loc":{"start":{"line":100,"column":2},"end":{"line":102,"column":3}},"type":"if","locations":[{"start":{"line":100,"column":2},"end":{"line":102,"column":3}}]},"28":{"loc":{"start":{"line":100,"column":6},"end":{"line":100,"column":70}},"type":"binary-expr","locations":[{"start":{"line":100,"column":6},"end":{"line":100,"column":30}},{"start":{"line":100,"column":34},"end":{"line":100,"column":70}}]},"29":{"loc":{"start":{"line":104,"column":2},"end":{"line":106,"column":3}},"type":"if","locations":[{"start":{"line":104,"column":2},"end":{"line":106,"column":3}}]},"30":{"loc":{"start":{"line":108,"column":2},"end":{"line":113,"column":3}},"type":"if","locations":[{"start":{"line":108,"column":2},"end":{"line":113,"column":3}}]},"31":{"loc":{"start":{"line":109,"column":4},"end":{"line":110,"column":85}},"type":"binary-expr","locations":[{"start":{"line":109,"column":4},"end":{"line":109,"column":39}},{"start":{"line":110,"column":5},"end":{"line":110,"column":36}},{"start":{"line":110,"column":40},"end":{"line":110,"column":84}}]},"32":{"loc":{"start":{"line":115,"column":2},"end":{"line":122,"column":3}},"type":"if","locations":[{"start":{"line":115,"column":2},"end":{"line":122,"column":3}}]},"33":{"loc":{"start":{"line":116,"column":4},"end":{"line":117,"column":99}},"type":"binary-expr","locations":[{"start":{"line":116,"column":4},"end":{"line":116,"column":34}},{"start":{"line":117,"column":5},"end":{"line":117,"column":43}},{"start":{"line":117,"column":47},"end":{"line":117,"column":98}}]},"34":{"loc":{"start":{"line":124,"column":2},"end":{"line":129,"column":3}},"type":"if","locations":[{"start":{"line":124,"column":2},"end":{"line":129,"column":3}}]},"35":{"loc":{"start":{"line":125,"column":4},"end":{"line":126,"column":65}},"type":"binary-expr","locations":[{"start":{"line":125,"column":4},"end":{"line":125,"column":23}},{"start":{"line":126,"column":5},"end":{"line":126,"column":26}},{"start":{"line":126,"column":30},"end":{"line":126,"column":64}}]},"36":{"loc":{"start":{"line":167,"column":4},"end":{"line":169,"column":5}},"type":"if","locations":[{"start":{"line":167,"column":4},"end":{"line":169,"column":5}}]},"37":{"loc":{"start":{"line":167,"column":8},"end":{"line":167,"column":75}},"type":"binary-expr","locations":[{"start":{"line":167,"column":8},"end":{"line":167,"column":26}},{"start":{"line":167,"column":30},"end":{"line":167,"column":75}}]},"38":{"loc":{"start":{"line":172,"column":4},"end":{"line":174,"column":5}},"type":"if","locations":[{"start":{"line":172,"column":4},"end":{"line":174,"column":5}}]},"39":{"loc":{"start":{"line":177,"column":4},"end":{"line":182,"column":5}},"type":"if","locations":[{"start":{"line":177,"column":4},"end":{"line":182,"column":5}}]},"40":{"loc":{"start":{"line":178,"column":6},"end":{"line":179,"column":47}},"type":"binary-expr","locations":[{"start":{"line":178,"column":6},"end":{"line":178,"column":36}},{"start":{"line":179,"column":6},"end":{"line":179,"column":47}}]},"41":{"loc":{"start":{"line":185,"column":4},"end":{"line":187,"column":5}},"type":"if","locations":[{"start":{"line":185,"column":4},"end":{"line":187,"column":5}}]},"42":{"loc":{"start":{"line":185,"column":8},"end":{"line":185,"column":77}},"type":"binary-expr","locations":[{"start":{"line":185,"column":8},"end":{"line":185,"column":35}},{"start":{"line":185,"column":39},"end":{"line":185,"column":77}}]},"43":{"loc":{"start":{"line":190,"column":4},"end":{"line":192,"column":5}},"type":"if","locations":[{"start":{"line":190,"column":4},"end":{"line":192,"column":5}}]},"44":{"loc":{"start":{"line":195,"column":4},"end":{"line":197,"column":5}},"type":"if","locations":[{"start":{"line":195,"column":4},"end":{"line":197,"column":5}}]},"45":{"loc":{"start":{"line":200,"column":4},"end":{"line":202,"column":5}},"type":"if","locations":[{"start":{"line":200,"column":4},"end":{"line":202,"column":5}}]},"46":{"loc":{"start":{"line":200,"column":8},"end":{"line":200,"column":61}},"type":"binary-expr","locations":[{"start":{"line":200,"column":8},"end":{"line":200,"column":29}},{"start":{"line":200,"column":33},"end":{"line":200,"column":61}}]},"47":{"loc":{"start":{"line":205,"column":4},"end":{"line":208,"column":5}},"type":"if","locations":[{"start":{"line":205,"column":4},"end":{"line":208,"column":5}}]},"48":{"loc":{"start":{"line":207,"column":9},"end":{"line":207,"column":49}},"type":"binary-expr","locations":[{"start":{"line":207,"column":9},"end":{"line":207,"column":44}},{"start":{"line":207,"column":48},"end":{"line":207,"column":49}}]},"49":{"loc":{"start":{"line":235,"column":2},"end":{"line":242,"column":3}},"type":"if","locations":[{"start":{"line":235,"column":2},"end":{"line":242,"column":3}}]},"50":{"loc":{"start":{"line":236,"column":4},"end":{"line":239,"column":24}},"type":"binary-expr","locations":[{"start":{"line":236,"column":4},"end":{"line":236,"column":23}},{"start":{"line":237,"column":4},"end":{"line":237,"column":23}},{"start":{"line":238,"column":4},"end":{"line":238,"column":24}},{"start":{"line":239,"column":4},"end":{"line":239,"column":24}}]},"51":{"loc":{"start":{"line":250,"column":2},"end":{"line":250,"column":28}},"type":"if","locations":[{"start":{"line":250,"column":2},"end":{"line":250,"column":28}}]},"52":{"loc":{"start":{"line":292,"column":31},"end":{"line":299,"column":10}},"type":"cond-expr","locations":[{"start":{"line":293,"column":8},"end":{"line":298,"column":21}},{"start":{"line":299,"column":8},"end":{"line":299,"column":10}}]},"53":{"loc":{"start":{"line":311,"column":7},"end":{"line":311,"column":43}},"type":"binary-expr","locations":[{"start":{"line":311,"column":7},"end":{"line":311,"column":37}},{"start":{"line":311,"column":41},"end":{"line":311,"column":43}}]},"54":{"loc":{"start":{"line":318,"column":6},"end":{"line":318,"column":40}},"type":"cond-expr","locations":[{"start":{"line":318,"column":28},"end":{"line":318,"column":33}},{"start":{"line":318,"column":36},"end":{"line":318,"column":40}}]},"55":{"loc":{"start":{"line":319,"column":6},"end":{"line":319,"column":32}},"type":"binary-expr","locations":[{"start":{"line":319,"column":6},"end":{"line":319,"column":26}},{"start":{"line":319,"column":30},"end":{"line":319,"column":32}}]},"56":{"loc":{"start":{"line":320,"column":6},"end":{"line":320,"column":51}},"type":"cond-expr","locations":[{"start":{"line":320,"column":39},"end":{"line":320,"column":44}},{"start":{"line":320,"column":47},"end":{"line":320,"column":51}}]},"57":{"loc":{"start":{"line":322,"column":6},"end":{"line":322,"column":29}},"type":"binary-expr","locations":[{"start":{"line":322,"column":6},"end":{"line":322,"column":23}},{"start":{"line":322,"column":27},"end":{"line":322,"column":29}}]},"58":{"loc":{"start":{"line":323,"column":7},"end":{"line":323,"column":31}},"type":"binary-expr","locations":[{"start":{"line":323,"column":7},"end":{"line":323,"column":25}},{"start":{"line":323,"column":29},"end":{"line":323,"column":31}}]},"59":{"loc":{"start":{"line":356,"column":4},"end":{"line":363,"column":5}},"type":"if","locations":[{"start":{"line":356,"column":4},"end":{"line":363,"column":5}}]},"60":{"loc":{"start":{"line":357,"column":6},"end":{"line":358,"column":51}},"type":"binary-expr","locations":[{"start":{"line":357,"column":6},"end":{"line":357,"column":38}},{"start":{"line":358,"column":6},"end":{"line":358,"column":51}}]},"61":{"loc":{"start":{"line":366,"column":4},"end":{"line":370,"column":5}},"type":"if","locations":[{"start":{"line":366,"column":4},"end":{"line":370,"column":5}}]},"62":{"loc":{"start":{"line":366,"column":8},"end":{"line":366,"column":71}},"type":"binary-expr","locations":[{"start":{"line":366,"column":8},"end":{"line":366,"column":31}},{"start":{"line":366,"column":35},"end":{"line":366,"column":71}}]},"63":{"loc":{"start":{"line":373,"column":4},"end":{"line":377,"column":5}},"type":"if","locations":[{"start":{"line":373,"column":4},"end":{"line":377,"column":5}}]},"64":{"loc":{"start":{"line":373,"column":8},"end":{"line":373,"column":72}},"type":"binary-expr","locations":[{"start":{"line":373,"column":8},"end":{"line":373,"column":32}},{"start":{"line":373,"column":36},"end":{"line":373,"column":72}}]},"65":{"loc":{"start":{"line":380,"column":4},"end":{"line":387,"column":5}},"type":"if","locations":[{"start":{"line":380,"column":4},"end":{"line":387,"column":5}}]},"66":{"loc":{"start":{"line":380,"column":8},"end":{"line":380,"column":61}},"type":"binary-expr","locations":[{"start":{"line":380,"column":8},"end":{"line":380,"column":29}},{"start":{"line":380,"column":33},"end":{"line":380,"column":61}}]},"67":{"loc":{"start":{"line":385,"column":48},"end":{"line":385,"column":74}},"type":"cond-expr","locations":[{"start":{"line":385,"column":66},"end":{"line":385,"column":69}},{"start":{"line":385,"column":72},"end":{"line":385,"column":74}}]},"68":{"loc":{"start":{"line":390,"column":4},"end":{"line":397,"column":5}},"type":"if","locations":[{"start":{"line":390,"column":4},"end":{"line":397,"column":5}}]},"69":{"loc":{"start":{"line":391,"column":6},"end":{"line":392,"column":67}},"type":"binary-expr","locations":[{"start":{"line":391,"column":6},"end":{"line":391,"column":25}},{"start":{"line":392,"column":7},"end":{"line":392,"column":28}},{"start":{"line":392,"column":32},"end":{"line":392,"column":66}}]},"70":{"loc":{"start":{"line":400,"column":4},"end":{"line":408,"column":5}},"type":"if","locations":[{"start":{"line":400,"column":4},"end":{"line":408,"column":5}}]},"71":{"loc":{"start":{"line":401,"column":6},"end":{"line":403,"column":60}},"type":"binary-expr","locations":[{"start":{"line":401,"column":6},"end":{"line":401,"column":36}},{"start":{"line":402,"column":7},"end":{"line":402,"column":45}},{"start":{"line":403,"column":8},"end":{"line":403,"column":59}}]},"72":{"loc":{"start":{"line":411,"column":4},"end":{"line":427,"column":5}},"type":"if","locations":[{"start":{"line":411,"column":4},"end":{"line":427,"column":5}}]},"73":{"loc":{"start":{"line":413,"column":8},"end":{"line":417,"column":9}},"type":"if","locations":[{"start":{"line":413,"column":8},"end":{"line":417,"column":9}}]},"74":{"loc":{"start":{"line":413,"column":12},"end":{"line":413,"column":69}},"type":"binary-expr","locations":[{"start":{"line":413,"column":12},"end":{"line":413,"column":32}},{"start":{"line":413,"column":36},"end":{"line":413,"column":69}}]},"75":{"loc":{"start":{"line":418,"column":8},"end":{"line":425,"column":9}},"type":"if","locations":[{"start":{"line":418,"column":8},"end":{"line":425,"column":9}}]},"76":{"loc":{"start":{"line":419,"column":10},"end":{"line":420,"column":50}},"type":"binary-expr","locations":[{"start":{"line":419,"column":10},"end":{"line":419,"column":37}},{"start":{"line":420,"column":10},"end":{"line":420,"column":50}}]},"77":{"loc":{"start":{"line":430,"column":4},"end":{"line":438,"column":5}},"type":"if","locations":[{"start":{"line":430,"column":4},"end":{"line":438,"column":5}}]},"78":{"loc":{"start":{"line":431,"column":6},"end":{"line":433,"column":53}},"type":"binary-expr","locations":[{"start":{"line":431,"column":6},"end":{"line":431,"column":41}},{"start":{"line":432,"column":7},"end":{"line":432,"column":38}},{"start":{"line":433,"column":8},"end":{"line":433,"column":52}}]},"79":{"loc":{"start":{"line":441,"column":4},"end":{"line":443,"column":5}},"type":"if","locations":[{"start":{"line":441,"column":4},"end":{"line":443,"column":5}}]},"80":{"loc":{"start":{"line":441,"column":8},"end":{"line":441,"column":56}},"type":"binary-expr","locations":[{"start":{"line":441,"column":8},"end":{"line":441,"column":24}},{"start":{"line":441,"column":28},"end":{"line":441,"column":56}}]},"81":{"loc":{"start":{"line":446,"column":4},"end":{"line":448,"column":5}},"type":"if","locations":[{"start":{"line":446,"column":4},"end":{"line":448,"column":5}}]},"82":{"loc":{"start":{"line":446,"column":8},"end":{"line":446,"column":60}},"type":"binary-expr","locations":[{"start":{"line":446,"column":8},"end":{"line":446,"column":26}},{"start":{"line":446,"column":30},"end":{"line":446,"column":60}}]},"83":{"loc":{"start":{"line":450,"column":4},"end":{"line":456,"column":5}},"type":"if","locations":[{"start":{"line":450,"column":4},"end":{"line":456,"column":5}}]}},"s":{"0":1,"1":1,"2":1,"3":1,"4":1,"5":10,"6":10,"7":1,"8":10,"9":1,"10":10,"11":1,"12":10,"13":1,"14":9,"15":1,"16":9,"17":1,"18":9,"19":1,"20":10,"21":2,"22":10,"23":1,"24":10,"25":1,"26":10,"27":1,"28":10,"29":1,"30":10,"31":1,"32":10,"33":1,"34":10,"35":1,"36":10,"37":1,"38":10,"39":1,"40":10,"41":1,"42":10,"43":1,"44":10,"45":5,"46":30,"47":30,"48":5,"49":5,"50":5,"51":5,"52":5,"53":5,"54":5,"55":5,"56":5,"57":5,"58":5,"59":13,"60":13,"61":13,"62":13,"63":12,"64":13,"65":1,"66":13,"67":1,"68":13,"69":1,"70":13,"71":1,"72":13,"73":1,"74":13,"75":13,"76":5,"77":8,"78":8,"79":8,"80":4,"81":5,"82":390,"83":10,"84":380,"85":32,"86":0,"87":32,"88":7,"89":7,"90":8,"91":1,"92":8,"93":208,"94":7,"95":182,"96":8,"97":7,"98":12,"99":12,"100":12,"101":12,"102":12,"103":14,"104":14,"105":14,"106":2,"107":14,"108":3,"109":14,"110":2,"111":14,"112":1,"113":1,"114":14,"115":1,"116":14,"117":1,"118":14,"119":1,"120":1,"121":1,"122":1,"123":1,"124":1,"125":1,"126":1,"127":14,"128":1,"129":14,"130":2,"131":14,"132":2,"133":14,"134":11,"135":12},"f":{"0":10,"1":5,"2":30,"3":8,"4":4,"5":390,"6":32,"7":7,"8":8,"9":1,"10":208,"11":182,"12":8,"13":12},"b":{"0":[1],"1":[10,9],"2":[1],"3":[10,9],"4":[1],"5":[10,9],"6":[1,9],"7":[1],"8":[9,8],"9":[1],"10":[9,8],"11":[1],"12":[9,8],"13":[2],"14":[10,9],"15":[1],"16":[10,9],"17":[1],"18":[10,10],"19":[1],"20":[10,10],"21":[1],"22":[10,10],"23":[1],"24":[10,10],"25":[1],"26":[10,9],"27":[1],"28":[10,10],"29":[1],"30":[1],"31":[10,2,1],"32":[1],"33":[10,2,1],"34":[1],"35":[10,2,1],"36":[13],"37":[13,13],"38":[12],"39":[1],"40":[13,13],"41":[1],"42":[13,1],"43":[1],"44":[1],"45":[1],"46":[13,13],"47":[13],"48":[13,8],"49":[10],"50":[390,381,380,380],"51":[0],"52":[1,7],"53":[8,0],"54":[0,8],"55":[8,8],"56":[0,8],"57":[8,0],"58":[8,0],"59":[2],"60":[14,12],"61":[3],"62":[14,11],"63":[2],"64":[14,14],"65":[1],"66":[14,14],"67":[1,0],"68":[1],"69":[14,1,0],"70":[1],"71":[14,1,0],"72":[1],"73":[1],"74":[1,0],"75":[1],"76":[1,0],"77":[1],"78":[14,1,0],"79":[2],"80":[14,14],"81":[2],"82":[14,14],"83":[11]}}
}
