TN:
SF:src/breach.ts
FN:5,(anonymous_0)
FN:6,(anonymous_1)
FN:7,(anonymous_2)
FN:8,(anonymous_3)
FN:9,(anonymous_4)
FN:10,(anonymous_5)
FNF:6
FNH:0
FNDA:0,(anonymous_0)
FNDA:0,(anonymous_1)
FNDA:0,(anonymous_2)
FNDA:0,(anonymous_3)
FNDA:0,(anonymous_4)
FNDA:0,(anonymous_5)
DA:5,0
DA:6,0
DA:7,0
DA:8,0
DA:9,0
DA:10,0
LF:6
LH:0
BRF:0
BRH:0
end_of_record
TN:
SF:src/consent.ts
FN:5,(anonymous_0)
FN:6,(anonymous_1)
FN:7,(anonymous_2)
FN:8,(anonymous_3)
FN:9,(anonymous_4)
FN:9,(anonymous_5)
FNF:6
FNH:0
FNDA:0,(anonymous_0)
FNDA:0,(anonymous_1)
FNDA:0,(anonymous_2)
FNDA:0,(anonymous_3)
FNDA:0,(anonymous_4)
FNDA:0,(anonymous_5)
DA:5,0
DA:6,0
DA:7,0
DA:8,0
DA:9,0
LF:5
LH:0
BRF:0
BRH:0
end_of_record
TN:
SF:src/core.ts
FN:22,(anonymous_0)
FN:22,(anonymous_1)
FN:23,(anonymous_2)
FN:24,(anonymous_3)
FN:25,(anonymous_4)
FN:26,(anonymous_5)
FN:27,(anonymous_6)
FN:27,(anonymous_7)
FN:27,(anonymous_8)
FN:27,(anonymous_9)
FN:28,(anonymous_10)
FN:28,(anonymous_11)
FN:28,(anonymous_12)
FN:28,(anonymous_13)
FN:29,(anonymous_14)
FN:29,(anonymous_15)
FN:29,(anonymous_16)
FN:29,(anonymous_17)
FNF:18
FNH:0
FNDA:0,(anonymous_0)
FNDA:0,(anonymous_1)
FNDA:0,(anonymous_2)
FNDA:0,(anonymous_3)
FNDA:0,(anonymous_4)
FNDA:0,(anonymous_5)
FNDA:0,(anonymous_6)
FNDA:0,(anonymous_7)
FNDA:0,(anonymous_8)
FNDA:0,(anonymous_9)
FNDA:0,(anonymous_10)
FNDA:0,(anonymous_11)
FNDA:0,(anonymous_12)
FNDA:0,(anonymous_13)
FNDA:0,(anonymous_14)
FNDA:0,(anonymous_15)
FNDA:0,(anonymous_16)
FNDA:0,(anonymous_17)
DA:22,0
DA:23,0
DA:24,0
DA:25,0
DA:26,0
DA:27,0
DA:28,0
DA:29,0
LF:8
LH:0
BRF:0
BRH:0
end_of_record
TN:
SF:src/cross-border-entry.ts
FN:5,(anonymous_0)
FN:6,(anonymous_1)
FN:7,(anonymous_2)
FN:7,(anonymous_3)
FN:7,(anonymous_4)
FN:7,(anonymous_5)
FNF:6
FNH:0
FNDA:0,(anonymous_0)
FNDA:0,(anonymous_1)
FNDA:0,(anonymous_2)
FNDA:0,(anonymous_3)
FNDA:0,(anonymous_4)
FNDA:0,(anonymous_5)
DA:5,0
DA:6,0
DA:7,0
LF:3
LH:0
BRF:0
BRH:0
end_of_record
TN:
SF:src/dpia.ts
FN:5,(anonymous_0)
FN:6,(anonymous_1)
FN:7,(anonymous_2)
FN:8,(anonymous_3)
FN:9,(anonymous_4)
FNF:5
FNH:0
FNDA:0,(anonymous_0)
FNDA:0,(anonymous_1)
FNDA:0,(anonymous_2)
FNDA:0,(anonymous_3)
FNDA:0,(anonymous_4)
DA:5,0
DA:6,0
DA:7,0
DA:8,0
DA:9,0
LF:5
LH:0
BRF:0
BRH:0
end_of_record
TN:
SF:src/dsr.ts
FN:5,(anonymous_0)
FN:6,(anonymous_1)
FN:7,(anonymous_2)
FN:8,(anonymous_3)
FN:9,(anonymous_4)
FNF:5
FNH:0
FNDA:0,(anonymous_0)
FNDA:0,(anonymous_1)
FNDA:0,(anonymous_2)
FNDA:0,(anonymous_3)
FNDA:0,(anonymous_4)
DA:5,0
DA:6,0
DA:7,0
DA:8,0
DA:9,0
LF:5
LH:0
BRF:0
BRH:0
end_of_record
TN:
SF:src/hooks-entry.ts
FN:19,(anonymous_0)
FN:20,(anonymous_1)
FN:21,(anonymous_2)
FN:22,(anonymous_3)
FN:23,(anonymous_4)
FN:24,(anonymous_5)
FN:25,(anonymous_6)
FN:26,(anonymous_7)
FNF:8
FNH:0
FNDA:0,(anonymous_0)
FNDA:0,(anonymous_1)
FNDA:0,(anonymous_2)
FNDA:0,(anonymous_3)
FNDA:0,(anonymous_4)
FNDA:0,(anonymous_5)
FNDA:0,(anonymous_6)
FNDA:0,(anonymous_7)
DA:19,0
DA:20,0
DA:21,0
DA:22,0
DA:23,0
DA:24,0
DA:25,0
DA:26,0
LF:8
LH:0
BRF:0
BRH:0
end_of_record
TN:
SF:src/lawful-basis-entry.ts
FN:5,(anonymous_0)
FN:6,(anonymous_1)
FN:7,(anonymous_2)
FN:7,(anonymous_3)
FN:7,(anonymous_4)
FN:7,(anonymous_5)
FNF:6
FNH:0
FNDA:0,(anonymous_0)
FNDA:0,(anonymous_1)
FNDA:0,(anonymous_2)
FNDA:0,(anonymous_3)
FNDA:0,(anonymous_4)
FNDA:0,(anonymous_5)
DA:5,0
DA:6,0
DA:7,0
LF:3
LH:0
BRF:0
BRH:0
end_of_record
TN:
SF:src/policy.ts
FN:5,(anonymous_0)
FN:6,(anonymous_1)
FN:7,(anonymous_2)
FN:8,(anonymous_3)
FN:9,(anonymous_4)
FNF:5
FNH:0
FNDA:0,(anonymous_0)
FNDA:0,(anonymous_1)
FNDA:0,(anonymous_2)
FNDA:0,(anonymous_3)
FNDA:0,(anonymous_4)
DA:5,0
DA:6,0
DA:7,0
DA:8,0
DA:9,0
LF:5
LH:0
BRF:0
BRH:0
end_of_record
TN:
SF:src/ropa-entry.ts
FN:5,(anonymous_0)
FN:6,(anonymous_1)
FN:8,(anonymous_2)
FN:8,(anonymous_3)
FN:8,(anonymous_4)
FN:8,(anonymous_5)
FNF:6
FNH:0
FNDA:0,(anonymous_0)
FNDA:0,(anonymous_1)
FNDA:0,(anonymous_2)
FNDA:0,(anonymous_3)
FNDA:0,(anonymous_4)
FNDA:0,(anonymous_5)
DA:5,0
DA:6,0
DA:8,0
LF:3
LH:0
BRF:0
BRH:0
end_of_record
TN:
SF:src/components/breach/BreachNotificationManager.tsx
FN:77,(anonymous_10)
FN:100,(anonymous_11)
FN:105,(anonymous_12)
FN:111,(anonymous_13)
FN:114,(anonymous_14)
FN:115,(anonymous_15)
FN:120,(anonymous_16)
FN:134,(anonymous_17)
FN:135,(anonymous_18)
FN:151,(anonymous_19)
FN:158,(anonymous_20)
FN:166,(anonymous_21)
FN:173,(anonymous_22)
FN:180,(anonymous_23)
FN:186,(anonymous_24)
FN:191,(anonymous_25)
FN:196,(anonymous_26)
FN:205,calculateNotificationRequirements
FN:223,calculateHoursRemaining
FN:230,(anonymous_29)
FN:248,(anonymous_30)
FN:263,(anonymous_31)
FN:333,(anonymous_32)
FN:377,(anonymous_33)
FN:414,(anonymous_34)
FN:431,(anonymous_35)
FN:449,(anonymous_36)
FN:468,(anonymous_37)
FN:469,(anonymous_38)
FN:470,(anonymous_39)
FN:520,(anonymous_40)
FNF:31
FNH:0
FNDA:0,(anonymous_10)
FNDA:0,(anonymous_11)
FNDA:0,(anonymous_12)
FNDA:0,(anonymous_13)
FNDA:0,(anonymous_14)
FNDA:0,(anonymous_15)
FNDA:0,(anonymous_16)
FNDA:0,(anonymous_17)
FNDA:0,(anonymous_18)
FNDA:0,(anonymous_19)
FNDA:0,(anonymous_20)
FNDA:0,(anonymous_21)
FNDA:0,(anonymous_22)
FNDA:0,(anonymous_23)
FNDA:0,(anonymous_24)
FNDA:0,(anonymous_25)
FNDA:0,(anonymous_26)
FNDA:0,calculateNotificationRequirements
FNDA:0,calculateHoursRemaining
FNDA:0,(anonymous_29)
FNDA:0,(anonymous_30)
FNDA:0,(anonymous_31)
FNDA:0,(anonymous_32)
FNDA:0,(anonymous_33)
FNDA:0,(anonymous_34)
FNDA:0,(anonymous_35)
FNDA:0,(anonymous_36)
FNDA:0,(anonymous_37)
FNDA:0,(anonymous_38)
FNDA:0,(anonymous_39)
FNDA:0,(anonymous_40)
DA:1,0
DA:3,0
DA:77,0
DA:78,0
DA:79,0
DA:80,0
DA:81,0
DA:82,0
DA:83,0
DA:84,0
DA:85,0
DA:86,0
DA:87,0
DA:88,0
DA:89,0
DA:90,0
DA:92,0
DA:93,0
DA:94,0
DA:95,0
DA:96,0
DA:97,0
DA:100,0
DA:101,0
DA:104,0
DA:105,0
DA:109,0
DA:110,0
DA:111,0
DA:112,0
DA:114,0
DA:115,0
DA:120,0
DA:121,0
DA:123,0
DA:125,0
DA:126,0
DA:128,0
DA:129,0
DA:131,0
DA:132,0
DA:134,0
DA:135,0
DA:136,0
DA:137,0
DA:138,0
DA:139,0
DA:141,0
DA:144,0
DA:147,0
DA:151,0
DA:152,0
DA:153,0
DA:158,0
DA:159,0
DA:160,0
DA:161,0
DA:166,0
DA:167,0
DA:168,0
DA:173,0
DA:174,0
DA:175,0
DA:180,0
DA:181,0
DA:185,0
DA:186,0
DA:190,0
DA:191,0
DA:195,0
DA:196,0
DA:200,0
DA:209,0
DA:212,0
DA:214,0
DA:224,0
DA:225,0
DA:226,0
DA:230,0
DA:231,0
DA:233,0
DA:240,0
DA:248,0
DA:249,0
DA:255,0
DA:263,0
DA:264,0
DA:266,0
DA:267,0
DA:279,0
DA:280,0
DA:292,0
DA:294,0
DA:295,0
DA:307,0
DA:308,0
DA:320,0
DA:333,0
DA:334,0
DA:336,0
DA:353,0
DA:354,0
DA:364,0
DA:365,0
DA:373,0
DA:377,0
DA:400,0
DA:414,0
DA:431,0
DA:449,0
DA:469,0
DA:470,0
DA:471,0
DA:474,0
DA:475,0
DA:476,0
DA:477,0
DA:483,0
DA:484,0
DA:485,0
DA:490,0
DA:491,0
DA:497,0
DA:505,0
DA:512,0
DA:520,0
LF:126
LH:0
BRDA:84,0,0,0
BRDA:84,0,1,0
BRDA:85,1,0,0
BRDA:85,1,1,0
BRDA:86,2,0,0
BRDA:86,2,1,0
BRDA:87,3,0,0
BRDA:87,3,1,0
BRDA:88,4,0,0
BRDA:88,4,1,0
BRDA:89,5,0,0
BRDA:89,5,1,0
BRDA:90,6,0,0
BRDA:90,6,1,0
BRDA:104,7,0,0
BRDA:109,8,0,0
BRDA:112,9,0,0
BRDA:112,9,1,0
BRDA:112,9,2,0
BRDA:112,9,3,0
BRDA:123,10,0,0
BRDA:123,10,1,0
BRDA:123,10,2,0
BRDA:123,10,3,0
BRDA:123,10,4,0
BRDA:136,11,0,0
BRDA:136,11,1,0
BRDA:136,12,0,0
BRDA:136,12,1,0
BRDA:136,13,0,0
BRDA:136,13,1,0
BRDA:137,14,0,0
BRDA:137,14,1,0
BRDA:137,15,0,0
BRDA:137,15,1,0
BRDA:137,16,0,0
BRDA:137,16,1,0
BRDA:144,17,0,0
BRDA:144,17,1,0
BRDA:152,18,0,0
BRDA:152,19,0,0
BRDA:152,19,1,0
BRDA:160,20,0,0
BRDA:167,21,0,0
BRDA:167,22,0,0
BRDA:167,22,1,0
BRDA:174,23,0,0
BRDA:174,24,0,0
BRDA:174,24,1,0
BRDA:185,25,0,0
BRDA:185,25,1,0
BRDA:190,26,0,0
BRDA:190,26,1,0
BRDA:195,27,0,0
BRDA:195,27,1,0
BRDA:200,28,0,0
BRDA:200,28,1,0
BRDA:209,29,0,0
BRDA:209,29,1,0
BRDA:217,30,0,0
BRDA:217,30,1,0
BRDA:217,31,0,0
BRDA:217,31,1,0
BRDA:217,32,0,0
BRDA:217,32,1,0
BRDA:231,33,0,0
BRDA:256,34,0,0
BRDA:256,34,1,0
BRDA:264,35,0,0
BRDA:264,36,0,0
BRDA:264,36,1,0
BRDA:266,37,0,0
BRDA:279,38,0,0
BRDA:294,39,0,0
BRDA:307,40,0,0
BRDA:334,41,0,0
BRDA:345,42,0,0
BRDA:345,42,1,0
BRDA:345,43,0,0
BRDA:345,43,1,0
BRDA:347,44,0,0
BRDA:347,44,1,0
BRDA:353,45,0,0
BRDA:353,46,0,0
BRDA:353,46,1,0
BRDA:353,47,0,0
BRDA:353,47,1,0
BRDA:356,48,0,0
BRDA:356,48,1,0
BRDA:356,49,0,0
BRDA:356,49,1,0
BRDA:358,50,0,0
BRDA:358,50,1,0
BRDA:364,51,0,0
BRDA:364,52,0,0
BRDA:364,52,1,0
BRDA:364,53,0,0
BRDA:364,53,1,0
BRDA:380,54,0,0
BRDA:380,54,1,0
BRDA:385,55,0,0
BRDA:385,55,1,0
BRDA:462,56,0,0
BRDA:462,56,1,0
BRDA:475,57,0,0
BRDA:475,57,1,0
BRDA:475,58,0,0
BRDA:475,58,1,0
BRDA:475,59,0,0
BRDA:475,59,1,0
BRDA:476,60,0,0
BRDA:476,60,1,0
BRDA:484,61,0,0
BRDA:484,61,1,0
BRDA:490,62,0,0
BRDA:490,62,1,0
BRDA:516,63,0,0
BRDA:516,63,1,0
BRDA:531,64,0,0
BRDA:531,64,1,0
BRDA:546,65,0,0
BRDA:546,65,1,0
BRDA:554,66,0,0
BRDA:554,66,1,0
BRDA:561,67,0,0
BRDA:561,67,1,0
BRDA:566,68,0,0
BRDA:566,68,1,0
BRDA:575,69,0,0
BRDA:575,69,1,0
BRDA:587,70,0,0
BRDA:587,70,1,0
BRDA:602,71,0,0
BRDA:602,71,1,0
BRDA:612,72,0,0
BRDA:612,72,1,0
BRDA:615,73,0,0
BRDA:615,73,1,0
BRDA:643,74,0,0
BRDA:643,74,1,0
BRDA:651,75,0,0
BRDA:651,75,1,0
BRDA:656,76,0,0
BRDA:656,76,1,0
BRDA:656,76,2,0
BRDA:658,77,0,0
BRDA:658,77,1,0
BRDA:658,78,0,0
BRDA:658,78,1,0
BRDA:658,79,0,0
BRDA:658,79,1,0
BRDA:664,80,0,0
BRDA:664,80,1,0
BRDA:664,81,0,0
BRDA:664,81,1,0
BRDA:664,82,0,0
BRDA:664,82,1,0
BRDA:688,83,0,0
BRDA:688,83,1,0
BRF:159
BRH:0
end_of_record
TN:
SF:src/components/breach/BreachReportForm.tsx
FN:80,(anonymous_12)
FN:115,(anonymous_13)
FN:121,(anonymous_14)
FN:126,(anonymous_15)
FN:127,(anonymous_16)
FN:129,(anonymous_17)
FN:137,(anonymous_18)
FN:147,(anonymous_19)
FN:172,(anonymous_20)
FN:174,(anonymous_21)
FN:175,(anonymous_22)
FN:180,(anonymous_23)
FN:181,(anonymous_24)
FN:181,(anonymous_25)
FN:185,(anonymous_26)
FN:235,(anonymous_27)
FN:260,(anonymous_28)
FN:288,(anonymous_29)
FN:330,(anonymous_30)
FN:344,(anonymous_31)
FN:349,(anonymous_32)
FN:365,(anonymous_33)
FN:381,(anonymous_34)
FN:396,(anonymous_35)
FN:415,(anonymous_36)
FN:430,(anonymous_37)
FN:445,(anonymous_38)
FN:460,(anonymous_39)
FN:495,(anonymous_40)
FN:507,(anonymous_41)
FN:513,(anonymous_42)
FN:532,(anonymous_43)
FN:549,(anonymous_44)
FN:583,(anonymous_45)
FN:594,(anonymous_46)
FNF:35
FNH:0
FNDA:0,(anonymous_12)
FNDA:0,(anonymous_13)
FNDA:0,(anonymous_14)
FNDA:0,(anonymous_15)
FNDA:0,(anonymous_16)
FNDA:0,(anonymous_17)
FNDA:0,(anonymous_18)
FNDA:0,(anonymous_19)
FNDA:0,(anonymous_20)
FNDA:0,(anonymous_21)
FNDA:0,(anonymous_22)
FNDA:0,(anonymous_23)
FNDA:0,(anonymous_24)
FNDA:0,(anonymous_25)
FNDA:0,(anonymous_26)
FNDA:0,(anonymous_27)
FNDA:0,(anonymous_28)
FNDA:0,(anonymous_29)
FNDA:0,(anonymous_30)
FNDA:0,(anonymous_31)
FNDA:0,(anonymous_32)
FNDA:0,(anonymous_33)
FNDA:0,(anonymous_34)
FNDA:0,(anonymous_35)
FNDA:0,(anonymous_36)
FNDA:0,(anonymous_37)
FNDA:0,(anonymous_38)
FNDA:0,(anonymous_39)
FNDA:0,(anonymous_40)
FNDA:0,(anonymous_41)
FNDA:0,(anonymous_42)
FNDA:0,(anonymous_43)
FNDA:0,(anonymous_44)
FNDA:0,(anonymous_45)
FNDA:0,(anonymous_46)
DA:1,0
DA:80,0
DA:81,0
DA:82,0
DA:83,0
DA:84,0
DA:85,0
DA:86,0
DA:87,0
DA:88,0
DA:89,0
DA:90,0
DA:91,0
DA:92,0
DA:93,0
DA:95,0
DA:96,0
DA:97,0
DA:98,0
DA:99,0
DA:100,0
DA:101,0
DA:102,0
DA:103,0
DA:104,0
DA:105,0
DA:106,0
DA:107,0
DA:108,0
DA:109,0
DA:110,0
DA:111,0
DA:112,0
DA:115,0
DA:117,0
DA:118,0
DA:121,0
DA:122,0
DA:126,0
DA:127,0
DA:128,0
DA:129,0
DA:131,0
DA:137,0
DA:138,0
DA:139,0
DA:141,0
DA:142,0
DA:145,0
DA:146,0
DA:147,0
DA:148,0
DA:152,0
DA:153,0
DA:156,0
DA:157,0
DA:158,0
DA:162,0
DA:163,0
DA:164,0
DA:165,0
DA:168,0
DA:171,0
DA:172,0
DA:174,0
DA:175,0
DA:180,0
DA:181,0
DA:185,0
DA:186,0
DA:188,0
DA:189,0
DA:192,0
DA:193,0
DA:196,0
DA:197,0
DA:200,0
DA:201,0
DA:204,0
DA:205,0
DA:208,0
DA:209,0
DA:210,0
DA:211,0
DA:214,0
DA:215,0
DA:218,0
DA:219,0
DA:222,0
DA:223,0
DA:226,0
DA:227,0
DA:230,0
DA:231,0
DA:235,0
DA:236,0
DA:238,0
DA:239,0
DA:242,0
DA:260,0
DA:268,0
DA:270,0
DA:271,0
DA:275,0
DA:276,0
DA:288,0
DA:298,0
DA:311,0
DA:330,0
DA:344,0
DA:349,0
DA:365,0
DA:381,0
DA:396,0
DA:415,0
DA:430,0
DA:445,0
DA:460,0
DA:495,0
DA:507,0
DA:513,0
DA:532,0
DA:549,0
DA:583,0
DA:594,0
LF:125
LH:0
BRDA:83,0,0,0
BRDA:83,0,1,0
BRDA:84,1,0,0
BRDA:84,1,1,0
BRDA:85,2,0,0
BRDA:85,2,1,0
BRDA:86,3,0,0
BRDA:86,3,1,0
BRDA:87,4,0,0
BRDA:87,4,1,0
BRDA:88,5,0,0
BRDA:88,5,1,0
BRDA:89,6,0,0
BRDA:89,6,1,0
BRDA:90,7,0,0
BRDA:90,7,1,0
BRDA:91,8,0,0
BRDA:91,8,1,0
BRDA:92,9,0,0
BRDA:92,9,1,0
BRDA:93,10,0,0
BRDA:93,10,1,0
BRDA:128,11,0,0
BRDA:128,11,1,0
BRDA:139,12,0,0
BRDA:145,13,0,0
BRDA:156,14,0,0
BRDA:162,15,0,0
BRDA:162,15,1,0
BRDA:162,16,0,0
BRDA:162,16,1,0
BRDA:163,17,0,0
BRDA:171,18,0,0
BRDA:171,18,1,0
BRDA:188,19,0,0
BRDA:192,20,0,0
BRDA:196,21,0,0
BRDA:200,22,0,0
BRDA:204,23,0,0
BRDA:208,24,0,0
BRDA:208,24,1,0
BRDA:210,25,0,0
BRDA:214,26,0,0
BRDA:218,27,0,0
BRDA:222,28,0,0
BRDA:226,29,0,0
BRDA:226,30,0,0
BRDA:226,30,1,0
BRDA:238,31,0,0
BRDA:247,32,0,0
BRDA:247,32,1,0
BRDA:253,33,0,0
BRDA:253,33,1,0
BRDA:257,34,0,0
BRDA:257,34,1,0
BRDA:259,35,0,0
BRDA:259,35,1,0
BRDA:270,36,0,0
BRDA:275,37,0,0
BRDA:334,38,0,0
BRDA:334,38,1,0
BRDA:355,39,0,0
BRDA:355,39,1,0
BRDA:370,40,0,0
BRDA:370,40,1,0
BRDA:385,41,0,0
BRDA:385,41,1,0
BRDA:419,42,0,0
BRDA:419,42,1,0
BRDA:434,43,0,0
BRDA:434,43,1,0
BRDA:449,44,0,0
BRDA:449,44,1,0
BRDA:484,45,0,0
BRDA:484,45,1,0
BRDA:499,46,0,0
BRDA:499,46,1,0
BRDA:522,47,0,0
BRDA:522,47,1,0
BRDA:559,48,0,0
BRDA:559,48,1,0
BRDA:576,49,0,0
BRDA:576,49,1,0
BRDA:579,50,0,0
BRDA:579,50,1,0
BRF:85
BRH:0
end_of_record
TN:
SF:src/components/breach/BreachRiskAssessment.tsx
FN:62,(anonymous_9)
FN:93,(anonymous_10)
FN:146,(anonymous_11)
FN:151,(anonymous_12)
FN:180,(anonymous_13)
FN:192,(anonymous_14)
FN:340,(anonymous_15)
FN:368,(anonymous_16)
FN:392,(anonymous_17)
FN:416,(anonymous_18)
FN:445,(anonymous_19)
FN:469,(anonymous_20)
FN:484,(anonymous_21)
FN:502,(anonymous_22)
FN:537,(anonymous_23)
FNF:15
FNH:0
FNDA:0,(anonymous_9)
FNDA:0,(anonymous_10)
FNDA:0,(anonymous_11)
FNDA:0,(anonymous_12)
FNDA:0,(anonymous_13)
FNDA:0,(anonymous_14)
FNDA:0,(anonymous_15)
FNDA:0,(anonymous_16)
FNDA:0,(anonymous_17)
FNDA:0,(anonymous_18)
FNDA:0,(anonymous_19)
FNDA:0,(anonymous_20)
FNDA:0,(anonymous_21)
FNDA:0,(anonymous_22)
FNDA:0,(anonymous_23)
DA:1,0
DA:62,0
DA:63,0
DA:64,0
DA:65,0
DA:66,0
DA:67,0
DA:68,0
DA:69,0
DA:70,0
DA:71,0
DA:72,0
DA:75,0
DA:76,0
DA:77,0
DA:78,0
DA:79,0
DA:80,0
DA:81,0
DA:82,0
DA:85,0
DA:86,0
DA:87,0
DA:88,0
DA:89,0
DA:90,0
DA:93,0
DA:95,0
DA:96,0
DA:97,0
DA:98,0
DA:99,0
DA:102,0
DA:108,0
DA:112,0
DA:113,0
DA:114,0
DA:115,0
DA:116,0
DA:117,0
DA:119,0
DA:121,0
DA:124,0
DA:125,0
DA:128,0
DA:129,0
DA:132,0
DA:133,0
DA:134,0
DA:146,0
DA:147,0
DA:151,0
DA:152,0
DA:154,0
DA:175,0
DA:176,0
DA:180,0
DA:181,0
DA:182,0
DA:183,0
DA:184,0
DA:185,0
DA:186,0
DA:187,0
DA:192,0
DA:193,0
DA:200,0
DA:207,0
DA:340,0
DA:368,0
DA:392,0
DA:416,0
DA:445,0
DA:469,0
DA:484,0
DA:502,0
DA:537,0
LF:77
LH:0
BRDA:64,0,0,0
BRDA:64,0,1,0
BRDA:66,1,0,0
BRDA:66,1,1,0
BRDA:67,2,0,0
BRDA:67,2,1,0
BRDA:68,3,0,0
BRDA:68,3,1,0
BRDA:69,4,0,0
BRDA:69,4,1,0
BRDA:70,5,0,0
BRDA:70,5,1,0
BRDA:71,6,0,0
BRDA:71,6,1,0
BRDA:72,7,0,0
BRDA:72,7,1,0
BRDA:75,8,0,0
BRDA:75,8,1,0
BRDA:76,9,0,0
BRDA:76,9,1,0
BRDA:77,10,0,0
BRDA:77,10,1,0
BRDA:78,11,0,0
BRDA:78,11,1,0
BRDA:79,12,0,0
BRDA:79,12,1,0
BRDA:80,13,0,0
BRDA:80,13,1,0
BRDA:81,14,0,0
BRDA:81,14,1,0
BRDA:82,15,0,0
BRDA:82,15,1,0
BRDA:112,16,0,0
BRDA:112,16,1,0
BRDA:114,17,0,0
BRDA:114,17,1,0
BRDA:116,18,0,0
BRDA:116,18,1,0
BRDA:124,19,0,0
BRDA:124,19,1,0
BRDA:124,19,2,0
BRDA:155,20,0,0
BRDA:155,20,1,0
BRDA:158,21,0,0
BRDA:158,21,1,0
BRDA:181,22,0,0
BRDA:181,22,1,0
BRDA:181,22,2,0
BRDA:181,22,3,0
BRDA:181,22,4,0
BRDA:181,22,5,0
BRDA:213,23,0,0
BRDA:213,23,1,0
BRDA:225,24,0,0
BRDA:225,24,1,0
BRDA:231,25,0,0
BRDA:231,25,1,0
BRDA:252,26,0,0
BRDA:252,26,1,0
BRDA:256,27,0,0
BRDA:256,27,1,0
BRDA:267,28,0,0
BRDA:267,28,1,0
BRDA:269,29,0,0
BRDA:269,29,1,0
BRDA:270,30,0,0
BRDA:270,30,1,0
BRDA:277,31,0,0
BRDA:277,31,1,0
BRDA:280,32,0,0
BRDA:280,32,1,0
BRDA:294,33,0,0
BRDA:294,33,1,0
BRDA:295,34,0,0
BRDA:295,34,1,0
BRDA:300,35,0,0
BRDA:300,35,1,0
BRDA:320,36,0,0
BRDA:320,36,1,0
BRDA:324,37,0,0
BRDA:324,37,1,0
BRF:81
BRH:0
end_of_record
TN:
SF:src/components/breach/RegulatoryReportGenerator.tsx
FN:115,(anonymous_9)
FN:142,(anonymous_10)
FN:151,(anonymous_11)
FN:160,(anonymous_12)
FN:242,(anonymous_13)
FN:265,(anonymous_14)
FN:279,(anonymous_15)
FN:287,(anonymous_16)
FN:347,(anonymous_17)
FN:368,(anonymous_18)
FN:384,(anonymous_19)
FN:404,(anonymous_20)
FN:417,(anonymous_21)
FN:430,(anonymous_22)
FN:447,(anonymous_23)
FN:466,(anonymous_24)
FNF:16
FNH:0
FNDA:0,(anonymous_9)
FNDA:0,(anonymous_10)
FNDA:0,(anonymous_11)
FNDA:0,(anonymous_12)
FNDA:0,(anonymous_13)
FNDA:0,(anonymous_14)
FNDA:0,(anonymous_15)
FNDA:0,(anonymous_16)
FNDA:0,(anonymous_17)
FNDA:0,(anonymous_18)
FNDA:0,(anonymous_19)
FNDA:0,(anonymous_20)
FNDA:0,(anonymous_21)
FNDA:0,(anonymous_22)
FNDA:0,(anonymous_23)
FNDA:0,(anonymous_24)
DA:1,0
DA:115,0
DA:116,0
DA:117,0
DA:118,0
DA:119,0
DA:120,0
DA:121,0
DA:122,0
DA:123,0
DA:124,0
DA:125,0
DA:126,0
DA:127,0
DA:128,0
DA:131,0
DA:132,0
DA:133,0
DA:134,0
DA:135,0
DA:136,0
DA:137,0
DA:138,0
DA:139,0
DA:142,0
DA:143,0
DA:144,0
DA:145,0
DA:146,0
DA:151,0
DA:152,0
DA:160,0
DA:161,0
DA:162,0
DA:168,0
DA:242,0
DA:243,0
DA:245,0
DA:260,0
DA:261,0
DA:265,0
DA:269,0
DA:270,0
DA:271,0
DA:272,0
DA:273,0
DA:274,0
DA:275,0
DA:279,0
DA:280,0
DA:287,0
DA:294,0
DA:347,0
DA:368,0
DA:384,0
DA:404,0
DA:417,0
DA:430,0
DA:447,0
DA:466,0
LF:60
LH:0
BRDA:120,0,0,0
BRDA:120,0,1,0
BRDA:121,1,0,0
BRDA:121,1,1,0
BRDA:122,2,0,0
BRDA:122,2,1,0
BRDA:123,3,0,0
BRDA:123,3,1,0
BRDA:124,4,0,0
BRDA:124,4,1,0
BRDA:125,5,0,0
BRDA:125,5,1,0
BRDA:126,6,0,0
BRDA:126,6,1,0
BRDA:127,7,0,0
BRDA:127,7,1,0
BRDA:128,8,0,0
BRDA:128,8,1,0
BRDA:143,9,0,0
BRDA:178,10,0,0
BRDA:178,10,1,0
BRDA:180,11,0,0
BRDA:180,11,1,0
BRDA:186,12,0,0
BRDA:186,12,1,0
BRDA:192,13,0,0
BRDA:192,13,1,0
BRDA:205,14,0,0
BRDA:205,14,1,0
BRDA:209,15,0,0
BRDA:209,15,1,0
BRDA:211,16,0,0
BRDA:211,16,1,0
BRDA:212,17,0,0
BRDA:212,17,1,0
BRDA:221,18,0,0
BRDA:221,18,1,0
BRDA:250,19,0,0
BRDA:250,19,1,0
BRDA:251,20,0,0
BRDA:251,20,1,0
BRDA:254,21,0,0
BRDA:254,21,1,0
BRDA:299,22,0,0
BRDA:299,22,1,0
BRDA:314,23,0,0
BRDA:314,23,1,0
BRDA:315,24,0,0
BRDA:315,24,1,0
BRDA:316,25,0,0
BRDA:316,25,1,0
BRDA:321,26,0,0
BRDA:321,26,1,0
BRDA:326,27,0,0
BRDA:326,27,1,0
BRDA:338,28,0,0
BRDA:338,28,1,0
BRDA:456,29,0,0
BRDA:456,29,1,0
BRF:59
BRH:0
end_of_record
TN:
SF:src/components/consent/ConsentBanner.tsx
FN:96,(anonymous_11)
FN:119,(anonymous_12)
FN:121,(anonymous_13)
FN:135,(anonymous_14)
FN:137,(anonymous_15)
FN:143,(anonymous_16)
FN:145,(anonymous_17)
FN:151,(anonymous_18)
FN:152,(anonymous_19)
FN:158,(anonymous_20)
FN:162,(anonymous_21)
FN:204,(anonymous_22)
FN:211,(anonymous_23)
FN:234,(anonymous_24)
FN:256,(anonymous_25)
FNF:15
FNH:12
FNDA:18,(anonymous_11)
FNDA:6,(anonymous_12)
FNDA:18,(anonymous_13)
FNDA:1,(anonymous_14)
FNDA:3,(anonymous_15)
FNDA:0,(anonymous_16)
FNDA:0,(anonymous_17)
FNDA:1,(anonymous_18)
FNDA:1,(anonymous_19)
FNDA:1,(anonymous_20)
FNDA:2,(anonymous_21)
FNDA:12,(anonymous_22)
FNDA:1,(anonymous_23)
FNDA:0,(anonymous_24)
FNDA:3,(anonymous_25)
DA:1,1
DA:96,1
DA:97,18
DA:98,18
DA:99,18
DA:100,18
DA:101,18
DA:102,18
DA:103,18
DA:104,18
DA:105,18
DA:106,18
DA:107,18
DA:108,18
DA:109,18
DA:110,18
DA:111,18
DA:112,18
DA:114,18
DA:115,18
DA:116,18
DA:119,18
DA:120,6
DA:121,6
DA:122,18
DA:124,6
DA:127,6
DA:128,0
DA:129,0
DA:131,6
DA:135,18
DA:136,1
DA:137,1
DA:138,3
DA:140,1
DA:143,18
DA:144,0
DA:145,0
DA:146,0
DA:148,0
DA:151,18
DA:152,1
DA:158,18
DA:159,1
DA:162,18
DA:163,2
DA:172,2
DA:175,2
DA:178,2
DA:179,2
DA:182,18
DA:183,8
DA:187,10
DA:191,10
DA:204,12
DA:211,1
DA:234,0
DA:256,3
LF:58
LH:51
BRDA:99,0,0,18
BRDA:99,0,1,0
BRDA:100,1,0,18
BRDA:100,1,1,0
BRDA:101,2,0,18
BRDA:101,2,1,0
BRDA:102,3,0,18
BRDA:102,3,1,0
BRDA:103,4,0,18
BRDA:103,4,1,0
BRDA:104,5,0,18
BRDA:104,5,1,0
BRDA:105,6,0,0
BRDA:105,6,1,18
BRDA:106,7,0,18
BRDA:106,7,1,0
BRDA:108,8,0,0
BRDA:108,8,1,18
BRDA:109,9,0,18
BRDA:109,9,1,0
BRDA:110,10,0,18
BRDA:110,10,1,0
BRDA:111,11,0,18
BRDA:111,11,1,0
BRDA:112,12,0,18
BRDA:112,12,1,0
BRDA:122,13,0,18
BRDA:122,13,1,18
BRDA:127,14,0,0
BRDA:127,14,1,6
BRDA:146,15,0,0
BRDA:146,15,1,0
BRDA:167,16,0,1
BRDA:167,16,1,1
BRDA:182,17,0,8
BRDA:187,18,0,1
BRDA:187,18,1,9
BRDA:188,19,0,0
BRDA:188,19,1,9
BRDA:201,20,0,4
BRDA:201,20,1,6
BRDA:210,21,0,12
BRDA:210,21,1,11
BRDA:218,22,0,12
BRDA:218,22,1,4
BRF:45
BRH:28
end_of_record
TN:
SF:src/components/consent/ConsentManager.tsx
FN:89,(anonymous_11)
FN:110,(anonymous_12)
FN:115,(anonymous_13)
FN:122,(anonymous_14)
FN:123,(anonymous_15)
FN:129,(anonymous_16)
FN:142,(anonymous_17)
FN:148,(anonymous_18)
FN:150,(anonymous_19)
FN:162,(anonymous_20)
FN:175,(anonymous_21)
FNF:11
FNH:8
FNDA:13,(anonymous_11)
FNDA:5,(anonymous_12)
FNDA:8,(anonymous_13)
FNDA:1,(anonymous_14)
FNDA:1,(anonymous_15)
FNDA:2,(anonymous_16)
FNDA:0,(anonymous_17)
FNDA:0,(anonymous_18)
FNDA:0,(anonymous_19)
FNDA:22,(anonymous_20)
FNDA:1,(anonymous_21)
DA:1,1
DA:89,1
DA:90,13
DA:91,13
DA:92,13
DA:93,13
DA:94,13
DA:95,13
DA:96,13
DA:97,13
DA:98,13
DA:99,13
DA:100,13
DA:101,13
DA:102,13
DA:103,13
DA:104,13
DA:106,13
DA:107,13
DA:110,13
DA:111,5
DA:112,0
DA:114,5
DA:115,5
DA:116,8
DA:118,5
DA:122,13
DA:123,1
DA:129,13
DA:130,2
DA:138,2
DA:140,2
DA:141,2
DA:142,2
DA:143,0
DA:148,13
DA:149,0
DA:150,0
DA:151,0
DA:153,0
DA:156,13
DA:162,22
DA:175,1
LF:43
LH:37
BRDA:93,0,0,13
BRDA:93,0,1,0
BRDA:94,1,0,13
BRDA:94,1,1,0
BRDA:95,2,0,13
BRDA:95,2,1,0
BRDA:96,3,0,13
BRDA:96,3,1,0
BRDA:97,4,0,13
BRDA:97,4,1,0
BRDA:98,5,0,13
BRDA:98,5,1,0
BRDA:99,6,0,13
BRDA:99,6,1,0
BRDA:100,7,0,13
BRDA:100,7,1,0
BRDA:101,8,0,13
BRDA:101,8,1,0
BRDA:102,9,0,13
BRDA:102,9,1,0
BRDA:103,10,0,13
BRDA:103,10,1,0
BRDA:104,11,0,13
BRDA:104,11,1,0
BRDA:111,12,0,0
BRDA:111,12,1,5
BRDA:111,13,0,5
BRDA:111,13,1,0
BRDA:116,14,0,8
BRDA:116,14,1,8
BRDA:140,15,0,2
BRDA:151,16,0,0
BRDA:151,16,1,0
BRDA:174,17,0,22
BRDA:174,17,1,20
BRDA:178,18,0,11
BRDA:178,18,1,11
BRDA:180,19,0,2
BRDA:180,19,1,20
BRDA:181,20,0,22
BRDA:181,20,1,11
BRDA:190,21,0,13
BRDA:190,21,1,2
BRDA:212,22,0,0
BRDA:212,22,1,13
BRF:45
BRH:28
end_of_record
TN:
SF:src/components/consent/ConsentStorage.tsx
FN:49,(anonymous_9)
FN:67,(anonymous_10)
FN:74,(anonymous_11)
FN:81,(anonymous_12)
FN:97,(anonymous_13)
FN:122,(anonymous_14)
FN:169,(anonymous_15)
FNF:7
FNH:5
FNDA:13,(anonymous_9)
FNDA:13,(anonymous_10)
FNDA:13,(anonymous_11)
FNDA:6,(anonymous_12)
FNDA:0,(anonymous_13)
FNDA:6,(anonymous_14)
FNDA:0,(anonymous_15)
DA:1,1
DA:49,1
DA:50,13
DA:51,13
DA:52,13
DA:53,13
DA:54,13
DA:55,13
DA:56,13
DA:59,13
DA:60,13
DA:61,13
DA:62,39
DA:64,13
DA:67,13
DA:68,13
DA:69,6
DA:74,13
DA:75,13
DA:76,6
DA:81,13
DA:82,6
DA:84,6
DA:85,6
DA:86,4
DA:87,4
DA:88,2
DA:90,2
DA:91,2
DA:92,2
DA:93,1
DA:95,0
DA:96,0
DA:97,0
DA:98,0
DA:99,0
DA:100,0
DA:104,5
DA:106,5
DA:107,5
DA:110,1
DA:111,1
DA:113,1
DA:114,1
DA:118,6
DA:122,13
DA:123,6
DA:124,6
DA:126,6
DA:127,4
DA:128,2
DA:129,2
DA:130,0
DA:133,0
DA:134,0
DA:135,0
DA:136,0
DA:137,0
DA:139,0
DA:140,0
DA:142,0
DA:144,0
DA:145,0
DA:148,0
DA:149,0
DA:152,0
DA:154,0
DA:157,6
DA:158,6
DA:161,6
DA:163,0
DA:164,0
DA:169,13
DA:170,0
DA:171,0
DA:172,0
DA:173,0
DA:174,0
DA:175,0
DA:176,0
DA:178,0
DA:180,0
DA:181,0
DA:184,0
DA:187,0
DA:189,0
DA:190,0
DA:195,13
DA:196,0
DA:205,13
LF:90
LH:52
BRDA:51,0,0,0
BRDA:51,0,1,13
BRDA:54,1,0,12
BRDA:54,1,1,1
BRDA:55,2,0,12
BRDA:55,2,1,1
BRDA:59,3,0,0
BRDA:59,3,1,13
BRDA:60,4,0,0
BRDA:60,4,1,13
BRDA:61,5,0,13
BRDA:61,5,1,0
BRDA:68,6,0,6
BRDA:68,7,0,13
BRDA:68,7,1,12
BRDA:75,8,0,6
BRDA:75,9,0,13
BRDA:75,9,1,12
BRDA:85,10,0,4
BRDA:85,10,1,2
BRDA:85,11,0,6
BRDA:85,11,1,4
BRDA:87,12,0,2
BRDA:90,13,0,2
BRDA:90,13,1,0
BRDA:90,14,0,2
BRDA:90,14,1,2
BRDA:92,15,0,1
BRDA:95,16,0,0
BRDA:95,17,0,0
BRDA:95,17,1,0
BRDA:98,18,0,0
BRDA:106,19,0,5
BRDA:113,20,0,1
BRDA:126,21,0,4
BRDA:126,21,1,2
BRDA:126,22,0,6
BRDA:126,22,1,4
BRDA:128,23,0,2
BRDA:128,23,1,0
BRDA:128,24,0,2
BRDA:128,24,1,2
BRDA:130,25,0,0
BRDA:130,26,0,0
BRDA:130,26,1,0
BRDA:133,27,0,0
BRDA:133,27,1,0
BRDA:134,28,0,0
BRDA:134,28,1,0
BRDA:135,29,0,0
BRDA:135,29,1,0
BRDA:136,30,0,0
BRDA:136,30,1,0
BRDA:144,31,0,0
BRDA:148,32,0,0
BRDA:157,33,0,6
BRDA:171,34,0,0
BRDA:171,34,1,0
BRDA:171,35,0,0
BRDA:171,35,1,0
BRDA:173,36,0,0
BRDA:173,36,1,0
BRDA:173,37,0,0
BRDA:173,37,1,0
BRDA:175,38,0,0
BRDA:175,39,0,0
BRDA:175,39,1,0
BRDA:176,40,0,0
BRDA:176,40,1,0
BRDA:180,41,0,0
BRDA:195,42,0,0
BRF:71
BRH:33
end_of_record
TN:
SF:src/components/cross-border/CrossBorderTransferManager.tsx
FN:164,(anonymous_12)
FN:188,(anonymous_13)
FN:192,(anonymous_14)
FN:196,(anonymous_15)
FN:199,(anonymous_16)
FN:204,(anonymous_17)
FN:211,(anonymous_18)
FN:214,(anonymous_19)
FN:219,(anonymous_20)
FN:226,(anonymous_21)
FN:232,(anonymous_22)
FN:263,(anonymous_23)
FN:267,(anonymous_24)
FN:271,(anonymous_25)
FN:282,(anonymous_26)
FN:298,(anonymous_27)
FN:322,(anonymous_28)
FN:355,(anonymous_29)
FN:365,(anonymous_30)
FN:380,(anonymous_31)
FN:403,(anonymous_32)
FN:405,(anonymous_33)
FN:421,(anonymous_34)
FN:423,(anonymous_35)
FN:425,(anonymous_36)
FN:427,(anonymous_37)
FN:428,(anonymous_38)
FN:466,(anonymous_39)
FN:476,(anonymous_40)
FN:493,(anonymous_41)
FN:504,(anonymous_42)
FN:520,(anonymous_43)
FN:532,(anonymous_44)
FN:547,(anonymous_45)
FN:560,(anonymous_46)
FN:565,(anonymous_47)
FN:578,(anonymous_48)
FN:581,(anonymous_49)
FN:594,(anonymous_50)
FN:611,(anonymous_51)
FN:623,(anonymous_52)
FN:637,(anonymous_53)
FN:651,(anonymous_54)
FN:665,(anonymous_55)
FN:677,(anonymous_56)
FN:689,(anonymous_57)
FN:702,(anonymous_58)
FN:716,(anonymous_59)
FN:730,(anonymous_60)
FN:742,(anonymous_61)
FN:745,(anonymous_62)
FN:758,(anonymous_63)
FN:761,(anonymous_64)
FN:786,(anonymous_65)
FN:798,(anonymous_66)
FN:810,(anonymous_67)
FN:829,(anonymous_68)
FN:841,(anonymous_69)
FN:853,(anonymous_70)
FN:873,(anonymous_71)
FN:896,(anonymous_72)
FN:907,(anonymous_73)
FN:923,(anonymous_74)
FN:927,(anonymous_75)
FN:986,(anonymous_76)
FN:1001,(anonymous_77)
FN:1020,(anonymous_78)
FN:1031,(anonymous_79)
FN:1109,(anonymous_80)
FN:1115,(anonymous_81)
FN:1157,(anonymous_82)
FN:1161,(anonymous_83)
FN:1175,(anonymous_84)
FN:1179,(anonymous_85)
FN:1200,(anonymous_86)
FN:1208,(anonymous_87)
FNF:76
FNH:0
FNDA:0,(anonymous_12)
FNDA:0,(anonymous_13)
FNDA:0,(anonymous_14)
FNDA:0,(anonymous_15)
FNDA:0,(anonymous_16)
FNDA:0,(anonymous_17)
FNDA:0,(anonymous_18)
FNDA:0,(anonymous_19)
FNDA:0,(anonymous_20)
FNDA:0,(anonymous_21)
FNDA:0,(anonymous_22)
FNDA:0,(anonymous_23)
FNDA:0,(anonymous_24)
FNDA:0,(anonymous_25)
FNDA:0,(anonymous_26)
FNDA:0,(anonymous_27)
FNDA:0,(anonymous_28)
FNDA:0,(anonymous_29)
FNDA:0,(anonymous_30)
FNDA:0,(anonymous_31)
FNDA:0,(anonymous_32)
FNDA:0,(anonymous_33)
FNDA:0,(anonymous_34)
FNDA:0,(anonymous_35)
FNDA:0,(anonymous_36)
FNDA:0,(anonymous_37)
FNDA:0,(anonymous_38)
FNDA:0,(anonymous_39)
FNDA:0,(anonymous_40)
FNDA:0,(anonymous_41)
FNDA:0,(anonymous_42)
FNDA:0,(anonymous_43)
FNDA:0,(anonymous_44)
FNDA:0,(anonymous_45)
FNDA:0,(anonymous_46)
FNDA:0,(anonymous_47)
FNDA:0,(anonymous_48)
FNDA:0,(anonymous_49)
FNDA:0,(anonymous_50)
FNDA:0,(anonymous_51)
FNDA:0,(anonymous_52)
FNDA:0,(anonymous_53)
FNDA:0,(anonymous_54)
FNDA:0,(anonymous_55)
FNDA:0,(anonymous_56)
FNDA:0,(anonymous_57)
FNDA:0,(anonymous_58)
FNDA:0,(anonymous_59)
FNDA:0,(anonymous_60)
FNDA:0,(anonymous_61)
FNDA:0,(anonymous_62)
FNDA:0,(anonymous_63)
FNDA:0,(anonymous_64)
FNDA:0,(anonymous_65)
FNDA:0,(anonymous_66)
FNDA:0,(anonymous_67)
FNDA:0,(anonymous_68)
FNDA:0,(anonymous_69)
FNDA:0,(anonymous_70)
FNDA:0,(anonymous_71)
FNDA:0,(anonymous_72)
FNDA:0,(anonymous_73)
FNDA:0,(anonymous_74)
FNDA:0,(anonymous_75)
FNDA:0,(anonymous_76)
FNDA:0,(anonymous_77)
FNDA:0,(anonymous_78)
FNDA:0,(anonymous_79)
FNDA:0,(anonymous_80)
FNDA:0,(anonymous_81)
FNDA:0,(anonymous_82)
FNDA:0,(anonymous_83)
FNDA:0,(anonymous_84)
FNDA:0,(anonymous_85)
FNDA:0,(anonymous_86)
FNDA:0,(anonymous_87)
DA:1,0
DA:8,0
DA:80,0
DA:92,0
DA:99,0
DA:105,0
DA:138,0
DA:164,0
DA:165,0
DA:166,0
DA:167,0
DA:168,0
DA:169,0
DA:170,0
DA:171,0
DA:172,0
DA:173,0
DA:174,0
DA:175,0
DA:177,0
DA:178,0
DA:179,0
DA:180,0
DA:181,0
DA:182,0
DA:183,0
DA:186,0
DA:188,0
DA:189,0
DA:191,0
DA:192,0
DA:195,0
DA:196,0
DA:199,0
DA:200,0
DA:204,0
DA:205,0
DA:206,0
DA:210,0
DA:211,0
DA:214,0
DA:215,0
DA:219,0
DA:220,0
DA:221,0
DA:222,0
DA:226,0
DA:227,0
DA:228,0
DA:232,0
DA:233,0
DA:234,0
DA:259,0
DA:263,0
DA:267,0
DA:271,0
DA:272,0
DA:273,0
DA:275,0
DA:282,0
DA:298,0
DA:322,0
DA:323,0
DA:326,0
DA:333,0
DA:334,0
DA:336,0
DA:337,0
DA:340,0
DA:341,0
DA:342,0
DA:345,0
DA:346,0
DA:350,0
DA:351,0
DA:355,0
DA:356,0
DA:357,0
DA:359,0
DA:360,0
DA:365,0
DA:366,0
DA:372,0
DA:380,0
DA:381,0
DA:388,0
DA:395,0
DA:403,0
DA:404,0
DA:405,0
DA:407,0
DA:421,0
DA:422,0
DA:423,0
DA:425,0
DA:427,0
DA:428,0
DA:435,0
DA:466,0
DA:467,0
DA:469,0
DA:477,0
DA:478,0
DA:493,0
DA:504,0
DA:520,0
DA:532,0
DA:547,0
DA:561,0
DA:565,0
DA:578,0
DA:581,0
DA:594,0
DA:611,0
DA:623,0
DA:637,0
DA:651,0
DA:665,0
DA:677,0
DA:689,0
DA:702,0
DA:716,0
DA:730,0
DA:742,0
DA:745,0
DA:758,0
DA:761,0
DA:786,0
DA:798,0
DA:810,0
DA:829,0
DA:841,0
DA:854,0
DA:855,0
DA:873,0
DA:874,0
DA:875,0
DA:877,0
DA:896,0
DA:907,0
DA:923,0
DA:927,0
DA:986,0
DA:1001,0
DA:1020,0
DA:1031,0
DA:1109,0
DA:1115,0
DA:1125,0
DA:1157,0
DA:1161,0
DA:1175,0
DA:1179,0
DA:1200,0
DA:1208,0
LF:155
LH:0
BRDA:170,0,0,0
BRDA:170,0,1,0
BRDA:171,1,0,0
BRDA:171,1,1,0
BRDA:172,2,0,0
BRDA:172,2,1,0
BRDA:173,3,0,0
BRDA:173,3,1,0
BRDA:174,4,0,0
BRDA:174,4,1,0
BRDA:175,5,0,0
BRDA:175,5,1,0
BRDA:191,6,0,0
BRDA:195,7,0,0
BRDA:205,8,0,0
BRDA:205,9,0,0
BRDA:205,9,1,0
BRDA:210,10,0,0
BRDA:210,10,1,0
BRDA:236,11,0,0
BRDA:236,11,1,0
BRDA:241,12,0,0
BRDA:241,12,1,0
BRDA:241,13,0,0
BRDA:241,13,1,0
BRDA:241,14,0,0
BRDA:241,14,1,0
BRDA:245,15,0,0
BRDA:245,15,1,0
BRDA:246,16,0,0
BRDA:246,16,1,0
BRDA:254,17,0,0
BRDA:254,17,1,0
BRDA:255,18,0,0
BRDA:255,18,1,0
BRDA:255,19,0,0
BRDA:255,19,1,0
BRDA:255,20,0,0
BRDA:255,20,1,0
BRDA:256,21,0,0
BRDA:256,21,1,0
BRDA:256,22,0,0
BRDA:256,22,1,0
BRDA:256,23,0,0
BRDA:256,23,1,0
BRDA:257,24,0,0
BRDA:257,24,1,0
BRDA:257,25,0,0
BRDA:257,25,1,0
BRDA:257,26,0,0
BRDA:257,26,1,0
BRDA:277,27,0,0
BRDA:277,27,1,0
BRDA:285,28,0,0
BRDA:285,28,1,0
BRDA:292,29,0,0
BRDA:292,29,1,0
BRDA:293,30,0,0
BRDA:293,30,1,0
BRDA:303,31,0,0
BRDA:303,31,1,0
BRDA:303,32,0,0
BRDA:303,32,1,0
BRDA:305,33,0,0
BRDA:305,33,1,0
BRDA:306,34,0,0
BRDA:306,34,1,0
BRDA:310,35,0,0
BRDA:310,35,1,0
BRDA:311,36,0,0
BRDA:311,36,1,0
BRDA:312,37,0,0
BRDA:312,37,1,0
BRDA:313,38,0,0
BRDA:313,38,1,0
BRDA:327,39,0,0
BRDA:327,39,1,0
BRDA:336,40,0,0
BRDA:340,41,0,0
BRDA:340,41,1,0
BRDA:341,42,0,0
BRDA:345,43,0,0
BRDA:356,44,0,0
BRDA:359,45,0,0
BRDA:405,46,0,0
BRDA:405,46,1,0
BRDA:405,47,0,0
BRDA:405,47,1,0
BRDA:405,48,0,0
BRDA:405,48,1,0
BRDA:410,49,0,0
BRDA:410,49,1,0
BRDA:422,50,0,0
BRDA:422,50,1,0
BRDA:425,51,0,0
BRDA:425,51,1,0
BRDA:425,51,2,0
BRDA:425,52,0,0
BRDA:425,52,1,0
BRDA:425,53,0,0
BRDA:425,53,1,0
BRDA:425,54,0,0
BRDA:425,54,1,0
BRDA:425,55,0,0
BRDA:425,55,1,0
BRDA:427,56,0,0
BRDA:427,56,1,0
BRDA:428,57,0,0
BRDA:428,57,1,0
BRDA:473,58,0,0
BRDA:473,58,1,0
BRDA:487,59,0,0
BRDA:487,59,1,0
BRDA:487,59,2,0
BRDA:500,60,0,0
BRDA:500,60,1,0
BRDA:500,60,2,0
BRDA:771,61,0,0
BRDA:771,61,1,0
BRDA:820,62,0,0
BRDA:820,62,1,0
BRDA:865,63,0,0
BRDA:865,63,1,0
BRDA:890,64,0,0
BRDA:890,64,1,0
BRDA:903,65,0,0
BRDA:903,65,1,0
BRDA:919,66,0,0
BRDA:919,66,1,0
BRDA:923,67,0,0
BRDA:923,67,1,0
BRDA:923,68,0,0
BRDA:923,68,1,0
BRDA:927,69,0,0
BRDA:927,69,1,0
BRDA:927,70,0,0
BRDA:927,70,1,0
BRDA:932,71,0,0
BRDA:932,71,1,0
BRDA:937,72,0,0
BRDA:937,72,1,0
BRDA:951,73,0,0
BRDA:951,73,1,0
BRDA:959,74,0,0
BRDA:959,74,1,0
BRDA:1018,75,0,0
BRDA:1018,75,1,0
BRDA:1025,76,0,0
BRDA:1025,76,1,0
BRDA:1042,77,0,0
BRDA:1042,77,1,0
BRDA:1047,78,0,0
BRDA:1047,78,1,0
BRDA:1049,79,0,0
BRDA:1049,79,1,0
BRDA:1056,80,0,0
BRDA:1056,80,1,0
BRDA:1058,81,0,0
BRDA:1058,81,1,0
BRDA:1062,82,0,0
BRDA:1062,82,1,0
BRDA:1068,83,0,0
BRDA:1068,83,1,0
BRDA:1074,84,0,0
BRDA:1074,84,1,0
BRDA:1089,85,0,0
BRDA:1089,85,1,0
BRDA:1096,86,0,0
BRDA:1096,86,1,0
BRDA:1098,87,0,0
BRDA:1098,87,1,0
BRDA:1131,88,0,0
BRDA:1131,88,1,0
BRDA:1134,89,0,0
BRDA:1134,89,1,0
BRDA:1146,90,0,0
BRDA:1146,90,1,0
BRDA:1194,91,0,0
BRDA:1194,91,1,0
BRDA:1204,92,0,0
BRDA:1204,92,1,0
BRDA:1222,93,0,0
BRDA:1222,93,1,0
BRDA:1222,93,2,0
BRDA:1222,94,0,0
BRDA:1222,94,1,0
BRDA:1222,95,0,0
BRDA:1222,95,1,0
BRDA:1222,96,0,0
BRDA:1222,96,1,0
BRDA:1222,97,0,0
BRDA:1222,97,1,0
BRDA:1236,98,0,0
BRDA:1236,98,1,0
BRF:194
BRH:0
end_of_record
TN:
SF:src/components/dpia/DPIAQuestionnaire.tsx
FN:86,(anonymous_2)
FN:107,(anonymous_3)
FN:112,(anonymous_4)
FN:131,(anonymous_5)
FN:156,(anonymous_6)
FN:168,(anonymous_7)
FN:181,(anonymous_8)
FN:188,(anonymous_9)
FN:198,(anonymous_10)
FN:206,(anonymous_11)
FN:232,(anonymous_12)
FN:239,(anonymous_13)
FN:244,(anonymous_14)
FN:264,(anonymous_15)
FN:276,(anonymous_16)
FN:318,(anonymous_17)
FNF:16
FNH:0
FNDA:0,(anonymous_2)
FNDA:0,(anonymous_3)
FNDA:0,(anonymous_4)
FNDA:0,(anonymous_5)
FNDA:0,(anonymous_6)
FNDA:0,(anonymous_7)
FNDA:0,(anonymous_8)
FNDA:0,(anonymous_9)
FNDA:0,(anonymous_10)
FNDA:0,(anonymous_11)
FNDA:0,(anonymous_12)
FNDA:0,(anonymous_13)
FNDA:0,(anonymous_14)
FNDA:0,(anonymous_15)
FNDA:0,(anonymous_16)
FNDA:0,(anonymous_17)
DA:1,0
DA:86,0
DA:87,0
DA:88,0
DA:89,0
DA:90,0
DA:91,0
DA:92,0
DA:93,0
DA:94,0
DA:95,0
DA:96,0
DA:97,0
DA:98,0
DA:99,0
DA:100,0
DA:101,0
DA:103,0
DA:104,0
DA:107,0
DA:108,0
DA:109,0
DA:112,0
DA:113,0
DA:115,0
DA:117,0
DA:119,0
DA:121,0
DA:123,0
DA:125,0
DA:131,0
DA:132,0
DA:133,0
DA:136,0
DA:137,0
DA:139,0
DA:156,0
DA:168,0
DA:181,0
DA:188,0
DA:198,0
DA:206,0
DA:232,0
DA:240,0
DA:241,0
DA:242,0
DA:244,0
DA:264,0
DA:276,0
DA:291,0
DA:292,0
DA:295,0
DA:318,0
LF:53
LH:0
BRDA:93,0,0,0
BRDA:93,0,1,0
BRDA:94,1,0,0
BRDA:94,1,1,0
BRDA:95,2,0,0
BRDA:95,2,1,0
BRDA:96,3,0,0
BRDA:96,3,1,0
BRDA:97,4,0,0
BRDA:97,4,1,0
BRDA:98,5,0,0
BRDA:98,5,1,0
BRDA:99,6,0,0
BRDA:99,6,1,0
BRDA:100,7,0,0
BRDA:100,7,1,0
BRDA:108,8,0,0
BRDA:115,9,0,0
BRDA:115,9,1,0
BRDA:115,9,2,0
BRDA:115,9,3,0
BRDA:115,9,4,0
BRDA:119,10,0,0
BRDA:119,10,1,0
BRDA:121,11,0,0
BRDA:121,11,1,0
BRDA:123,12,0,0
BRDA:123,12,1,0
BRDA:132,13,0,0
BRDA:144,14,0,0
BRDA:144,14,1,0
BRDA:146,15,0,0
BRDA:146,15,1,0
BRDA:151,16,0,0
BRDA:151,16,1,0
BRDA:155,17,0,0
BRDA:155,17,1,0
BRDA:159,18,0,0
BRDA:159,18,1,0
BRDA:164,19,0,0
BRDA:164,19,1,0
BRDA:167,20,0,0
BRDA:167,20,1,0
BRDA:172,21,0,0
BRDA:172,21,1,0
BRDA:177,22,0,0
BRDA:177,22,1,0
BRDA:177,22,2,0
BRDA:180,23,0,0
BRDA:180,23,1,0
BRDA:184,24,0,0
BRDA:184,24,1,0
BRDA:196,25,0,0
BRDA:196,25,1,0
BRDA:196,25,2,0
BRDA:215,26,0,0
BRDA:215,26,1,0
BRDA:217,27,0,0
BRDA:217,27,1,0
BRDA:218,28,0,0
BRDA:218,28,1,0
BRDA:230,29,0,0
BRDA:230,29,1,0
BRDA:230,29,2,0
BRDA:238,30,0,0
BRDA:238,30,1,0
BRDA:240,31,0,0
BRDA:240,31,1,0
BRDA:241,32,0,0
BRDA:241,32,1,0
BRDA:261,33,0,0
BRDA:261,33,1,0
BRDA:264,34,0,0
BRDA:264,34,1,0
BRDA:265,35,0,0
BRDA:265,35,1,0
BRDA:273,36,0,0
BRDA:273,36,1,0
BRDA:274,37,0,0
BRDA:274,37,1,0
BRDA:275,38,0,0
BRDA:275,38,1,0
BRDA:275,38,2,0
BRDA:281,39,0,0
BRDA:281,39,1,0
BRDA:281,39,2,0
BRDA:286,40,0,0
BRDA:286,40,1,0
BRDA:291,41,0,0
BRDA:297,42,0,0
BRDA:297,42,1,0
BRDA:301,43,0,0
BRDA:301,43,1,0
BRDA:306,44,0,0
BRDA:306,44,1,0
BRDA:313,45,0,0
BRDA:313,45,1,0
BRDA:325,46,0,0
BRDA:325,46,1,0
BRDA:337,47,0,0
BRDA:337,47,1,0
BRF:101
BRH:0
end_of_record
TN:
SF:src/components/dpia/DPIAReport.tsx
FN:49,(anonymous_1)
FN:60,(anonymous_2)
FN:69,(anonymous_3)
FN:70,(anonymous_4)
FN:75,(anonymous_5)
FN:78,(anonymous_6)
FN:79,(anonymous_7)
FN:89,(anonymous_8)
FN:108,(anonymous_9)
FN:113,(anonymous_10)
FN:120,(anonymous_11)
FN:168,(anonymous_12)
FN:242,(anonymous_13)
FN:282,(anonymous_14)
FN:318,(anonymous_15)
FN:319,(anonymous_16)
FN:346,(anonymous_17)
FNF:17
FNH:0
FNDA:0,(anonymous_1)
FNDA:0,(anonymous_2)
FNDA:0,(anonymous_3)
FNDA:0,(anonymous_4)
FNDA:0,(anonymous_5)
FNDA:0,(anonymous_6)
FNDA:0,(anonymous_7)
FNDA:0,(anonymous_8)
FNDA:0,(anonymous_9)
FNDA:0,(anonymous_10)
FNDA:0,(anonymous_11)
FNDA:0,(anonymous_12)
FNDA:0,(anonymous_13)
FNDA:0,(anonymous_14)
FNDA:0,(anonymous_15)
FNDA:0,(anonymous_16)
FNDA:0,(anonymous_17)
DA:1,0
DA:49,0
DA:50,0
DA:51,0
DA:52,0
DA:53,0
DA:54,0
DA:55,0
DA:56,0
DA:57,0
DA:60,0
DA:61,0
DA:69,0
DA:70,0
DA:71,0
DA:75,0
DA:76,0
DA:78,0
DA:79,0
DA:80,0
DA:81,0
DA:85,0
DA:89,0
DA:90,0
DA:92,0
DA:93,0
DA:96,0
DA:97,0
DA:100,0
DA:101,0
DA:104,0
DA:108,0
DA:109,0
DA:113,0
DA:114,0
DA:115,0
DA:120,0
DA:121,0
DA:128,0
DA:135,0
DA:168,0
DA:242,0
DA:282,0
DA:319,0
DA:320,0
DA:323,0
DA:324,0
DA:327,0
DA:346,0
LF:49
LH:0
BRDA:52,0,0,0
BRDA:52,0,1,0
BRDA:53,1,0,0
BRDA:53,1,1,0
BRDA:54,2,0,0
BRDA:54,2,1,0
BRDA:56,3,0,0
BRDA:56,3,1,0
BRDA:57,4,0,0
BRDA:57,4,1,0
BRDA:71,5,0,0
BRDA:71,5,1,0
BRDA:71,6,0,0
BRDA:71,6,1,0
BRDA:71,7,0,0
BRDA:71,7,1,0
BRDA:80,8,0,0
BRDA:92,9,0,0
BRDA:92,10,0,0
BRDA:92,10,1,0
BRDA:96,11,0,0
BRDA:97,12,0,0
BRDA:97,12,1,0
BRDA:100,13,0,0
BRDA:114,14,0,0
BRDA:149,15,0,0
BRDA:149,15,1,0
BRDA:149,15,2,0
BRDA:151,16,0,0
BRDA:151,16,1,0
BRDA:165,17,0,0
BRDA:165,17,1,0
BRDA:198,18,0,0
BRDA:198,18,1,0
BRDA:201,19,0,0
BRDA:201,19,1,0
BRDA:224,20,0,0
BRDA:224,20,1,0
BRDA:236,21,0,0
BRDA:236,21,1,0
BRDA:236,21,2,0
BRDA:257,22,0,0
BRDA:257,22,1,0
BRDA:297,23,0,0
BRDA:297,23,1,0
BRDA:312,24,0,0
BRDA:312,24,1,0
BRDA:323,25,0,0
BRF:48
BRH:0
end_of_record
TN:
SF:src/components/dpia/StepIndicator.tsx
FN:79,(anonymous_1)
FN:89,(anonymous_2)
FN:105,(anonymous_3)
FN:120,(anonymous_4)
FNF:4
FNH:0
FNDA:0,(anonymous_1)
FNDA:0,(anonymous_2)
FNDA:0,(anonymous_3)
FNDA:0,(anonymous_4)
DA:1,0
DA:79,0
DA:80,0
DA:81,0
DA:82,0
DA:83,0
DA:84,0
DA:85,0
DA:86,0
DA:87,0
DA:89,0
DA:90,0
DA:91,0
DA:95,0
DA:97,0
DA:106,0
DA:107,0
DA:113,0
DA:120,0
LF:19
LH:0
BRDA:82,0,0,0
BRDA:82,0,1,0
BRDA:83,1,0,0
BRDA:83,1,1,0
BRDA:84,2,0,0
BRDA:84,2,1,0
BRDA:85,3,0,0
BRDA:85,3,1,0
BRDA:86,4,0,0
BRDA:86,4,1,0
BRDA:87,5,0,0
BRDA:87,5,1,0
BRDA:90,6,0,0
BRDA:90,7,0,0
BRDA:90,7,1,0
BRDA:100,8,0,0
BRDA:100,8,1,0
BRDA:107,9,0,0
BRDA:107,9,1,0
BRDA:108,10,0,0
BRDA:108,10,1,0
BRDA:109,11,0,0
BRDA:109,11,1,0
BRDA:110,12,0,0
BRDA:110,12,1,0
BRDA:111,13,0,0
BRDA:111,13,1,0
BRDA:117,14,0,0
BRDA:117,14,1,0
BRDA:118,15,0,0
BRDA:118,15,1,0
BRDA:124,16,0,0
BRDA:124,16,1,0
BRDA:129,17,0,0
BRDA:129,17,1,0
BRDA:131,18,0,0
BRDA:131,18,1,0
BRDA:136,19,0,0
BRDA:136,19,1,0
BRDA:138,20,0,0
BRDA:138,20,1,0
BRDA:149,21,0,0
BRDA:149,21,1,0
BRDA:154,22,0,0
BRDA:154,22,1,0
BRDA:162,23,0,0
BRDA:162,23,1,0
BRDA:164,24,0,0
BRDA:164,24,1,0
BRF:49
BRH:0
end_of_record
TN:
SF:src/components/dsr/DSRDashboard.tsx
FN:72,(anonymous_10)
FN:96,(anonymous_11)
FN:101,(anonymous_12)
FN:106,(anonymous_13)
FN:112,(anonymous_14)
FN:120,(anonymous_15)
FN:147,(anonymous_16)
FN:154,(anonymous_17)
FN:162,(anonymous_18)
FN:169,(anonymous_19)
FN:177,(anonymous_20)
FN:182,(anonymous_21)
FN:190,(anonymous_22)
FN:194,(anonymous_23)
FN:225,(anonymous_24)
FN:244,(anonymous_25)
FN:301,(anonymous_26)
FN:365,(anonymous_27)
FN:389,(anonymous_28)
FN:402,(anonymous_29)
FN:410,(anonymous_30)
FN:420,(anonymous_31)
FN:428,(anonymous_32)
FN:437,(anonymous_33)
FN:458,(anonymous_34)
FN:472,(anonymous_35)
FN:486,(anonymous_36)
FN:504,(anonymous_37)
FN:523,(anonymous_38)
FN:559,(anonymous_39)
FN:676,(anonymous_40)
FN:682,(anonymous_41)
FN:697,(anonymous_42)
FN:701,(anonymous_43)
FNF:34
FNH:17
FNDA:16,(anonymous_10)
FNDA:8,(anonymous_11)
FNDA:0,(anonymous_12)
FNDA:0,(anonymous_13)
FNDA:0,(anonymous_14)
FNDA:21,(anonymous_15)
FNDA:16,(anonymous_16)
FNDA:0,(anonymous_17)
FNDA:0,(anonymous_18)
FNDA:0,(anonymous_19)
FNDA:63,(anonymous_20)
FNDA:0,(anonymous_21)
FNDA:7,(anonymous_22)
FNDA:49,(anonymous_23)
FNDA:49,(anonymous_24)
FNDA:0,(anonymous_25)
FNDA:7,(anonymous_26)
FNDA:7,(anonymous_27)
FNDA:16,(anonymous_28)
FNDA:144,(anonymous_29)
FNDA:16,(anonymous_30)
FNDA:96,(anonymous_31)
FNDA:7,(anonymous_32)
FNDA:35,(anonymous_33)
FNDA:0,(anonymous_34)
FNDA:0,(anonymous_35)
FNDA:0,(anonymous_36)
FNDA:0,(anonymous_37)
FNDA:42,(anonymous_38)
FNDA:0,(anonymous_39)
FNDA:0,(anonymous_40)
FNDA:0,(anonymous_41)
FNDA:0,(anonymous_42)
FNDA:0,(anonymous_43)
DA:1,1
DA:3,1
DA:72,1
DA:73,16
DA:74,16
DA:75,16
DA:76,16
DA:77,16
DA:78,16
DA:79,16
DA:80,16
DA:81,16
DA:82,16
DA:83,16
DA:84,16
DA:86,16
DA:87,16
DA:88,16
DA:89,16
DA:90,16
DA:91,16
DA:92,16
DA:93,16
DA:96,16
DA:97,8
DA:100,8
DA:101,0
DA:105,8
DA:106,0
DA:110,8
DA:111,0
DA:112,0
DA:113,0
DA:120,8
DA:121,21
DA:123,21
DA:125,21
DA:126,21
DA:128,0
DA:129,0
DA:131,0
DA:132,0
DA:134,0
DA:135,0
DA:137,0
DA:140,21
DA:143,8
DA:147,16
DA:148,16
DA:149,7
DA:154,16
DA:155,0
DA:156,0
DA:157,0
DA:162,16
DA:163,0
DA:164,0
DA:169,16
DA:170,0
DA:171,0
DA:172,0
DA:177,16
DA:178,63
DA:182,16
DA:183,0
DA:184,0
DA:185,0
DA:189,16
DA:190,7
DA:194,16
DA:195,49
DA:206,49
DA:217,49
DA:225,16
DA:226,49
DA:234,49
DA:244,16
DA:245,0
DA:247,0
DA:249,0
DA:250,0
DA:262,0
DA:263,0
DA:275,0
DA:276,0
DA:288,0
DA:301,16
DA:302,7
DA:311,7
DA:312,0
DA:318,7
DA:319,0
DA:327,7
DA:328,0
DA:336,7
DA:337,0
DA:343,7
DA:344,0
DA:352,7
DA:353,0
DA:361,7
DA:365,7
DA:389,16
DA:390,16
DA:402,144
DA:410,16
DA:411,16
DA:420,96
DA:428,16
DA:429,7
DA:437,35
DA:444,16
DA:458,0
DA:472,0
DA:486,0
DA:504,0
DA:525,42
DA:528,42
DA:529,42
DA:530,0
DA:531,0
DA:536,0
DA:537,0
DA:542,0
DA:543,0
DA:551,42
DA:559,0
DA:676,0
DA:682,0
DA:697,0
DA:701,0
LF:131
LH:78
BRDA:77,0,0,14
BRDA:77,0,1,2
BRDA:78,1,0,14
BRDA:78,1,1,2
BRDA:79,2,0,14
BRDA:79,2,1,2
BRDA:80,3,0,16
BRDA:80,3,1,0
BRDA:81,4,0,16
BRDA:81,4,1,0
BRDA:82,5,0,16
BRDA:82,5,1,0
BRDA:83,6,0,16
BRDA:83,6,1,0
BRDA:84,7,0,16
BRDA:84,7,1,0
BRDA:100,8,0,0
BRDA:105,9,0,0
BRDA:110,10,0,0
BRDA:113,11,0,0
BRDA:113,11,1,0
BRDA:113,11,2,0
BRDA:113,11,3,0
BRDA:123,12,0,21
BRDA:123,12,1,0
BRDA:123,12,2,0
BRDA:123,12,3,0
BRDA:123,12,4,0
BRDA:128,13,0,0
BRDA:128,13,1,0
BRDA:128,14,0,0
BRDA:128,14,1,0
BRDA:140,15,0,0
BRDA:140,15,1,21
BRDA:148,16,0,7
BRDA:148,17,0,16
BRDA:148,17,1,14
BRDA:156,18,0,0
BRDA:163,19,0,0
BRDA:163,20,0,0
BRDA:163,20,1,0
BRDA:170,21,0,0
BRDA:170,22,0,0
BRDA:170,22,1,0
BRDA:170,22,2,0
BRDA:189,23,0,7
BRDA:189,23,1,9
BRDA:236,24,0,14
BRDA:236,24,1,35
BRDA:237,25,0,0
BRDA:237,25,1,35
BRDA:245,26,0,0
BRDA:249,27,0,0
BRDA:262,28,0,0
BRDA:269,29,0,0
BRDA:269,29,1,0
BRDA:275,30,0,0
BRDA:311,31,0,0
BRDA:311,31,1,7
BRDA:318,32,0,0
BRDA:327,33,0,0
BRDA:327,34,0,7
BRDA:327,34,1,7
BRDA:327,34,2,7
BRDA:336,35,0,0
BRDA:336,35,1,7
BRDA:339,36,0,0
BRDA:339,36,1,0
BRDA:341,37,0,0
BRDA:341,37,1,0
BRDA:343,38,0,0
BRDA:346,39,0,0
BRDA:346,39,1,0
BRDA:348,40,0,0
BRDA:348,40,1,0
BRDA:348,41,0,0
BRDA:348,41,1,0
BRDA:352,42,0,0
BRDA:368,43,0,7
BRDA:368,43,1,0
BRDA:373,44,0,7
BRDA:373,44,1,0
BRDA:517,45,0,2
BRDA:517,45,1,14
BRDA:525,46,0,0
BRDA:525,46,1,42
BRDA:529,47,0,0
BRDA:530,48,0,0
BRDA:530,48,1,0
BRDA:536,49,0,0
BRDA:536,49,1,0
BRDA:542,50,0,0
BRDA:555,51,0,7
BRDA:555,51,1,35
BRDA:588,52,0,7
BRDA:588,52,1,9
BRDA:599,53,0,7
BRDA:599,53,1,7
BRDA:599,53,2,0
BRDA:606,54,0,7
BRDA:606,54,1,7
BRDA:611,55,0,7
BRDA:611,55,1,7
BRDA:619,56,0,7
BRDA:619,56,1,0
BRDA:633,57,0,0
BRDA:633,57,1,7
BRDA:634,58,0,0
BRDA:634,58,1,7
BRDA:638,59,0,7
BRDA:638,59,1,0
BRDA:646,60,0,7
BRDA:646,60,1,7
BRDA:655,61,0,7
BRDA:655,61,1,0
BRDA:659,62,0,0
BRDA:659,62,1,0
BRDA:661,63,0,0
BRDA:661,63,1,0
BRDA:691,64,0,7
BRDA:691,64,1,0
BRDA:730,65,0,7
BRDA:730,65,1,7
BRF:123
BRH:51
end_of_record
TN:
SF:src/components/dsr/DSRRequestForm.tsx
FN:88,(anonymous_11)
FN:117,(anonymous_12)
FN:119,(anonymous_13)
FN:124,(anonymous_14)
FN:125,(anonymous_15)
FN:131,(anonymous_16)
FN:154,(anonymous_17)
FN:165,(anonymous_18)
FN:198,(anonymous_19)
FN:226,(anonymous_20)
FN:241,(anonymous_21)
FN:257,(anonymous_22)
FN:280,(anonymous_23)
FN:327,(anonymous_24)
FN:331,(anonymous_25)
FN:347,(anonymous_26)
FN:362,(anonymous_27)
FN:373,(anonymous_28)
FN:384,(anonymous_29)
FN:396,(anonymous_30)
FN:401,(anonymous_31)
FN:416,(anonymous_32)
FN:433,(anonymous_33)
FNF:23
FNH:10
FNDA:23,(anonymous_11)
FNDA:47,(anonymous_12)
FNDA:3,(anonymous_13)
FNDA:0,(anonymous_14)
FNDA:0,(anonymous_15)
FNDA:3,(anonymous_16)
FNDA:0,(anonymous_17)
FNDA:3,(anonymous_18)
FNDA:0,(anonymous_19)
FNDA:3,(anonymous_20)
FNDA:4,(anonymous_21)
FNDA:0,(anonymous_22)
FNDA:60,(anonymous_23)
FNDA:0,(anonymous_24)
FNDA:60,(anonymous_25)
FNDA:3,(anonymous_26)
FNDA:0,(anonymous_27)
FNDA:0,(anonymous_28)
FNDA:0,(anonymous_29)
FNDA:0,(anonymous_30)
FNDA:0,(anonymous_31)
FNDA:0,(anonymous_32)
FNDA:0,(anonymous_33)
DA:1,1
DA:88,1
DA:89,23
DA:90,23
DA:91,23
DA:92,23
DA:93,23
DA:94,23
DA:95,23
DA:96,23
DA:97,23
DA:98,23
DA:99,23
DA:104,23
DA:105,23
DA:107,23
DA:108,23
DA:109,23
DA:110,23
DA:111,23
DA:112,23
DA:113,23
DA:114,23
DA:115,23
DA:117,47
DA:119,23
DA:120,3
DA:121,3
DA:124,23
DA:125,0
DA:131,23
DA:132,3
DA:134,3
DA:135,0
DA:138,3
DA:139,0
DA:140,3
DA:141,0
DA:144,3
DA:145,0
DA:148,3
DA:149,0
DA:153,3
DA:154,0
DA:155,0
DA:156,0
DA:161,3
DA:162,3
DA:165,23
DA:166,3
DA:168,3
DA:169,0
DA:172,3
DA:185,3
DA:187,3
DA:188,3
DA:192,23
DA:193,3
DA:198,0
DA:207,20
DA:226,3
DA:241,4
DA:257,0
DA:280,60
DA:327,0
DA:331,60
DA:347,3
DA:362,0
DA:373,0
DA:384,0
DA:396,0
DA:401,0
DA:416,0
DA:434,0
DA:435,0
DA:436,0
LF:76
LH:54
BRDA:91,0,0,23
BRDA:91,0,1,0
BRDA:92,1,0,23
BRDA:92,1,1,0
BRDA:93,2,0,23
BRDA:93,2,1,0
BRDA:94,3,0,23
BRDA:94,3,1,0
BRDA:95,4,0,23
BRDA:95,4,1,0
BRDA:96,5,0,17
BRDA:96,5,1,6
BRDA:97,6,0,17
BRDA:97,6,1,6
BRDA:98,7,0,23
BRDA:98,7,1,0
BRDA:99,8,0,23
BRDA:99,8,1,0
BRDA:104,9,0,23
BRDA:104,9,1,0
BRDA:105,10,0,22
BRDA:105,10,1,1
BRDA:111,11,0,23
BRDA:111,11,1,0
BRDA:111,12,0,0
BRDA:111,12,1,23
BRDA:111,13,0,23
BRDA:111,13,1,23
BRDA:134,14,0,0
BRDA:138,15,0,0
BRDA:138,15,1,3
BRDA:140,16,0,0
BRDA:144,17,0,0
BRDA:148,18,0,0
BRDA:148,19,0,3
BRDA:148,19,1,3
BRDA:153,20,0,0
BRDA:153,21,0,3
BRDA:153,21,1,0
BRDA:153,22,0,0
BRDA:153,22,1,3
BRDA:153,23,0,3
BRDA:153,23,1,3
BRDA:155,24,0,0
BRDA:155,25,0,0
BRDA:155,25,1,0
BRDA:168,26,0,0
BRDA:177,27,0,3
BRDA:177,27,1,3
BRDA:181,28,0,0
BRDA:181,28,1,3
BRDA:187,29,0,3
BRDA:192,30,0,3
BRDA:220,31,0,20
BRDA:220,31,1,19
BRDA:230,32,0,20
BRDA:230,32,1,0
BRDA:235,33,0,20
BRDA:235,33,1,19
BRDA:245,34,0,20
BRDA:245,34,1,0
BRDA:248,35,0,20
BRDA:248,35,1,20
BRDA:270,36,0,20
BRDA:270,36,1,19
BRDA:286,37,0,20
BRDA:286,37,1,0
BRDA:289,38,0,20
BRDA:289,38,1,8
BRDA:293,39,0,0
BRDA:293,39,1,8
BRDA:300,40,0,20
BRDA:300,40,1,19
BRDA:312,41,0,20
BRDA:312,41,1,20
BRDA:351,42,0,20
BRDA:351,42,1,0
BRDA:358,43,0,20
BRDA:358,43,1,0
BRDA:358,43,2,0
BRDA:358,43,3,0
BRDA:358,44,0,12
BRDA:358,44,1,8
BRDA:358,45,0,20
BRDA:358,45,1,20
BRDA:365,46,0,0
BRDA:365,46,1,0
BRDA:368,47,0,0
BRDA:368,47,1,0
BRDA:372,48,0,0
BRDA:372,48,1,0
BRDA:380,49,0,0
BRDA:380,49,1,0
BRDA:383,50,0,0
BRDA:383,50,1,0
BRDA:392,51,0,0
BRDA:392,51,1,0
BRDA:392,51,2,0
BRDA:395,52,0,0
BRDA:395,52,1,0
BRDA:400,53,0,0
BRDA:400,53,1,0
BRDA:409,54,0,0
BRDA:409,54,1,0
BRDA:423,55,0,0
BRDA:423,55,1,0
BRDA:429,56,0,0
BRDA:429,56,1,0
BRDA:434,57,0,0
BRDA:434,57,1,0
BRDA:434,58,0,0
BRDA:434,58,1,0
BRDA:435,59,0,0
BRDA:444,60,0,0
BRDA:444,60,1,0
BRDA:469,61,0,20
BRDA:469,61,1,19
BRF:117
BRH:56
end_of_record
TN:
SF:src/components/dsr/DSRTracker.tsx
FN:68,(anonymous_10)
FN:87,(anonymous_11)
FN:93,(anonymous_12)
FN:96,(anonymous_13)
FN:99,(anonymous_14)
FN:108,(anonymous_15)
FN:117,(anonymous_16)
FN:128,(anonymous_17)
FN:135,(anonymous_18)
FN:140,(anonymous_19)
FN:147,(anonymous_20)
FN:148,(anonymous_21)
FN:156,(anonymous_22)
FN:165,(anonymous_23)
FN:166,(anonymous_24)
FN:176,(anonymous_25)
FN:184,(anonymous_26)
FN:187,(anonymous_27)
FN:204,(anonymous_28)
FN:207,(anonymous_29)
FN:221,(anonymous_30)
FN:252,(anonymous_31)
FN:271,(anonymous_32)
FN:273,(anonymous_33)
FN:276,(anonymous_34)
FN:308,(anonymous_35)
FN:314,(anonymous_36)
FN:315,(anonymous_37)
FN:327,(anonymous_38)
FN:356,(anonymous_39)
FN:383,(anonymous_40)
FN:399,(anonymous_41)
FN:425,(anonymous_42)
FN:429,(anonymous_43)
FN:443,(anonymous_44)
FN:446,(anonymous_45)
FN:462,(anonymous_46)
FN:479,(anonymous_47)
FN:492,(anonymous_48)
FN:503,(anonymous_49)
FN:507,(anonymous_50)
FN:533,(anonymous_51)
FN:544,(anonymous_52)
FN:551,(anonymous_53)
FN:596,(anonymous_54)
FNF:45
FNH:30
FNDA:8,(anonymous_10)
FNDA:4,(anonymous_11)
FNDA:0,(anonymous_12)
FNDA:2,(anonymous_13)
FNDA:0,(anonymous_14)
FNDA:0,(anonymous_15)
FNDA:0,(anonymous_16)
FNDA:0,(anonymous_17)
FNDA:0,(anonymous_18)
FNDA:0,(anonymous_19)
FNDA:8,(anonymous_20)
FNDA:2,(anonymous_21)
FNDA:0,(anonymous_22)
FNDA:8,(anonymous_23)
FNDA:2,(anonymous_24)
FNDA:0,(anonymous_25)
FNDA:8,(anonymous_26)
FNDA:2,(anonymous_27)
FNDA:8,(anonymous_28)
FNDA:2,(anonymous_29)
FNDA:16,(anonymous_30)
FNDA:0,(anonymous_31)
FNDA:8,(anonymous_32)
FNDA:2,(anonymous_33)
FNDA:2,(anonymous_34)
FNDA:8,(anonymous_35)
FNDA:70,(anonymous_36)
FNDA:64,(anonymous_37)
FNDA:16,(anonymous_38)
FNDA:8,(anonymous_39)
FNDA:10,(anonymous_40)
FNDA:10,(anonymous_41)
FNDA:8,(anonymous_42)
FNDA:2,(anonymous_43)
FNDA:2,(anonymous_44)
FNDA:4,(anonymous_45)
FNDA:2,(anonymous_46)
FNDA:2,(anonymous_47)
FNDA:8,(anonymous_48)
FNDA:0,(anonymous_49)
FNDA:0,(anonymous_50)
FNDA:8,(anonymous_51)
FNDA:0,(anonymous_52)
FNDA:0,(anonymous_53)
FNDA:0,(anonymous_54)
DA:1,1
DA:68,1
DA:69,8
DA:70,8
DA:71,8
DA:72,8
DA:73,8
DA:74,8
DA:75,8
DA:76,8
DA:77,8
DA:78,8
DA:79,8
DA:81,8
DA:82,8
DA:83,8
DA:84,8
DA:87,8
DA:88,4
DA:91,4
DA:93,0
DA:94,0
DA:96,4
DA:97,4
DA:99,0
DA:100,0
DA:102,0
DA:105,4
DA:108,4
DA:109,0
DA:114,4
DA:117,4
DA:118,0
DA:124,4
DA:128,8
DA:129,0
DA:130,0
DA:135,8
DA:136,0
DA:140,8
DA:141,0
DA:142,0
DA:143,0
DA:147,8
DA:148,8
DA:149,2
DA:152,8
DA:153,8
DA:156,0
DA:157,0
DA:158,0
DA:161,0
DA:165,8
DA:166,8
DA:167,2
DA:172,8
DA:173,8
DA:176,0
DA:177,0
DA:180,0
DA:184,8
DA:185,8
DA:187,8
DA:188,2
DA:191,8
DA:204,8
DA:205,8
DA:207,8
DA:208,2
DA:211,8
DA:221,8
DA:222,16
DA:233,16
DA:244,16
DA:252,8
DA:253,0
DA:261,0
DA:271,8
DA:272,8
DA:273,8
DA:274,2
DA:276,8
DA:277,2
DA:279,8
DA:280,8
DA:282,8
DA:308,8
DA:309,8
DA:310,8
DA:313,8
DA:314,70
DA:315,64
DA:317,8
DA:328,16
DA:329,16
DA:331,16
DA:356,8
DA:357,8
DA:358,8
DA:361,8
DA:364,8
DA:372,8
DA:384,10
DA:385,10
DA:387,10
DA:400,10
DA:401,10
DA:403,10
DA:425,8
DA:427,8
DA:429,8
DA:430,2
DA:431,2
DA:433,2
DA:437,8
DA:440,8
DA:443,8
DA:446,8
DA:447,4
DA:448,4
DA:451,8
DA:463,2
DA:464,2
DA:466,2
DA:479,2
DA:492,8
DA:493,8
DA:503,0
DA:507,0
DA:533,8
DA:534,8
DA:545,0
DA:547,0
DA:551,0
DA:581,8
DA:596,0
LF:136
LH:108
BRDA:71,0,0,6
BRDA:71,0,1,2
BRDA:72,1,0,8
BRDA:72,1,1,0
BRDA:73,2,0,8
BRDA:73,2,1,0
BRDA:74,3,0,8
BRDA:74,3,1,0
BRDA:75,4,0,8
BRDA:75,4,1,0
BRDA:76,5,0,8
BRDA:76,5,1,0
BRDA:77,6,0,8
BRDA:77,6,1,0
BRDA:78,7,0,8
BRDA:78,7,1,0
BRDA:79,8,0,8
BRDA:79,8,1,0
BRDA:91,9,0,0
BRDA:91,9,1,4
BRDA:91,9,2,0
BRDA:91,9,3,0
BRDA:109,10,0,0
BRDA:109,10,1,0
BRDA:109,10,2,0
BRDA:109,10,3,0
BRDA:118,11,0,0
BRDA:118,11,1,0
BRDA:118,11,2,0
BRDA:118,11,3,0
BRDA:118,11,4,0
BRDA:129,12,0,0
BRDA:149,13,0,2
BRDA:149,13,1,0
BRDA:149,13,2,0
BRDA:152,14,0,8
BRDA:157,15,0,0
BRDA:157,15,1,0
BRDA:167,16,0,2
BRDA:167,16,1,2
BRDA:167,16,2,0
BRDA:167,16,3,0
BRDA:172,17,0,8
BRDA:177,18,0,0
BRDA:177,18,1,0
BRDA:177,19,0,0
BRDA:177,19,1,0
BRDA:188,20,0,2
BRDA:188,20,1,2
BRDA:192,21,0,8
BRDA:192,21,1,8
BRDA:193,22,0,8
BRDA:193,22,1,6
BRDA:194,23,0,8
BRDA:194,23,1,8
BRDA:195,24,0,8
BRDA:195,24,1,8
BRDA:196,25,0,8
BRDA:196,25,1,8
BRDA:197,26,0,8
BRDA:197,26,1,8
BRDA:198,27,0,8
BRDA:198,27,1,8
BRDA:199,28,0,8
BRDA:199,28,1,8
BRDA:208,29,0,2
BRDA:208,29,1,2
BRDA:212,30,0,8
BRDA:212,30,1,8
BRDA:213,31,0,8
BRDA:213,31,1,8
BRDA:214,32,0,8
BRDA:214,32,1,6
BRDA:215,33,0,8
BRDA:215,33,1,8
BRDA:216,34,0,8
BRDA:216,34,1,8
BRDA:263,35,0,0
BRDA:263,35,1,0
BRDA:264,36,0,0
BRDA:264,36,1,0
BRDA:274,37,0,2
BRDA:274,37,1,2
BRDA:277,38,0,2
BRDA:277,38,1,2
BRDA:296,39,0,0
BRDA:296,39,1,8
BRDA:301,40,0,0
BRDA:301,40,1,8
BRDA:321,41,0,6
BRDA:321,41,1,2
BRDA:376,42,0,6
BRDA:376,42,1,2
BRDA:387,43,0,2
BRDA:387,43,1,8
BRDA:408,44,0,2
BRDA:408,44,1,8
BRDA:409,45,0,2
BRDA:409,45,1,6
BRDA:433,46,0,2
BRDA:433,46,1,2
BRDA:455,47,0,6
BRDA:455,47,1,2
BRDA:497,48,0,8
BRDA:497,48,1,0
BRDA:518,49,0,0
BRDA:518,49,1,0
BRDA:521,50,0,0
BRDA:521,50,1,0
BRDA:538,51,0,8
BRDA:538,51,1,0
BRDA:545,52,0,0
BRDA:545,52,1,0
BRDA:562,53,0,0
BRDA:562,53,1,0
BRDA:565,54,0,0
BRDA:565,54,1,0
BRDA:608,55,0,8
BRDA:608,55,1,8
BRDA:615,56,0,8
BRDA:615,56,1,8
BRDA:618,57,0,8
BRDA:618,57,1,8
BRDA:624,58,0,8
BRDA:624,58,1,8
BRDA:627,59,0,8
BRDA:627,59,1,8
BRDA:630,60,0,8
BRDA:630,60,1,8
BRF:129
BRH:80
end_of_record
TN:
SF:src/components/lawful-basis/LawfulBasisTracker.tsx
FN:141,(anonymous_12)
FN:164,(anonymous_13)
FN:168,(anonymous_14)
FN:172,(anonymous_15)
FN:178,(anonymous_16)
FN:181,(anonymous_17)
FN:185,(anonymous_18)
FN:190,(anonymous_19)
FN:198,(anonymous_20)
FN:201,(anonymous_21)
FN:202,(anonymous_22)
FN:206,(anonymous_23)
FN:214,(anonymous_24)
FN:244,(anonymous_25)
FN:290,(anonymous_26)
FN:297,(anonymous_27)
FN:303,(anonymous_28)
FN:307,(anonymous_29)
FN:330,(anonymous_30)
FN:357,(anonymous_31)
FN:382,(anonymous_32)
FN:414,(anonymous_33)
FN:428,(anonymous_34)
FN:429,(anonymous_35)
FN:439,(anonymous_36)
FN:453,(anonymous_37)
FN:466,(anonymous_38)
FN:474,(anonymous_39)
FN:490,(anonymous_40)
FN:509,(anonymous_41)
FN:523,(anonymous_42)
FN:538,(anonymous_43)
FN:543,(anonymous_44)
FN:562,(anonymous_45)
FN:589,(anonymous_46)
FN:605,(anonymous_47)
FN:621,(anonymous_48)
FN:638,(anonymous_49)
FN:653,(anonymous_50)
FN:674,(anonymous_51)
FN:686,(anonymous_52)
FN:712,(anonymous_53)
FN:721,(anonymous_54)
FN:739,(anonymous_55)
FN:756,(anonymous_56)
FN:772,(anonymous_57)
FN:785,(anonymous_58)
FN:803,(anonymous_59)
FN:815,(anonymous_60)
FN:835,(anonymous_61)
FN:843,(anonymous_62)
FN:864,(anonymous_63)
FN:880,(anonymous_64)
FN:901,(anonymous_65)
FN:961,(anonymous_66)
FN:1027,(anonymous_67)
FN:1034,(anonymous_68)
FN:1046,(anonymous_69)
FN:1058,(anonymous_70)
FN:1062,(anonymous_71)
FN:1077,(anonymous_72)
FN:1096,(anonymous_73)
FN:1134,(anonymous_74)
FN:1141,(anonymous_75)
FN:1170,(anonymous_76)
FN:1177,(anonymous_77)
FNF:66
FNH:0
FNDA:0,(anonymous_12)
FNDA:0,(anonymous_13)
FNDA:0,(anonymous_14)
FNDA:0,(anonymous_15)
FNDA:0,(anonymous_16)
FNDA:0,(anonymous_17)
FNDA:0,(anonymous_18)
FNDA:0,(anonymous_19)
FNDA:0,(anonymous_20)
FNDA:0,(anonymous_21)
FNDA:0,(anonymous_22)
FNDA:0,(anonymous_23)
FNDA:0,(anonymous_24)
FNDA:0,(anonymous_25)
FNDA:0,(anonymous_26)
FNDA:0,(anonymous_27)
FNDA:0,(anonymous_28)
FNDA:0,(anonymous_29)
FNDA:0,(anonymous_30)
FNDA:0,(anonymous_31)
FNDA:0,(anonymous_32)
FNDA:0,(anonymous_33)
FNDA:0,(anonymous_34)
FNDA:0,(anonymous_35)
FNDA:0,(anonymous_36)
FNDA:0,(anonymous_37)
FNDA:0,(anonymous_38)
FNDA:0,(anonymous_39)
FNDA:0,(anonymous_40)
FNDA:0,(anonymous_41)
FNDA:0,(anonymous_42)
FNDA:0,(anonymous_43)
FNDA:0,(anonymous_44)
FNDA:0,(anonymous_45)
FNDA:0,(anonymous_46)
FNDA:0,(anonymous_47)
FNDA:0,(anonymous_48)
FNDA:0,(anonymous_49)
FNDA:0,(anonymous_50)
FNDA:0,(anonymous_51)
FNDA:0,(anonymous_52)
FNDA:0,(anonymous_53)
FNDA:0,(anonymous_54)
FNDA:0,(anonymous_55)
FNDA:0,(anonymous_56)
FNDA:0,(anonymous_57)
FNDA:0,(anonymous_58)
FNDA:0,(anonymous_59)
FNDA:0,(anonymous_60)
FNDA:0,(anonymous_61)
FNDA:0,(anonymous_62)
FNDA:0,(anonymous_63)
FNDA:0,(anonymous_64)
FNDA:0,(anonymous_65)
FNDA:0,(anonymous_66)
FNDA:0,(anonymous_67)
FNDA:0,(anonymous_68)
FNDA:0,(anonymous_69)
FNDA:0,(anonymous_70)
FNDA:0,(anonymous_71)
FNDA:0,(anonymous_72)
FNDA:0,(anonymous_73)
FNDA:0,(anonymous_74)
FNDA:0,(anonymous_75)
FNDA:0,(anonymous_76)
FNDA:0,(anonymous_77)
DA:1,0
DA:8,0
DA:97,0
DA:119,0
DA:128,0
DA:141,0
DA:142,0
DA:143,0
DA:144,0
DA:145,0
DA:146,0
DA:147,0
DA:148,0
DA:149,0
DA:150,0
DA:151,0
DA:153,0
DA:154,0
DA:155,0
DA:156,0
DA:157,0
DA:158,0
DA:159,0
DA:160,0
DA:161,0
DA:164,0
DA:165,0
DA:167,0
DA:168,0
DA:171,0
DA:172,0
DA:175,0
DA:176,0
DA:177,0
DA:179,0
DA:181,0
DA:185,0
DA:187,0
DA:190,0
DA:191,0
DA:194,0
DA:195,0
DA:198,0
DA:199,0
DA:201,0
DA:202,0
DA:206,0
DA:207,0
DA:208,0
DA:209,0
DA:210,0
DA:214,0
DA:215,0
DA:238,0
DA:239,0
DA:240,0
DA:244,0
DA:245,0
DA:264,0
DA:271,0
DA:272,0
DA:273,0
DA:274,0
DA:277,0
DA:278,0
DA:279,0
DA:280,0
DA:283,0
DA:284,0
DA:285,0
DA:286,0
DA:290,0
DA:291,0
DA:292,0
DA:297,0
DA:298,0
DA:299,0
DA:302,0
DA:303,0
DA:307,0
DA:308,0
DA:315,0
DA:322,0
DA:330,0
DA:331,0
DA:340,0
DA:349,0
DA:357,0
DA:358,0
DA:359,0
DA:366,0
DA:367,0
DA:374,0
DA:382,0
DA:383,0
DA:414,0
DA:415,0
DA:416,0
DA:428,0
DA:429,0
DA:431,0
DA:439,0
DA:453,0
DA:466,0
DA:467,0
DA:475,0
DA:476,0
DA:490,0
DA:509,0
DA:523,0
DA:539,0
DA:543,0
DA:563,0
DA:590,0
DA:606,0
DA:622,0
DA:639,0
DA:654,0
DA:674,0
DA:687,0
DA:713,0
DA:721,0
DA:740,0
DA:756,0
DA:772,0
DA:786,0
DA:803,0
DA:816,0
DA:835,0
DA:844,0
DA:845,0
DA:864,0
DA:865,0
DA:866,0
DA:873,0
DA:875,0
DA:880,0
DA:901,0
DA:961,0
DA:1027,0
DA:1034,0
DA:1046,0
DA:1047,0
DA:1058,0
DA:1062,0
DA:1077,0
DA:1096,0
DA:1134,0
DA:1141,0
DA:1170,0
DA:1177,0
DA:1195,0
LF:152
LH:0
BRDA:146,0,0,0
BRDA:146,0,1,0
BRDA:147,1,0,0
BRDA:147,1,1,0
BRDA:148,2,0,0
BRDA:148,2,1,0
BRDA:149,3,0,0
BRDA:149,3,1,0
BRDA:150,4,0,0
BRDA:150,4,1,0
BRDA:151,5,0,0
BRDA:151,5,1,0
BRDA:167,6,0,0
BRDA:171,7,0,0
BRDA:175,8,0,0
BRDA:179,9,0,0
BRDA:179,9,1,0
BRDA:179,9,2,0
BRDA:222,10,0,0
BRDA:222,10,1,0
BRDA:226,11,0,0
BRDA:226,11,1,0
BRDA:227,12,0,0
BRDA:227,12,1,0
BRDA:229,13,0,0
BRDA:229,13,1,0
BRDA:252,14,0,0
BRDA:252,14,1,0
BRDA:256,15,0,0
BRDA:256,15,1,0
BRDA:257,16,0,0
BRDA:257,16,1,0
BRDA:259,17,0,0
BRDA:259,17,1,0
BRDA:266,18,0,0
BRDA:266,18,1,0
BRDA:272,19,0,0
BRDA:277,20,0,0
BRDA:277,20,1,0
BRDA:277,21,0,0
BRDA:277,21,1,0
BRDA:279,22,0,0
BRDA:291,23,0,0
BRDA:302,24,0,0
BRDA:302,24,1,0
BRDA:358,25,0,0
BRDA:366,26,0,0
BRDA:415,27,0,0
BRDA:433,28,0,0
BRDA:433,28,1,0
BRDA:447,29,0,0
BRDA:447,29,1,0
BRDA:471,30,0,0
BRDA:471,30,1,0
BRDA:484,31,0,0
BRDA:484,31,1,0
BRDA:572,32,0,0
BRDA:572,32,1,0
BRDA:690,33,0,0
BRDA:690,33,1,0
BRDA:704,34,0,0
BRDA:704,34,1,0
BRDA:855,35,0,0
BRDA:855,35,1,0
BRDA:865,36,0,0
BRDA:895,37,0,0
BRDA:895,37,1,0
BRDA:941,38,0,0
BRDA:941,38,1,0
BRDA:955,39,0,0
BRDA:955,39,1,0
BRDA:956,40,0,0
BRDA:956,40,1,0
BRDA:960,41,0,0
BRDA:960,41,1,0
BRDA:960,42,0,0
BRDA:960,42,1,0
BRDA:960,43,0,0
BRDA:960,43,1,0
BRDA:969,44,0,0
BRDA:969,44,1,0
BRDA:971,45,0,0
BRDA:971,45,1,0
BRDA:971,45,2,0
BRDA:987,46,0,0
BRDA:987,46,1,0
BRDA:991,47,0,0
BRDA:991,47,1,0
BRDA:1000,48,0,0
BRDA:1000,48,1,0
BRDA:1005,49,0,0
BRDA:1005,49,1,0
BRDA:1015,50,0,0
BRDA:1015,50,1,0
BRDA:1032,51,0,0
BRDA:1032,51,1,0
BRDA:1113,52,0,0
BRDA:1113,52,1,0
BRDA:1156,53,0,0
BRDA:1156,53,1,0
BRDA:1161,54,0,0
BRDA:1161,54,1,0
BRDA:1175,55,0,0
BRDA:1175,55,1,0
BRDA:1201,56,0,0
BRDA:1201,56,1,0
BRDA:1201,56,2,0
BRDA:1204,57,0,0
BRDA:1204,57,1,0
BRDA:1204,57,2,0
BRDA:1207,58,0,0
BRDA:1207,58,1,0
BRDA:1208,59,0,0
BRDA:1208,59,1,0
BRDA:1209,60,0,0
BRDA:1209,60,1,0
BRF:116
BRH:0
end_of_record
TN:
SF:src/components/policy/PolicyExporter.tsx
FN:88,(anonymous_23)
FN:114,(anonymous_24)
FN:124,(anonymous_25)
FN:138,(anonymous_26)
FN:246,(anonymous_27)
FN:302,(anonymous_30)
FN:317,(anonymous_31)
FN:333,(anonymous_32)
FN:336,(anonymous_33)
FN:347,(anonymous_34)
FN:352,(anonymous_35)
FN:366,(anonymous_36)
FN:381,(anonymous_37)
FN:397,(anonymous_38)
FN:411,(anonymous_39)
FN:424,(anonymous_40)
FN:442,(anonymous_41)
FN:469,(anonymous_42)
FNF:18
FNH:0
FNDA:0,(anonymous_23)
FNDA:0,(anonymous_24)
FNDA:0,(anonymous_25)
FNDA:0,(anonymous_26)
FNDA:0,(anonymous_27)
FNDA:0,(anonymous_30)
FNDA:0,(anonymous_31)
FNDA:0,(anonymous_32)
FNDA:0,(anonymous_33)
FNDA:0,(anonymous_34)
FNDA:0,(anonymous_35)
FNDA:0,(anonymous_36)
FNDA:0,(anonymous_37)
FNDA:0,(anonymous_38)
FNDA:0,(anonymous_39)
FNDA:0,(anonymous_40)
FNDA:0,(anonymous_41)
FNDA:0,(anonymous_42)
DA:1,0
DA:88,0
DA:89,0
DA:90,0
DA:91,0
DA:92,0
DA:93,0
DA:94,0
DA:95,0
DA:96,0
DA:97,0
DA:98,0
DA:99,0
DA:100,0
DA:101,0
DA:102,0
DA:104,0
DA:105,0
DA:106,0
DA:107,0
DA:108,0
DA:109,0
DA:110,0
DA:111,0
DA:114,0
DA:115,0
DA:116,0
DA:120,0
DA:124,0
DA:125,0
DA:127,0
DA:128,0
DA:130,0
DA:134,0
DA:138,0
DA:139,0
DA:140,0
DA:142,0
DA:215,0
DA:216,0
DA:224,0
DA:230,0
DA:242,0
DA:246,0
DA:247,0
DA:248,0
DA:250,0
DA:251,0
DA:252,0
DA:253,0
DA:255,0
DA:259,0
DA:260,0
DA:261,0
DA:262,0
DA:267,0
DA:268,0
DA:269,0
DA:272,0
DA:273,0
DA:274,0
DA:275,0
DA:279,0
DA:280,0
DA:281,0
DA:285,0
DA:286,0
DA:287,0
DA:288,0
DA:289,0
DA:290,0
DA:291,0
DA:294,0
DA:302,0
DA:305,0
DA:306,0
DA:309,0
DA:310,0
DA:312,0
DA:317,0
DA:318,0
DA:325,0
DA:333,0
DA:336,0
DA:347,0
DA:348,0
DA:349,0
DA:352,0
DA:360,0
DA:366,0
DA:381,0
DA:397,0
DA:411,0
DA:424,0
DA:442,0
DA:443,0
DA:444,0
DA:447,0
DA:469,0
DA:498,0
LF:100
LH:0
BRDA:90,0,0,0
BRDA:90,0,1,0
BRDA:92,1,0,0
BRDA:92,1,1,0
BRDA:94,2,0,0
BRDA:94,2,1,0
BRDA:95,3,0,0
BRDA:95,3,1,0
BRDA:96,4,0,0
BRDA:96,4,1,0
BRDA:97,5,0,0
BRDA:97,5,1,0
BRDA:98,6,0,0
BRDA:98,6,1,0
BRDA:99,7,0,0
BRDA:99,7,1,0
BRDA:100,8,0,0
BRDA:100,8,1,0
BRDA:116,9,0,0
BRDA:116,9,1,0
BRDA:125,10,0,0
BRDA:127,11,0,0
BRDA:127,11,1,0
BRDA:139,12,0,0
BRDA:139,12,1,0
BRDA:204,13,0,0
BRDA:204,13,1,0
BRDA:209,14,0,0
BRDA:209,14,1,0
BRDA:209,15,0,0
BRDA:209,15,1,0
BRDA:209,16,0,0
BRDA:209,16,1,0
BRDA:210,17,0,0
BRDA:210,17,1,0
BRDA:215,18,0,0
BRDA:236,19,0,0
BRDA:236,19,1,0
BRDA:237,20,0,0
BRDA:237,20,1,0
BRDA:255,21,0,0
BRDA:255,21,1,0
BRDA:255,21,2,0
BRDA:255,21,3,0
BRDA:255,21,4,0
BRDA:305,22,0,0
BRDA:348,23,0,0
BRDA:443,24,0,0
BRDA:443,25,0,0
BRDA:443,25,1,0
BRDA:514,26,0,0
BRDA:514,26,1,0
BRDA:516,27,0,0
BRDA:516,27,1,0
BRDA:519,28,0,0
BRDA:519,28,1,0
BRF:56
BRH:0
end_of_record
TN:
SF:src/components/policy/PolicyGenerator.tsx
FN:64,(anonymous_11)
FN:85,(anonymous_12)
FN:90,(anonymous_13)
FN:95,(anonymous_14)
FN:96,(anonymous_15)
FN:97,(anonymous_16)
FN:106,(anonymous_17)
FN:107,(anonymous_18)
FN:108,(anonymous_19)
FN:117,(anonymous_20)
FN:126,(anonymous_21)
FN:130,(anonymous_22)
FN:142,(anonymous_23)
FN:148,(anonymous_24)
FN:150,(anonymous_25)
FN:155,(anonymous_26)
FN:168,(anonymous_27)
FN:179,(anonymous_28)
FN:184,(anonymous_29)
FN:192,(anonymous_30)
FN:211,(anonymous_31)
FN:222,(anonymous_32)
FN:226,(anonymous_33)
FN:239,(anonymous_34)
FN:240,(anonymous_35)
FN:254,(anonymous_36)
FN:270,(anonymous_37)
FN:283,(anonymous_38)
FN:292,(anonymous_39)
FN:301,(anonymous_40)
FN:326,(anonymous_41)
FN:343,(anonymous_42)
FN:356,(anonymous_43)
FN:364,(anonymous_44)
FN:381,(anonymous_45)
FN:398,(anonymous_46)
FNF:36
FNH:0
FNDA:0,(anonymous_11)
FNDA:0,(anonymous_12)
FNDA:0,(anonymous_13)
FNDA:0,(anonymous_14)
FNDA:0,(anonymous_15)
FNDA:0,(anonymous_16)
FNDA:0,(anonymous_17)
FNDA:0,(anonymous_18)
FNDA:0,(anonymous_19)
FNDA:0,(anonymous_20)
FNDA:0,(anonymous_21)
FNDA:0,(anonymous_22)
FNDA:0,(anonymous_23)
FNDA:0,(anonymous_24)
FNDA:0,(anonymous_25)
FNDA:0,(anonymous_26)
FNDA:0,(anonymous_27)
FNDA:0,(anonymous_28)
FNDA:0,(anonymous_29)
FNDA:0,(anonymous_30)
FNDA:0,(anonymous_31)
FNDA:0,(anonymous_32)
FNDA:0,(anonymous_33)
FNDA:0,(anonymous_34)
FNDA:0,(anonymous_35)
FNDA:0,(anonymous_36)
FNDA:0,(anonymous_37)
FNDA:0,(anonymous_38)
FNDA:0,(anonymous_39)
FNDA:0,(anonymous_40)
FNDA:0,(anonymous_41)
FNDA:0,(anonymous_42)
FNDA:0,(anonymous_43)
FNDA:0,(anonymous_44)
FNDA:0,(anonymous_45)
FNDA:0,(anonymous_46)
DA:1,0
DA:2,0
DA:64,0
DA:65,0
DA:66,0
DA:67,0
DA:68,0
DA:69,0
DA:70,0
DA:71,0
DA:72,0
DA:73,0
DA:74,0
DA:76,0
DA:77,0
DA:78,0
DA:79,0
DA:80,0
DA:81,0
DA:82,0
DA:85,0
DA:86,0
DA:90,0
DA:91,0
DA:95,0
DA:96,0
DA:97,0
DA:98,0
DA:106,0
DA:107,0
DA:108,0
DA:109,0
DA:116,0
DA:117,0
DA:118,0
DA:119,0
DA:120,0
DA:126,0
DA:127,0
DA:128,0
DA:130,0
DA:131,0
DA:132,0
DA:133,0
DA:137,0
DA:138,0
DA:142,0
DA:143,0
DA:144,0
DA:145,0
DA:148,0
DA:149,0
DA:150,0
DA:153,0
DA:155,0
DA:156,0
DA:157,0
DA:158,0
DA:161,0
DA:162,0
DA:163,0
DA:164,0
DA:168,0
DA:169,0
DA:175,0
DA:179,0
DA:180,0
DA:184,0
DA:192,0
DA:211,0
DA:222,0
DA:224,0
DA:226,0
DA:227,0
DA:228,0
DA:229,0
DA:231,0
DA:234,0
DA:239,0
DA:240,0
DA:243,0
DA:244,0
DA:247,0
DA:254,0
DA:270,0
DA:283,0
DA:292,0
DA:301,0
DA:326,0
DA:343,0
DA:344,0
DA:356,0
DA:365,0
DA:366,0
DA:367,0
DA:368,0
DA:369,0
DA:370,0
DA:372,0
DA:381,0
DA:398,0
DA:399,0
DA:401,0
DA:403,0
DA:405,0
DA:407,0
DA:411,0
LF:107
LH:0
BRDA:68,0,0,0
BRDA:68,0,1,0
BRDA:69,1,0,0
BRDA:69,1,1,0
BRDA:70,2,0,0
BRDA:70,2,1,0
BRDA:71,3,0,0
BRDA:71,3,1,0
BRDA:72,4,0,0
BRDA:72,4,1,0
BRDA:73,5,0,0
BRDA:73,5,1,0
BRDA:74,6,0,0
BRDA:74,6,1,0
BRDA:98,7,0,0
BRDA:98,7,1,0
BRDA:109,8,0,0
BRDA:109,8,1,0
BRDA:116,9,0,0
BRDA:131,10,0,0
BRDA:131,11,0,0
BRDA:131,11,1,0
BRDA:143,12,0,0
BRDA:172,13,0,0
BRDA:172,13,1,0
BRDA:199,14,0,0
BRDA:199,14,1,0
BRDA:201,15,0,0
BRDA:201,15,1,0
BRDA:228,16,0,0
BRDA:243,17,0,0
BRDA:243,18,0,0
BRDA:243,18,1,0
BRDA:250,19,0,0
BRDA:250,19,1,0
BRDA:257,20,0,0
BRDA:257,20,1,0
BRDA:260,21,0,0
BRDA:260,21,1,0
BRDA:266,22,0,0
BRDA:266,22,1,0
BRDA:273,23,0,0
BRDA:273,23,1,0
BRDA:279,24,0,0
BRDA:279,24,1,0
BRDA:279,25,0,0
BRDA:279,25,1,0
BRDA:285,26,0,0
BRDA:285,26,1,0
BRDA:303,27,0,0
BRDA:303,27,1,0
BRDA:311,28,0,0
BRDA:311,28,1,0
BRDA:348,29,0,0
BRDA:348,29,1,0
BRDA:365,30,0,0
BRDA:365,30,1,0
BRDA:367,31,0,0
BRDA:367,31,1,0
BRDA:369,32,0,0
BRDA:369,32,1,0
BRDA:399,33,0,0
BRDA:399,33,1,0
BRDA:399,33,2,0
BRDA:399,33,3,0
BRDA:419,34,0,0
BRDA:419,34,1,0
BRDA:420,35,0,0
BRDA:420,35,1,0
BRDA:425,36,0,0
BRDA:425,36,1,0
BRDA:426,37,0,0
BRDA:426,37,1,0
BRDA:431,38,0,0
BRDA:431,38,1,0
BRDA:432,39,0,0
BRDA:432,39,1,0
BRF:77
BRH:0
end_of_record
TN:
SF:src/components/policy/PolicyPreview.tsx
FN:87,(anonymous_9)
FN:107,(anonymous_10)
FN:111,(anonymous_11)
FN:130,(anonymous_12)
FN:148,(anonymous_13)
FN:157,(anonymous_14)
FN:173,(anonymous_15)
FN:191,(anonymous_16)
FN:194,(anonymous_17)
FN:214,(anonymous_18)
FN:224,(anonymous_19)
FN:230,(anonymous_20)
FN:236,(anonymous_21)
FN:242,(anonymous_22)
FN:285,(anonymous_23)
FN:297,(anonymous_24)
FNF:16
FNH:0
FNDA:0,(anonymous_9)
FNDA:0,(anonymous_10)
FNDA:0,(anonymous_11)
FNDA:0,(anonymous_12)
FNDA:0,(anonymous_13)
FNDA:0,(anonymous_14)
FNDA:0,(anonymous_15)
FNDA:0,(anonymous_16)
FNDA:0,(anonymous_17)
FNDA:0,(anonymous_18)
FNDA:0,(anonymous_19)
FNDA:0,(anonymous_20)
FNDA:0,(anonymous_21)
FNDA:0,(anonymous_22)
FNDA:0,(anonymous_23)
FNDA:0,(anonymous_24)
DA:1,0
DA:87,0
DA:88,0
DA:89,0
DA:90,0
DA:91,0
DA:92,0
DA:93,0
DA:94,0
DA:95,0
DA:96,0
DA:97,0
DA:98,0
DA:99,0
DA:100,0
DA:101,0
DA:102,0
DA:104,0
DA:107,0
DA:108,0
DA:109,0
DA:111,0
DA:112,0
DA:113,0
DA:114,0
DA:115,0
DA:116,0
DA:117,0
DA:118,0
DA:119,0
DA:123,0
DA:127,0
DA:130,0
DA:131,0
DA:132,0
DA:135,0
DA:136,0
DA:137,0
DA:138,0
DA:139,0
DA:140,0
DA:141,0
DA:142,0
DA:148,0
DA:149,0
DA:150,0
DA:153,0
DA:157,0
DA:173,0
DA:174,0
DA:175,0
DA:178,0
DA:191,0
DA:192,0
DA:195,0
DA:196,0
DA:197,0
DA:198,0
DA:199,0
DA:200,0
DA:201,0
DA:202,0
DA:203,0
DA:204,0
DA:206,0
DA:214,0
DA:215,0
DA:216,0
DA:219,0
DA:224,0
DA:230,0
DA:236,0
DA:242,0
DA:252,0
DA:285,0
DA:297,0
LF:76
LH:0
BRDA:93,0,0,0
BRDA:93,0,1,0
BRDA:94,1,0,0
BRDA:94,1,1,0
BRDA:95,2,0,0
BRDA:95,2,1,0
BRDA:96,3,0,0
BRDA:96,3,1,0
BRDA:97,4,0,0
BRDA:97,4,1,0
BRDA:98,5,0,0
BRDA:98,5,1,0
BRDA:99,6,0,0
BRDA:99,6,1,0
BRDA:100,7,0,0
BRDA:100,7,1,0
BRDA:102,8,0,0
BRDA:102,8,1,0
BRDA:112,9,0,0
BRDA:112,9,1,0
BRDA:116,10,0,0
BRDA:131,11,0,0
BRDA:131,11,1,0
BRDA:135,12,0,0
BRDA:149,13,0,0
BRDA:149,14,0,0
BRDA:149,14,1,0
BRDA:174,15,0,0
BRDA:181,16,0,0
BRDA:181,16,1,0
BRDA:195,17,0,0
BRDA:195,17,1,0
BRDA:199,18,0,0
BRDA:199,18,1,0
BRDA:203,19,0,0
BRDA:203,19,1,0
BRDA:215,20,0,0
BRDA:260,21,0,0
BRDA:260,21,1,0
BRDA:260,21,2,0
BRDA:287,22,0,0
BRDA:287,22,1,0
BRDA:299,23,0,0
BRDA:299,23,1,0
BRDA:312,24,0,0
BRDA:312,24,1,0
BRF:46
BRH:0
end_of_record
TN:
SF:src/components/ropa/ROPAManager.tsx
FN:84,createEmptyRecord
FN:108,formatDate
FN:113,(anonymous_14)
FN:139,(anonymous_15)
FN:140,(anonymous_16)
FN:143,(anonymous_17)
FN:147,(anonymous_18)
FN:151,(anonymous_19)
FN:157,(anonymous_20)
FN:160,(anonymous_21)
FN:169,(anonymous_22)
FN:181,(anonymous_23)
FN:198,(anonymous_24)
FN:204,(anonymous_25)
FN:207,(anonymous_26)
FN:208,(anonymous_27)
FN:211,(anonymous_28)
FN:247,(anonymous_29)
FN:259,(anonymous_30)
FN:263,(anonymous_31)
FN:271,(anonymous_32)
FN:274,(anonymous_33)
FN:280,(anonymous_34)
FN:282,(anonymous_35)
FN:285,(anonymous_36)
FN:287,(anonymous_37)
FN:297,(anonymous_38)
FN:302,(anonymous_39)
FN:323,(anonymous_40)
FN:341,(anonymous_41)
FN:373,(anonymous_42)
FN:405,(anonymous_43)
FN:436,(anonymous_44)
FN:451,(anonymous_45)
FN:455,(anonymous_46)
FN:474,(anonymous_47)
FN:486,(anonymous_48)
FN:498,(anonymous_49)
FN:502,(anonymous_50)
FN:516,(anonymous_51)
FN:520,(anonymous_52)
FN:562,(anonymous_53)
FN:564,(anonymous_54)
FN:605,(anonymous_55)
FN:612,(anonymous_56)
FN:631,(anonymous_57)
FN:634,(anonymous_58)
FN:656,(anonymous_59)
FN:678,(anonymous_60)
FN:691,(anonymous_61)
FN:703,(anonymous_62)
FN:716,(anonymous_63)
FN:721,(anonymous_64)
FN:743,(anonymous_65)
FN:755,(anonymous_66)
FN:767,(anonymous_67)
FN:785,(anonymous_68)
FN:790,(anonymous_69)
FN:804,(anonymous_70)
FN:827,(anonymous_71)
FN:840,(anonymous_72)
FN:853,(anonymous_73)
FN:866,(anonymous_74)
FN:879,(anonymous_75)
FN:891,(anonymous_76)
FN:899,(anonymous_77)
FN:918,(anonymous_78)
FN:941,(anonymous_79)
FN:954,(anonymous_80)
FN:969,(anonymous_81)
FN:982,(anonymous_82)
FN:999,(anonymous_83)
FN:1015,(anonymous_84)
FN:1028,(anonymous_85)
FN:1048,(anonymous_86)
FN:1079,(anonymous_87)
FN:1112,(anonymous_88)
FN:1115,(anonymous_89)
FN:1125,(anonymous_90)
FNF:79
FNH:0
FNDA:0,createEmptyRecord
FNDA:0,formatDate
FNDA:0,(anonymous_14)
FNDA:0,(anonymous_15)
FNDA:0,(anonymous_16)
FNDA:0,(anonymous_17)
FNDA:0,(anonymous_18)
FNDA:0,(anonymous_19)
FNDA:0,(anonymous_20)
FNDA:0,(anonymous_21)
FNDA:0,(anonymous_22)
FNDA:0,(anonymous_23)
FNDA:0,(anonymous_24)
FNDA:0,(anonymous_25)
FNDA:0,(anonymous_26)
FNDA:0,(anonymous_27)
FNDA:0,(anonymous_28)
FNDA:0,(anonymous_29)
FNDA:0,(anonymous_30)
FNDA:0,(anonymous_31)
FNDA:0,(anonymous_32)
FNDA:0,(anonymous_33)
FNDA:0,(anonymous_34)
FNDA:0,(anonymous_35)
FNDA:0,(anonymous_36)
FNDA:0,(anonymous_37)
FNDA:0,(anonymous_38)
FNDA:0,(anonymous_39)
FNDA:0,(anonymous_40)
FNDA:0,(anonymous_41)
FNDA:0,(anonymous_42)
FNDA:0,(anonymous_43)
FNDA:0,(anonymous_44)
FNDA:0,(anonymous_45)
FNDA:0,(anonymous_46)
FNDA:0,(anonymous_47)
FNDA:0,(anonymous_48)
FNDA:0,(anonymous_49)
FNDA:0,(anonymous_50)
FNDA:0,(anonymous_51)
FNDA:0,(anonymous_52)
FNDA:0,(anonymous_53)
FNDA:0,(anonymous_54)
FNDA:0,(anonymous_55)
FNDA:0,(anonymous_56)
FNDA:0,(anonymous_57)
FNDA:0,(anonymous_58)
FNDA:0,(anonymous_59)
FNDA:0,(anonymous_60)
FNDA:0,(anonymous_61)
FNDA:0,(anonymous_62)
FNDA:0,(anonymous_63)
FNDA:0,(anonymous_64)
FNDA:0,(anonymous_65)
FNDA:0,(anonymous_66)
FNDA:0,(anonymous_67)
FNDA:0,(anonymous_68)
FNDA:0,(anonymous_69)
FNDA:0,(anonymous_70)
FNDA:0,(anonymous_71)
FNDA:0,(anonymous_72)
FNDA:0,(anonymous_73)
FNDA:0,(anonymous_74)
FNDA:0,(anonymous_75)
FNDA:0,(anonymous_76)
FNDA:0,(anonymous_77)
FNDA:0,(anonymous_78)
FNDA:0,(anonymous_79)
FNDA:0,(anonymous_80)
FNDA:0,(anonymous_81)
FNDA:0,(anonymous_82)
FNDA:0,(anonymous_83)
FNDA:0,(anonymous_84)
FNDA:0,(anonymous_85)
FNDA:0,(anonymous_86)
FNDA:0,(anonymous_87)
FNDA:0,(anonymous_88)
FNDA:0,(anonymous_89)
FNDA:0,(anonymous_90)
DA:1,0
DA:9,0
DA:60,0
DA:69,0
DA:75,0
DA:85,0
DA:86,0
DA:109,0
DA:110,0
DA:113,0
DA:114,0
DA:115,0
DA:116,0
DA:117,0
DA:118,0
DA:119,0
DA:120,0
DA:121,0
DA:123,0
DA:124,0
DA:125,0
DA:126,0
DA:127,0
DA:128,0
DA:131,0
DA:132,0
DA:133,0
DA:134,0
DA:135,0
DA:136,0
DA:137,0
DA:139,0
DA:140,0
DA:143,0
DA:144,0
DA:146,0
DA:147,0
DA:150,0
DA:151,0
DA:154,0
DA:155,0
DA:156,0
DA:158,0
DA:160,0
DA:165,0
DA:169,0
DA:170,0
DA:171,0
DA:172,0
DA:173,0
DA:174,0
DA:175,0
DA:176,0
DA:177,0
DA:181,0
DA:182,0
DA:184,0
DA:185,0
DA:186,0
DA:187,0
DA:188,0
DA:190,0
DA:191,0
DA:193,0
DA:194,0
DA:195,0
DA:198,0
DA:199,0
DA:200,0
DA:201,0
DA:204,0
DA:205,0
DA:207,0
DA:208,0
DA:211,0
DA:212,0
DA:215,0
DA:228,0
DA:232,0
DA:236,0
DA:237,0
DA:240,0
DA:241,0
DA:242,0
DA:243,0
DA:247,0
DA:248,0
DA:249,0
DA:251,0
DA:254,0
DA:255,0
DA:256,0
DA:259,0
DA:260,0
DA:263,0
DA:264,0
DA:265,0
DA:266,0
DA:267,0
DA:268,0
DA:269,0
DA:270,0
DA:271,0
DA:274,0
DA:275,0
DA:276,0
DA:277,0
DA:280,0
DA:281,0
DA:282,0
DA:285,0
DA:286,0
DA:287,0
DA:288,0
DA:297,0
DA:298,0
DA:302,0
DA:303,0
DA:309,0
DA:315,0
DA:323,0
DA:324,0
DA:333,0
DA:341,0
DA:373,0
DA:405,0
DA:436,0
DA:451,0
DA:455,0
DA:474,0
DA:486,0
DA:498,0
DA:502,0
DA:516,0
DA:520,0
DA:563,0
DA:564,0
DA:566,0
DA:605,0
DA:612,0
DA:631,0
DA:632,0
DA:634,0
DA:636,0
DA:656,0
DA:678,0
DA:691,0
DA:703,0
DA:717,0
DA:721,0
DA:743,0
DA:755,0
DA:767,0
DA:786,0
DA:790,0
DA:805,0
DA:827,0
DA:840,0
DA:853,0
DA:866,0
DA:879,0
DA:892,0
DA:899,0
DA:919,0
DA:941,0
DA:955,0
DA:969,0
DA:982,0
DA:999,0
DA:1016,0
DA:1029,0
DA:1049,0
DA:1080,0
DA:1112,0
DA:1115,0
DA:1125,0
DA:1137,0
LF:177
LH:0
BRDA:109,0,0,0
BRDA:118,1,0,0
BRDA:118,1,1,0
BRDA:119,2,0,0
BRDA:119,2,1,0
BRDA:120,3,0,0
BRDA:120,3,1,0
BRDA:121,4,0,0
BRDA:121,4,1,0
BRDA:146,5,0,0
BRDA:150,6,0,0
BRDA:154,7,0,0
BRDA:158,8,0,0
BRDA:158,8,1,0
BRDA:158,8,2,0
BRDA:158,8,3,0
BRDA:158,8,4,0
BRDA:170,9,0,0
BRDA:173,10,0,0
BRDA:173,10,1,0
BRDA:177,11,0,0
BRDA:177,11,1,0
BRDA:179,12,0,0
BRDA:179,12,1,0
BRDA:179,13,0,0
BRDA:179,13,1,0
BRDA:187,14,0,0
BRDA:190,15,0,0
BRDA:212,16,0,0
BRDA:228,17,0,0
BRDA:229,18,0,0
BRDA:229,18,1,0
BRDA:236,19,0,0
BRDA:236,20,0,0
BRDA:236,20,1,0
BRDA:241,21,0,0
BRDA:248,22,0,0
BRDA:248,22,1,0
BRDA:249,23,0,0
BRDA:249,23,1,0
BRDA:249,24,0,0
BRDA:249,24,1,0
BRDA:251,25,0,0
BRDA:251,25,1,0
BRDA:251,26,0,0
BRDA:251,26,1,0
BRDA:260,27,0,0
BRDA:260,27,1,0
BRDA:260,28,0,0
BRDA:260,28,1,0
BRDA:281,29,0,0
BRDA:282,30,0,0
BRDA:282,30,1,0
BRDA:286,31,0,0
BRDA:288,32,0,0
BRDA:288,32,1,0
BRDA:298,33,0,0
BRDA:298,33,1,0
BRDA:348,34,0,0
BRDA:348,34,1,0
BRDA:357,35,0,0
BRDA:357,35,1,0
BRDA:408,36,0,0
BRDA:408,36,1,0
BRDA:428,37,0,0
BRDA:428,37,1,0
BRDA:433,38,0,0
BRDA:433,38,1,0
BRDA:446,39,0,0
BRDA:446,39,1,0
BRDA:463,40,0,0
BRDA:463,40,1,0
BRDA:544,41,0,0
BRDA:544,41,1,0
BRDA:570,42,0,0
BRDA:570,42,1,0
BRDA:572,43,0,0
BRDA:572,43,1,0
BRDA:580,44,0,0
BRDA:580,44,1,0
BRDA:585,45,0,0
BRDA:585,45,1,0
BRDA:610,46,0,0
BRDA:610,46,1,0
BRDA:632,47,0,0
BRDA:640,48,0,0
BRDA:640,48,1,0
BRDA:650,49,0,0
BRDA:650,49,1,0
BRDA:690,50,0,0
BRDA:690,50,1,0
BRDA:691,51,0,0
BRDA:691,51,1,0
BRDA:906,52,0,0
BRDA:906,52,1,0
BRDA:917,53,0,0
BRDA:917,53,1,0
BRDA:919,54,0,0
BRDA:919,54,1,0
BRDA:953,55,0,0
BRDA:953,55,1,0
BRDA:955,56,0,0
BRDA:955,56,1,0
BRDA:1006,57,0,0
BRDA:1006,57,1,0
BRDA:1014,58,0,0
BRDA:1014,58,1,0
BRDA:1016,59,0,0
BRDA:1016,59,1,0
BRDA:1037,60,0,0
BRDA:1037,60,1,0
BRDA:1047,61,0,0
BRDA:1047,61,1,0
BRDA:1051,62,0,0
BRDA:1051,62,1,0
BRDA:1075,63,0,0
BRDA:1075,63,1,0
BRDA:1082,64,0,0
BRDA:1082,64,1,0
BRDA:1103,65,0,0
BRDA:1103,65,1,0
BRDA:1117,66,0,0
BRDA:1117,66,1,0
BRDA:1127,67,0,0
BRDA:1127,67,1,0
BRDA:1144,68,0,0
BRDA:1144,68,1,0
BRDA:1146,69,0,0
BRDA:1146,69,1,0
BRDA:1147,70,0,0
BRDA:1147,70,1,0
BRDA:1148,71,0,0
BRDA:1148,71,1,0
BRF:133
BRH:0
end_of_record
TN:
SF:src/hooks/useBreach.ts
FN:119,useBreach
FN:133,(anonymous_4)
FN:150,(anonymous_5)
FN:165,(anonymous_6)
FN:170,(anonymous_7)
FN:177,(anonymous_8)
FN:187,(anonymous_9)
FN:190,(anonymous_10)
FN:191,(anonymous_11)
FN:213,(anonymous_12)
FN:214,(anonymous_13)
FN:218,(anonymous_14)
FN:220,(anonymous_15)
FN:230,(anonymous_16)
FN:231,(anonymous_17)
FN:250,(anonymous_18)
FN:261,(anonymous_19)
FN:262,(anonymous_20)
FN:266,(anonymous_21)
FN:288,(anonymous_22)
FN:290,(anonymous_23)
FN:300,(anonymous_24)
FN:301,(anonymous_25)
FN:320,(anonymous_26)
FN:331,(anonymous_27)
FN:332,(anonymous_28)
FN:336,(anonymous_29)
FN:350,(anonymous_30)
FN:352,(anonymous_31)
FN:380,(anonymous_32)
FN:384,(anonymous_33)
FNF:31
FNH:0
FNDA:0,useBreach
FNDA:0,(anonymous_4)
FNDA:0,(anonymous_5)
FNDA:0,(anonymous_6)
FNDA:0,(anonymous_7)
FNDA:0,(anonymous_8)
FNDA:0,(anonymous_9)
FNDA:0,(anonymous_10)
FNDA:0,(anonymous_11)
FNDA:0,(anonymous_12)
FNDA:0,(anonymous_13)
FNDA:0,(anonymous_14)
FNDA:0,(anonymous_15)
FNDA:0,(anonymous_16)
FNDA:0,(anonymous_17)
FNDA:0,(anonymous_18)
FNDA:0,(anonymous_19)
FNDA:0,(anonymous_20)
FNDA:0,(anonymous_21)
FNDA:0,(anonymous_22)
FNDA:0,(anonymous_23)
FNDA:0,(anonymous_24)
FNDA:0,(anonymous_25)
FNDA:0,(anonymous_26)
FNDA:0,(anonymous_27)
FNDA:0,(anonymous_28)
FNDA:0,(anonymous_29)
FNDA:0,(anonymous_30)
FNDA:0,(anonymous_31)
FNDA:0,(anonymous_32)
FNDA:0,(anonymous_33)
DA:1,0
DA:3,0
DA:119,0
DA:120,0
DA:121,0
DA:122,0
DA:123,0
DA:124,0
DA:125,0
DA:126,0
DA:128,0
DA:129,0
DA:130,0
DA:133,0
DA:134,0
DA:135,0
DA:136,0
DA:137,0
DA:138,0
DA:139,0
DA:140,0
DA:141,0
DA:144,0
DA:150,0
DA:151,0
DA:152,0
DA:153,0
DA:159,0
DA:165,0
DA:166,0
DA:170,0
DA:171,0
DA:177,0
DA:179,0
DA:180,0
DA:183,0
DA:187,0
DA:188,0
DA:190,0
DA:191,0
DA:193,0
DA:194,0
DA:197,0
DA:198,0
DA:203,0
DA:204,0
DA:206,0
DA:209,0
DA:213,0
DA:214,0
DA:218,0
DA:220,0
DA:222,0
DA:224,0
DA:230,0
DA:231,0
DA:232,0
DA:236,0
DA:237,0
DA:240,0
DA:243,0
DA:250,0
DA:252,0
DA:253,0
DA:256,0
DA:261,0
DA:262,0
DA:266,0
DA:267,0
DA:268,0
DA:270,0
DA:271,0
DA:274,0
DA:277,0
DA:279,0
DA:288,0
DA:290,0
DA:292,0
DA:294,0
DA:300,0
DA:301,0
DA:302,0
DA:306,0
DA:307,0
DA:310,0
DA:313,0
DA:320,0
DA:322,0
DA:323,0
DA:326,0
DA:331,0
DA:332,0
DA:336,0
DA:342,0
DA:348,0
DA:350,0
DA:352,0
DA:353,0
DA:356,0
DA:357,0
DA:358,0
DA:361,0
DA:362,0
DA:363,0
DA:366,0
DA:367,0
DA:369,0
DA:370,0
DA:380,0
DA:384,0
DA:385,0
DA:386,0
DA:387,0
DA:389,0
DA:390,0
DA:394,0
LF:116
LH:0
BRDA:121,0,0,0
BRDA:121,0,1,0
BRDA:122,1,0,0
BRDA:122,1,1,0
BRDA:123,2,0,0
BRDA:123,2,1,0
BRDA:134,3,0,0
BRDA:134,4,0,0
BRDA:134,4,1,0
BRDA:137,5,0,0
BRDA:139,6,0,0
BRDA:139,6,1,0
BRDA:140,7,0,0
BRDA:140,7,1,0
BRDA:141,8,0,0
BRDA:141,8,1,0
BRDA:151,9,0,0
BRDA:151,10,0,0
BRDA:151,10,1,0
BRDA:179,11,0,0
BRDA:193,12,0,0
BRDA:214,13,0,0
BRDA:214,13,1,0
BRDA:222,14,0,0
BRDA:222,14,1,0
BRDA:232,15,0,0
BRDA:232,15,1,0
BRDA:236,16,0,0
BRDA:252,17,0,0
BRDA:262,18,0,0
BRDA:262,18,1,0
BRDA:270,19,0,0
BRDA:274,20,0,0
BRDA:274,20,1,0
BRDA:282,21,0,0
BRDA:282,21,1,0
BRDA:292,22,0,0
BRDA:292,22,1,0
BRDA:302,23,0,0
BRDA:302,23,1,0
BRDA:306,24,0,0
BRDA:322,25,0,0
BRDA:332,26,0,0
BRDA:332,26,1,0
BRDA:336,27,0,0
BRDA:352,28,0,0
BRDA:357,29,0,0
BRDA:362,30,0,0
BRDA:362,31,0,0
BRDA:362,31,1,0
BRDA:369,32,0,0
BRDA:389,33,0,0
BRDA:389,34,0,0
BRDA:389,34,1,0
BRF:54
BRH:0
end_of_record
TN:
SF:src/hooks/useConsent.ts
FN:78,useConsent
FN:95,(anonymous_1)
FN:111,(anonymous_2)
FN:137,(anonymous_3)
FN:188,(anonymous_4)
FN:203,(anonymous_5)
FN:205,(anonymous_6)
FN:213,(anonymous_7)
FN:215,(anonymous_8)
FN:223,(anonymous_9)
FN:228,(anonymous_10)
FNF:11
FNH:10
FNDA:12,useConsent
FNDA:6,(anonymous_1)
FNDA:0,(anonymous_2)
FNDA:5,(anonymous_3)
FNDA:5,(anonymous_4)
FNDA:2,(anonymous_5)
FNDA:6,(anonymous_6)
FNDA:1,(anonymous_7)
FNDA:3,(anonymous_8)
FNDA:3,(anonymous_9)
FNDA:1,(anonymous_10)
DA:1,1
DA:3,1
DA:78,1
DA:79,12
DA:80,12
DA:81,12
DA:82,12
DA:85,12
DA:86,12
DA:87,24
DA:89,12
DA:90,12
DA:91,12
DA:92,12
DA:95,12
DA:96,6
DA:98,6
DA:99,6
DA:100,6
DA:101,6
DA:102,0
DA:104,0
DA:105,0
DA:106,0
DA:107,0
DA:109,0
DA:110,0
DA:111,0
DA:112,0
DA:113,0
DA:114,0
DA:118,0
DA:121,6
DA:122,0
DA:125,0
DA:126,0
DA:127,0
DA:130,0
DA:132,6
DA:137,12
DA:138,5
DA:139,5
DA:141,5
DA:142,5
DA:143,0
DA:144,0
DA:145,0
DA:146,0
DA:149,0
DA:150,0
DA:151,0
DA:152,0
DA:153,0
DA:155,0
DA:156,0
DA:158,0
DA:160,0
DA:161,0
DA:164,0
DA:165,0
DA:168,0
DA:170,0
DA:174,5
DA:175,5
DA:176,5
DA:179,5
DA:180,0
DA:183,0
DA:188,12
DA:189,5
DA:197,5
DA:198,5
DA:199,5
DA:203,12
DA:204,2
DA:205,2
DA:206,6
DA:209,2
DA:213,12
DA:214,1
DA:215,1
DA:216,3
DA:219,1
DA:223,12
DA:224,3
DA:228,12
DA:229,1
DA:230,1
DA:231,0
DA:232,0
DA:233,0
DA:234,0
DA:235,0
DA:237,0
DA:239,0
DA:240,0
DA:243,0
DA:246,1
DA:247,1
DA:248,1
DA:249,1
DA:252,12
LF:102
LH:56
BRDA:80,0,0,0
BRDA:80,0,1,12
BRDA:81,1,0,12
BRDA:81,1,1,0
BRDA:85,2,0,0
BRDA:85,2,1,12
BRDA:86,3,0,12
BRDA:86,3,1,0
BRDA:99,4,0,6
BRDA:99,4,1,0
BRDA:99,5,0,6
BRDA:99,5,1,6
BRDA:101,6,0,0
BRDA:104,7,0,0
BRDA:104,7,1,0
BRDA:104,8,0,0
BRDA:104,8,1,0
BRDA:106,9,0,0
BRDA:109,10,0,0
BRDA:109,11,0,0
BRDA:109,11,1,0
BRDA:112,12,0,0
BRDA:121,13,0,0
BRDA:121,13,1,6
BRDA:130,14,0,0
BRDA:130,14,1,0
BRDA:141,15,0,5
BRDA:141,15,1,0
BRDA:141,16,0,5
BRDA:141,16,1,5
BRDA:143,17,0,0
BRDA:143,17,1,0
BRDA:143,18,0,0
BRDA:143,18,1,0
BRDA:145,19,0,0
BRDA:145,20,0,0
BRDA:145,20,1,0
BRDA:146,21,0,0
BRDA:146,21,1,0
BRDA:149,22,0,0
BRDA:149,22,1,0
BRDA:150,23,0,0
BRDA:150,23,1,0
BRDA:151,24,0,0
BRDA:151,24,1,0
BRDA:152,25,0,0
BRDA:152,25,1,0
BRDA:160,26,0,0
BRDA:164,27,0,0
BRDA:179,28,0,0
BRDA:216,29,0,3
BRDA:216,29,1,2
BRDA:224,30,0,2
BRDA:224,30,1,1
BRDA:224,31,0,3
BRDA:224,31,1,1
BRDA:229,32,0,1
BRDA:229,32,1,0
BRDA:229,33,0,1
BRDA:229,33,1,1
BRDA:231,34,0,0
BRDA:231,34,1,0
BRDA:231,35,0,0
BRDA:231,35,1,0
BRDA:233,36,0,0
BRDA:233,37,0,0
BRDA:233,37,1,0
BRDA:234,38,0,0
BRDA:234,38,1,0
BRDA:235,39,0,0
BRDA:235,39,1,0
BRDA:239,40,0,0
BRF:72
BRH:20
end_of_record
TN:
SF:src/hooks/useCrossBorderTransfer.ts
[...]
FN:199,(anonymous_17)
FN:205,(anonymous_18)
FNF:16
FNH:0
FNDA:0,useLawfulBasis
FNDA:0,(anonymous_4)
FNDA:0,(anonymous_5)
FNDA:0,(anonymous_6)
FNDA:0,(anonymous_7)
FNDA:0,(anonymous_8)
FNDA:0,(anonymous_9)
FNDA:0,(anonymous_10)
FNDA:0,(anonymous_11)
FNDA:0,(anonymous_12)
FNDA:0,(anonymous_13)
FNDA:0,(anonymous_14)
FNDA:0,(anonymous_15)
FNDA:0,(anonymous_16)
FNDA:0,(anonymous_17)
FNDA:0,(anonymous_18)
DA:1,0
DA:3,0
DA:84,0
DA:85,0
DA:86,0
DA:87,0
DA:88,0
DA:89,0
DA:90,0
DA:92,0
DA:95,0
DA:96,0
DA:97,0
DA:98,0
DA:99,0
DA:100,0
DA:103,0
DA:109,0
DA:110,0
DA:111,0
DA:112,0
DA:114,0
DA:120,0
DA:121,0
DA:125,0
DA:127,0
DA:128,0
DA:135,0
DA:137,0
DA:138,0
DA:141,0
DA:147,0
DA:149,0
DA:151,0
DA:152,0
DA:153,0
DA:154,0
DA:157,0
DA:164,0
DA:165,0
DA:166,0
DA:169,0
DA:170,0
DA:173,0
DA:179,0
DA:181,0
DA:183,0
DA:184,0
DA:191,0
DA:193,0
DA:199,0
DA:200,0
DA:204,0
DA:206,0
DA:211,0
LF:55
LH:0
BRDA:84,0,0,0
BRDA:84,0,1,0
BRDA:85,1,0,0
BRDA:85,1,1,0
BRDA:86,2,0,0
BRDA:86,2,1,0
BRDA:87,3,0,0
BRDA:87,3,1,0
BRDA:96,4,0,0
BRDA:96,5,0,0
BRDA:96,5,1,0
BRDA:99,6,0,0
BRDA:110,7,0,0
BRDA:110,8,0,0
BRDA:110,8,1,0
BRDA:137,9,0,0
BRDA:153,10,0,0
BRDA:169,11,0,0
BRDA:169,12,0,0
BRDA:169,12,1,0
BRDA:183,13,0,0
BRDA:193,14,0,0
BRDA:193,14,1,0
BRF:23
BRH:0
end_of_record
TN:
SF:src/hooks/usePrivacyPolicy.ts
FN:106,usePrivacyPolicy
FN:127,(anonymous_3)
FN:139,(anonymous_4)
FN:156,(anonymous_5)
FN:171,(anonymous_6)
FN:172,(anonymous_7)
FN:181,(anonymous_8)
FN:188,(anonymous_9)
FN:196,(anonymous_10)
FN:197,(anonymous_11)
FN:204,(anonymous_12)
FN:210,(anonymous_13)
FN:215,(anonymous_14)
FN:222,(anonymous_15)
FN:227,(anonymous_16)
FN:236,(anonymous_17)
FN:242,(anonymous_18)
FN:247,(anonymous_19)
FN:254,(anonymous_20)
FN:259,(anonymous_21)
FN:268,(anonymous_22)
FN:273,(anonymous_23)
FN:287,(anonymous_24)
FN:292,(anonymous_25)
FN:304,(anonymous_26)
FN:306,(anonymous_27)
FN:324,(anonymous_28)
FN:348,(anonymous_29)
FN:368,(anonymous_30)
FN:389,(anonymous_31)
FN:390,(anonymous_32)
FN:392,(anonymous_33)
FN:393,(anonymous_34)
FN:401,(anonymous_35)
FNF:34
FNH:0
FNDA:0,usePrivacyPolicy
FNDA:0,(anonymous_3)
FNDA:0,(anonymous_4)
FNDA:0,(anonymous_5)
FNDA:0,(anonymous_6)
FNDA:0,(anonymous_7)
FNDA:0,(anonymous_8)
FNDA:0,(anonymous_9)
FNDA:0,(anonymous_10)
FNDA:0,(anonymous_11)
FNDA:0,(anonymous_12)
FNDA:0,(anonymous_13)
FNDA:0,(anonymous_14)
FNDA:0,(anonymous_15)
FNDA:0,(anonymous_16)
FNDA:0,(anonymous_17)
FNDA:0,(anonymous_18)
FNDA:0,(anonymous_19)
FNDA:0,(anonymous_20)
FNDA:0,(anonymous_21)
FNDA:0,(anonymous_22)
FNDA:0,(anonymous_23)
FNDA:0,(anonymous_24)
FNDA:0,(anonymous_25)
FNDA:0,(anonymous_26)
FNDA:0,(anonymous_27)
FNDA:0,(anonymous_28)
FNDA:0,(anonymous_29)
FNDA:0,(anonymous_30)
FNDA:0,(anonymous_31)
FNDA:0,(anonymous_32)
FNDA:0,(anonymous_33)
FNDA:0,(anonymous_34)
FNDA:0,(anonymous_35)
DA:1,0
DA:3,0
DA:106,0
DA:107,0
DA:108,0
DA:109,0
DA:110,0
DA:111,0
DA:113,0
DA:114,0
DA:115,0
DA:127,0
DA:128,0
DA:129,0
DA:130,0
DA:131,0
DA:132,0
DA:134,0
DA:135,0
DA:138,0
DA:139,0
DA:140,0
DA:141,0
DA:145,0
DA:146,0
DA:150,0
DA:156,0
DA:157,0
DA:158,0
DA:159,0
DA:165,0
DA:171,0
DA:172,0
DA:174,0
DA:175,0
DA:178,0
DA:181,0
DA:187,0
DA:188,0
DA:189,0
DA:192,0
DA:196,0
DA:197,0
DA:204,0
DA:205,0
DA:206,0
DA:209,0
DA:210,0
DA:211,0
DA:213,0
DA:216,0
DA:222,0
DA:223,0
DA:225,0
DA:228,0
DA:236,0
DA:237,0
DA:238,0
DA:241,0
DA:242,0
DA:243,0
DA:245,0
DA:248,0
DA:254,0
DA:255,0
DA:257,0
DA:260,0
DA:268,0
DA:269,0
DA:270,0
DA:273,0
DA:274,0
DA:276,0
DA:287,0
DA:288,0
DA:292,0
DA:293,0
DA:294,0
DA:297,0
DA:299,0
DA:304,0
DA:306,0
DA:314,0
DA:316,0
DA:317,0
DA:320,0
DA:324,0
DA:325,0
DA:326,0
DA:333,0
DA:336,0
DA:337,0
DA:344,0
DA:348,0
DA:349,0
DA:350,0
DA:351,0
DA:362,0
DA:363,0
DA:368,0
DA:369,0
DA:371,0
DA:372,0
DA:375,0
DA:376,0
DA:379,0
DA:380,0
DA:383,0
DA:384,0
DA:388,0
DA:389,0
DA:390,0
DA:392,0
DA:393,0
DA:394,0
DA:400,0
DA:401,0
DA:402,0
DA:403,0
DA:408,0
DA:414,0
LF:121
LH:0
BRDA:109,0,0,0
BRDA:109,0,1,0
BRDA:110,1,0,0
BRDA:110,1,1,0
BRDA:113,2,0,0
BRDA:113,2,1,0
BRDA:128,3,0,0
BRDA:128,4,0,0
BRDA:128,4,1,0
BRDA:128,4,2,0
BRDA:131,5,0,0
BRDA:134,6,0,0
BRDA:138,7,0,0
BRDA:140,8,0,0
BRDA:145,9,0,0
BRDA:157,10,0,0
BRDA:157,11,0,0
BRDA:157,11,1,0
BRDA:174,12,0,0
BRDA:189,13,0,0
BRDA:189,13,1,0
BRDA:205,14,0,0
BRDA:209,15,0,0
BRDA:209,15,1,0
BRDA:211,16,0,0
BRDA:216,17,0,0
BRDA:216,17,1,0
BRDA:223,18,0,0
BRDA:228,19,0,0
BRDA:228,19,1,0
BRDA:237,20,0,0
BRDA:241,21,0,0
BRDA:241,21,1,0
BRDA:243,22,0,0
BRDA:248,23,0,0
BRDA:248,23,1,0
BRDA:255,24,0,0
BRDA:260,25,0,0
BRDA:260,25,1,0
BRDA:269,26,0,0
BRDA:274,27,0,0
BRDA:293,28,0,0
BRDA:300,29,0,0
BRDA:300,29,1,0
BRDA:300,30,0,0
BRDA:300,30,1,0
BRDA:300,31,0,0
BRDA:300,31,1,0
BRDA:306,32,0,0
BRDA:306,32,1,0
BRDA:306,33,0,0
BRDA:306,33,1,0
BRDA:306,34,0,0
BRDA:306,34,1,0
BRDA:306,35,0,0
BRDA:306,35,1,0
BRDA:308,36,0,0
BRDA:308,36,1,0
BRDA:308,37,0,0
BRDA:308,37,1,0
BRDA:308,38,0,0
BRDA:308,38,1,0
BRDA:316,39,0,0
BRDA:325,40,0,0
BRDA:336,41,0,0
BRDA:362,42,0,0
BRDA:362,43,0,0
BRDA:362,43,1,0
BRDA:371,44,0,0
BRDA:375,45,0,0
BRDA:379,46,0,0
BRDA:383,47,0,0
BRDA:388,48,0,0
BRDA:390,49,0,0
BRDA:390,49,1,0
BRDA:390,50,0,0
BRDA:390,50,1,0
BRDA:390,51,0,0
BRDA:390,51,1,0
BRDA:393,52,0,0
BRDA:400,53,0,0
BRDA:400,54,0,0
BRDA:400,54,1,0
BRDA:402,55,0,0
BRDA:402,56,0,0
BRDA:402,56,1,0
BRF:86
BRH:0
end_of_record
TN:
SF:src/hooks/useROPA.ts
FN:85,useROPA
FN:94,(anonymous_4)
FN:95,(anonymous_5)
FN:106,(anonymous_6)
FN:107,(anonymous_7)
FN:109,(anonymous_8)
FN:122,(anonymous_9)
FN:123,(anonymous_10)
FN:125,(anonymous_11)
FN:138,(anonymous_12)
FN:139,(anonymous_13)
FN:144,(anonymous_14)
FN:148,(anonymous_15)
FN:152,(anonymous_16)
FNF:14
FNH:0
FNDA:0,useROPA
FNDA:0,(anonymous_4)
FNDA:0,(anonymous_5)
FNDA:0,(anonymous_6)
FNDA:0,(anonymous_7)
FNDA:0,(anonymous_8)
FNDA:0,(anonymous_9)
FNDA:0,(anonymous_10)
FNDA:0,(anonymous_11)
FNDA:0,(anonymous_12)
FNDA:0,(anonymous_13)
FNDA:0,(anonymous_14)
FNDA:0,(anonymous_15)
FNDA:0,(anonymous_16)
DA:1,0
DA:7,0
DA:85,0
DA:86,0
DA:87,0
DA:88,0
DA:89,0
DA:91,0
DA:93,0
DA:95,0
DA:100,0
DA:105,0
DA:107,0
DA:110,0
DA:116,0
DA:121,0
DA:123,0
DA:126,0
DA:132,0
DA:137,0
DA:139,0
DA:144,0
DA:145,0
DA:148,0
DA:149,0
DA:152,0
DA:153,0
DA:156,0
LF:28
LH:0
BRDA:100,0,0,0
BRDA:100,0,1,0
BRDA:100,1,0,0
BRDA:100,1,1,0
BRDA:110,2,0,0
BRDA:110,2,1,0
BRDA:116,3,0,0
BRDA:116,3,1,0
BRDA:116,4,0,0
BRDA:116,4,1,0
BRDA:126,5,0,0
BRDA:126,5,1,0
BRDA:132,6,0,0
BRDA:132,6,1,0
BRDA:132,7,0,0
BRDA:132,7,1,0
BRF:16
BRH:0
end_of_record
TN:
SF:src/types/index.ts
FNF:0
FNH:0
DA:2,0
DA:3,0
DA:4,0
DA:5,0
DA:6,0
DA:7,0
DA:8,0
DA:9,0
LF:8
LH:0
BRF:0
BRH:0
end_of_record
TN:
SF:src/utils/breach.ts
FN:9,calculateBreachSeverity
FN:50,(anonymous_1)
FN:87,(anonymous_2)
FN:88,(anonymous_3)
FNF:4
FNH:4
FNDA:5,calculateBreachSeverity
FNDA:9,(anonymous_1)
FNDA:8,(anonymous_2)
FNDA:4,(anonymous_3)
DA:9,1
DA:20,5
DA:21,9
DA:24,3
DA:27,3
DA:30,3
DA:32,3
DA:44,2
DA:50,9
DA:61,2
DA:66,2
DA:67,0
DA:68,2
DA:69,1
DA:70,1
DA:71,0
DA:73,1
DA:77,2
DA:80,2
DA:83,2
DA:86,2
DA:87,8
DA:88,4
DA:92,2
DA:94,2
DA:95,0
DA:96,2
DA:97,1
DA:98,1
DA:100,0
DA:102,1
DA:103,0
DA:104,1
DA:105,1
DA:109,2
DA:110,2
DA:111,1
DA:115,2
LF:38
LH:33
BRDA:20,0,0,3
BRDA:37,1,0,3
BRDA:37,1,1,0
BRDA:53,2,0,2
BRDA:53,2,1,0
BRDA:56,3,0,2
BRDA:56,3,1,2
BRDA:66,4,0,0
BRDA:66,4,1,2
BRDA:68,5,0,1
BRDA:68,5,1,1
BRDA:70,6,0,0
BRDA:70,6,1,1
BRDA:80,7,0,2
BRDA:80,7,1,2
BRDA:94,8,0,0
BRDA:94,8,1,2
BRDA:96,9,0,1
BRDA:96,9,1,1
BRDA:97,10,0,1
BRDA:97,10,1,0
BRDA:102,11,0,0
BRDA:102,11,1,1
BRDA:104,12,0,1
BRDA:109,13,0,2
BRDA:109,14,0,2
BRDA:109,14,1,2
BRDA:109,14,2,1
BRDA:109,14,3,1
BRDA:110,15,0,1
BRF:30
BRH:23
end_of_record
TN:
SF:src/utils/consent.ts
FN:8,validateConsent
FN:60,validateConsentOptions
FN:70,(anonymous_2)
FNF:3
FNH:1
FNDA:11,validateConsent
FNDA:0,validateConsentOptions
FNDA:0,(anonymous_2)
DA:8,2
DA:12,11
DA:15,11
DA:16,1
DA:20,11
DA:21,1
DA:22,10
DA:23,0
DA:27,11
DA:28,1
DA:32,11
DA:33,1
DA:37,11
DA:38,1
DA:42,11
DA:43,11
DA:44,0
DA:47,11
DA:60,2
DA:64,0
DA:66,0
DA:67,0
DA:70,0
DA:71,0
DA:72,0
DA:78,0
LF:26
LH:17
BRDA:15,0,0,1
BRDA:15,1,0,11
BRDA:15,1,1,11
BRDA:20,2,0,1
BRDA:20,2,1,10
BRDA:22,3,0,0
BRDA:22,4,0,10
BRDA:22,4,1,10
BRDA:27,5,0,1
BRDA:32,6,0,1
BRDA:37,7,0,1
BRDA:43,8,0,0
BRDA:66,9,0,0
BRDA:66,10,0,0
BRDA:66,10,1,0
BRDA:70,11,0,0
BRDA:70,11,1,0
BRDA:70,12,0,0
BRDA:70,12,1,0
BRDA:71,13,0,0
BRDA:71,14,0,0
BRDA:71,14,1,0
BRF:22
BRH:10
end_of_record
TN:
SF:src/utils/cross-border.ts
FN:34,isNDPCApprovalRequired
FN:48,getTransferMechanismDescription
FN:81,validateTransfer
FN:193,assessTransferRisk
FN:314,getTransferMechanismLabel
FNF:5
FNH:5
FNDA:33,isNDPCApprovalRequired
FNDA:15,getTransferMechanismDescription
FNDA:12,validateTransfer
FNDA:12,assessTransferRisk
FNDA:4,getTransferMechanismLabel
DA:34,1
DA:35,33
DA:48,1
DA:49,15
DA:70,15
DA:81,1
DA:82,12
DA:83,12
DA:86,12
DA:87,1
DA:90,12
DA:91,1
DA:94,12
DA:95,1
DA:98,12
DA:99,1
DA:102,12
DA:103,1
DA:106,12
DA:107,1
DA:110,12
DA:111,1
DA:114,12
DA:115,1
DA:118,12
DA:119,1
DA:123,12
DA:124,1
DA:128,12
DA:129,5
DA:130,2
DA:134,3
DA:135,0
DA:139,3
DA:140,1
DA:142,3
DA:143,1
DA:151,12
DA:152,1
DA:156,12
DA:157,1
DA:163,12
DA:164,1
DA:168,12
DA:169,1
DA:175,12
DA:176,1
DA:179,12
DA:193,1
DA:194,12
DA:195,12
DA:196,12
DA:199,12
DA:205,12
DA:206,12
DA:208,12
DA:209,2
DA:210,2
DA:211,10
DA:212,1
DA:213,1
DA:214,9
DA:215,0
DA:216,0
DA:220,12
DA:231,12
DA:232,12
DA:234,12
DA:235,2
DA:238,2
DA:244,12
DA:245,2
DA:246,2
DA:247,2
DA:251,12
DA:252,2
DA:253,2
DA:254,2
DA:255,10
DA:256,1
DA:257,1
DA:261,12
DA:262,2
DA:263,2
DA:264,2
DA:268,12
DA:269,2
DA:270,1
DA:271,1
DA:272,1
DA:277,12
DA:278,2
DA:279,2
DA:280,2
DA:284,12
DA:285,2
DA:286,2
DA:287,2
DA:292,12
DA:293,10
DA:294,2
DA:295,1
DA:297,1
DA:300,12
DA:315,4
DA:327,4
LF:106
LH:103
BRDA:36,0,0,33
BRDA:36,0,1,27
BRDA:36,0,2,25
BRDA:86,1,0,1
BRDA:90,2,0,1
BRDA:90,3,0,12
BRDA:90,3,1,11
BRDA:94,4,0,1
BRDA:94,5,0,12
BRDA:94,5,1,11
BRDA:98,6,0,1
BRDA:98,7,0,12
BRDA:98,7,1,11
BRDA:98,8,0,0
BRDA:98,8,1,12
BRDA:98,9,0,12
BRDA:98,9,1,12
BRDA:102,10,0,1
BRDA:102,11,0,12
BRDA:102,11,1,11
BRDA:102,12,0,0
BRDA:102,12,1,12
BRDA:102,13,0,12
BRDA:102,13,1,12
BRDA:106,14,0,1
BRDA:106,15,0,12
BRDA:106,15,1,11
BRDA:110,16,0,1
BRDA:114,17,0,1
BRDA:114,18,0,12
BRDA:114,18,1,12
BRDA:118,19,0,1
BRDA:118,20,0,12
BRDA:118,20,1,11
BRDA:123,21,0,1
BRDA:123,22,0,12
BRDA:123,22,1,12
BRDA:128,23,0,5
BRDA:129,24,0,2
BRDA:129,24,1,3
BRDA:134,25,0,0
BRDA:139,26,0,1
BRDA:139,27,0,3
BRDA:139,27,1,3
BRDA:142,28,0,1
BRDA:142,29,0,3
BRDA:142,29,1,2
BRDA:142,29,2,1
BRDA:151,30,0,1
BRDA:156,31,0,1
BRDA:156,32,0,12
BRDA:156,32,1,1
BRDA:163,33,0,1
BRDA:163,34,0,12
BRDA:163,34,1,1
BRDA:168,35,0,1
BRDA:168,36,0,12
BRDA:168,36,1,1
BRDA:175,37,0,1
BRDA:208,38,0,2
BRDA:208,38,1,10
BRDA:211,39,0,1
BRDA:211,39,1,9
BRDA:214,40,0,0
BRDA:234,41,0,2
BRDA:244,42,0,2
BRDA:251,43,0,2
BRDA:251,43,1,10
BRDA:251,44,0,12
BRDA:251,44,1,12
BRDA:255,45,0,1
BRDA:255,46,0,10
BRDA:255,46,1,10
BRDA:261,47,0,2
BRDA:268,48,0,2
BRDA:269,49,0,1
BRDA:269,50,0,0
BRDA:269,50,1,2
BRDA:269,51,0,2
BRDA:269,51,1,2
BRDA:277,52,0,2
BRDA:277,53,0,12
BRDA:277,53,1,0
BRDA:277,54,0,0
BRDA:277,54,1,12
BRDA:277,55,0,12
BRDA:277,55,1,12
BRDA:284,56,0,2
BRDA:292,57,0,10
BRDA:292,57,1,2
BRDA:294,58,0,1
BRDA:294,58,1,1
BRF:92
BRH:85
end_of_record
TN:
SF:src/utils/dpia.ts
FN:8,assessDPIARisk
FN:29,(anonymous_1)
FN:71,(anonymous_2)
FNF:3
FNH:3
FNDA:3,assessDPIARisk
FNDA:6,(anonymous_1)
FNDA:3,(anonymous_2)
DA:8,1
DA:15,3
DA:23,3
DA:26,3
DA:29,3
DA:31,6
DA:34,6
DA:35,3
DA:39,6
DA:40,3
DA:47,3
DA:48,0
DA:49,3
DA:50,1
DA:51,2
DA:52,1
DA:54,1
DA:59,3
DA:63,3
DA:66,3
DA:68,3
DA:69,1
DA:71,3
DA:76,3
DA:77,1
DA:82,3
DA:83,1
DA:88,3
DA:89,2
DA:93,1
DA:98,3
LF:31
LH:30
BRDA:34,0,0,3
BRDA:39,1,0,3
BRDA:39,2,0,6
BRDA:39,2,1,3
BRDA:39,2,2,3
BRDA:47,3,0,0
BRDA:47,3,1,3
BRDA:49,4,0,1
BRDA:49,4,1,2
BRDA:49,5,0,3
BRDA:49,5,1,2
BRDA:49,5,2,0
BRDA:51,6,0,1
BRDA:51,6,1,1
BRDA:51,7,0,2
BRDA:51,7,1,2
BRDA:59,8,0,3
BRDA:59,8,1,2
BRDA:68,9,0,1
BRDA:76,10,0,1
BRDA:82,11,0,1
BRDA:88,12,0,2
BRDA:88,12,1,1
BRF:23
BRH:21
end_of_record
TN:
SF:src/utils/dsr.ts
FN:8,formatDSRRequest
FN:64,(anonymous_1)
FNF:2
FNH:1
FNDA:14,formatDSRRequest
FNDA:0,(anonymous_1)
DA:8,3
DA:13,14
DA:16,14
DA:17,0
DA:20,14
DA:21,0
DA:24,14
DA:25,0
DA:28,14
DA:29,0
DA:32,14
DA:33,0
DA:36,14
DA:37,0
DA:41,14
DA:64,0
DA:72,14
LF:17
LH:10
BRDA:16,0,0,0
BRDA:20,1,0,0
BRDA:24,2,0,0
BRDA:28,3,0,0
BRDA:32,4,0,0
BRDA:32,5,0,0
BRDA:32,5,1,14
BRDA:32,6,0,14
BRDA:32,6,1,14
BRDA:36,7,0,0
BRDA:36,8,0,0
BRDA:36,8,1,14
BRDA:36,9,0,14
BRDA:36,9,1,14
BRDA:46,10,0,14
BRDA:46,10,1,0
BRDA:47,11,0,1
BRDA:47,11,1,13
BRDA:53,12,0,14
BRDA:53,12,1,6
BRDA:55,13,0,14
BRDA:55,13,1,14
BRDA:56,14,0,14
BRDA:56,14,1,14
BRDA:59,15,0,14
BRDA:59,15,1,13
BRDA:60,16,0,0
BRDA:60,16,1,14
BRDA:61,17,0,0
BRDA:61,17,1,0
BRDA:61,18,0,0
BRDA:61,18,1,0
BRDA:63,19,0,0
BRDA:63,19,1,14
BRF:34
BRH:19
end_of_record
TN:
SF:src/utils/lawful-basis.ts
FN:37,validateProcessingActivity
FN:131,getLawfulBasisDescription
FN:158,assessComplianceGaps
FN:268,generateLawfulBasisSummary
FN:315,(anonymous_4)
FNF:5
FNH:3
FNDA:11,validateProcessingActivity
FNDA:12,getLawfulBasisDescription
FNDA:10,assessComplianceGaps
FNDA:0,generateLawfulBasisSummary
FNDA:0,(anonymous_4)
DA:37,1
DA:38,11
DA:39,11
DA:42,11
DA:43,1
DA:46,11
DA:47,1
DA:50,11
DA:51,1
DA:54,11
DA:55,1
DA:58,11
DA:59,1
DA:62,11
DA:63,1
DA:66,11
DA:67,1
DA:70,11
DA:71,1
DA:74,11
DA:75,1
DA:79,11
DA:80,2
DA:81,1
DA:88,11
DA:89,1
DA:95,11
DA:96,1
DA:97,10
DA:98,1
DA:101,11
DA:102,1
DA:103,10
DA:104,1
DA:107,11
DA:108,0
DA:111,11
DA:112,1
DA:117,11
DA:131,1
DA:132,12
DA:147,12
DA:158,1
DA:159,10
DA:161,20
DA:163,11
DA:164,1
DA:168,10
DA:169,2
DA:179,10
DA:180,2
DA:190,10
DA:191,1
DA:201,10
DA:205,1
DA:215,10
DA:216,1
DA:226,10
DA:227,2
DA:237,10
DA:238,1
DA:248,10
DA:249,1
DA:259,10
DA:268,1
DA:269,0
DA:278,0
DA:279,0
DA:280,0
DA:281,0
DA:283,0
DA:284,0
DA:285,0
DA:289,0
DA:290,0
DA:294,0
DA:295,0
DA:299,0
DA:300,0
DA:304,0
DA:305,0
DA:309,0
DA:310,0
DA:314,0
DA:315,0
LF:85
LH:64
BRDA:42,0,0,1
BRDA:46,1,0,1
BRDA:46,2,0,11
BRDA:46,2,1,10
BRDA:50,3,0,1
BRDA:50,4,0,11
BRDA:50,4,1,10
BRDA:54,5,0,1
BRDA:58,6,0,1
BRDA:58,7,0,11
BRDA:58,7,1,10
BRDA:62,8,0,1
BRDA:62,9,0,11
BRDA:62,9,1,11
BRDA:66,10,0,1
BRDA:66,11,0,11
BRDA:66,11,1,11
BRDA:70,12,0,1
BRDA:70,13,0,11
BRDA:70,13,1,11
BRDA:74,14,0,1
BRDA:74,15,0,11
BRDA:74,15,1,10
BRDA:79,16,0,2
BRDA:80,17,0,1
BRDA:80,18,0,2
BRDA:80,18,1,2
BRDA:88,19,0,1
BRDA:88,20,0,11
BRDA:88,20,1,2
BRDA:95,21,0,1
BRDA:95,21,1,10
BRDA:97,22,0,1
BRDA:101,23,0,1
BRDA:101,23,1,10
BRDA:103,24,0,1
BRDA:107,25,0,0
BRDA:111,26,0,1
BRDA:111,27,0,11
BRDA:111,27,1,1
BRDA:111,27,2,1
BRDA:163,28,0,1
BRDA:168,29,0,2
BRDA:168,30,0,10
BRDA:168,30,1,8
BRDA:179,31,0,2
BRDA:179,32,0,10
BRDA:179,32,1,10
BRDA:190,33,0,1
BRDA:190,34,0,10
BRDA:190,34,1,9
BRDA:201,35,0,1
BRDA:202,36,0,10
BRDA:202,36,1,1
BRDA:202,36,2,1
BRDA:215,37,0,1
BRDA:215,38,0,10
BRDA:215,38,1,1
BRDA:226,39,0,2
BRDA:226,40,0,10
BRDA:226,40,1,8
BRDA:237,41,0,1
BRDA:237,42,0,10
BRDA:237,42,1,10
BRDA:248,43,0,1
BRDA:248,44,0,10
BRDA:248,44,1,10
BRDA:284,45,0,0
BRDA:289,46,0,0
BRDA:294,47,0,0
BRDA:299,48,0,0
BRDA:304,49,0,0
BRDA:304,50,0,0
BRDA:304,50,1,0
BRDA:309,51,0,0
BRDA:309,52,0,0
BRDA:309,52,1,0
BRF:77
BRH:66
end_of_record
TN:
SF:src/utils/privacy.ts
FN:9,generatePolicyText
FN:50,(anonymous_1)
FN:51,(anonymous_2)
FN:52,(anonymous_3)
FN:67,(anonymous_4)
FNF:5
FNH:5
FNDA:3,generatePolicyText
FNDA:5,(anonymous_1)
FNDA:1,(anonymous_2)
FNDA:4,(anonymous_3)
FNDA:4,(anonymous_4)
DA:9,1
DA:18,3
DA:19,0
DA:20,0
DA:23,0
DA:24,0
DA:25,0
DA:28,0
DA:29,0
DA:30,0
DA:33,0
DA:39,0
DA:43,3
DA:44,3
DA:45,3
DA:46,3
DA:49,3
DA:50,5
DA:51,1
DA:54,4
DA:57,4
DA:61,4
DA:62,4
DA:63,4
DA:67,4
DA:68,4
DA:71,4
DA:72,3
DA:76,4
DA:77,1
DA:81,4
DA:88,4
DA:92,3
DA:94,3
LF:34
LH:24
BRDA:18,0,0,0
BRDA:18,0,1,3
BRDA:30,1,0,0
BRDA:30,1,1,0
BRDA:51,2,0,1
BRDA:51,2,1,1
BRDA:51,3,0,1
BRDA:51,3,1,1
BRDA:54,4,0,4
BRDA:54,4,1,0
BRDA:54,4,2,0
BRDA:54,4,3,0
BRDA:71,5,0,3
BRDA:72,6,0,3
BRDA:72,6,1,0
BRDA:76,7,0,1
BRF:16
BRH:9
end_of_record
TN:
SF:src/utils/ropa.ts
FN:41,validateProcessingRecord
FN:144,generateROPASummary
FN:148,(anonymous_3)
FN:213,(anonymous_4)
FN:214,(anonymous_5)
FN:234,escapeCSVField
FN:249,formatTimestamp
FN:261,exportROPAToCSV
FN:291,(anonymous_9)
FN:295,(anonymous_10)
FN:328,(anonymous_11)
FN:332,(anonymous_12)
FN:333,(anonymous_13)
FN:346,identifyComplianceGaps
FNF:14
FNH:14
FNDA:10,validateProcessingRecord
FNDA:5,generateROPASummary
FNDA:30,(anonymous_3)
FNDA:8,(anonymous_4)
FNDA:4,(anonymous_5)
FNDA:390,escapeCSVField
FNDA:32,formatTimestamp
FNDA:7,exportROPAToCSV
FNDA:8,(anonymous_9)
FNDA:1,(anonymous_10)
FNDA:208,(anonymous_11)
FNDA:182,(anonymous_12)
FNDA:8,(anonymous_13)
FNDA:12,identifyComplianceGaps
DA:25,1
DA:41,1
DA:44,10
DA:46,10
DA:47,1
DA:50,10
DA:51,1
DA:54,10
DA:55,1
DA:58,10
DA:59,1
DA:61,9
DA:62,1
DA:64,9
DA:65,1
DA:67,9
DA:68,1
DA:72,10
DA:73,2
DA:76,10
DA:77,1
DA:80,10
DA:81,1
DA:84,10
DA:85,1
DA:88,10
DA:89,1
DA:92,10
DA:93,1
DA:96,10
DA:97,1
DA:100,10
DA:101,1
DA:104,10
DA:105,1
DA:108,10
DA:112,1
DA:115,10
DA:119,1
DA:124,10
DA:128,1
DA:131,10
DA:144,1
DA:147,5
DA:149,30
DA:150,30
DA:155,5
DA:156,5
DA:157,5
DA:158,5
DA:159,5
DA:160,5
DA:161,5
DA:163,5
DA:165,13
DA:167,13
DA:168,13
DA:172,13
DA:173,12
DA:177,13
DA:181,1
DA:185,13
DA:186,1
DA:190,13
DA:191,1
DA:195,13
DA:196,1
DA:200,13
DA:201,1
DA:205,13
DA:206,13
DA:212,5
DA:213,8
DA:214,4
DA:217,5
DA:235,390
DA:241,10
DA:243,380
DA:250,32
DA:251,32
DA:261,1
DA:262,7
DA:291,7
DA:292,8
DA:296,1
DA:301,8
DA:328,208
DA:331,7
DA:332,182
DA:333,8
DA:336,7
DA:346,1
DA:349,12
DA:350,12
DA:352,14
DA:353,14
DA:356,14
DA:360,2
DA:366,14
DA:367,3
DA:373,14
DA:374,2
DA:380,14
DA:381,1
DA:384,1
DA:390,14
DA:394,1
DA:400,14
DA:405,1
DA:411,14
DA:412,1
DA:413,1
DA:414,1
DA:418,1
DA:422,1
DA:430,14
DA:435,1
DA:441,14
DA:442,2
DA:446,14
DA:447,2
DA:450,14
DA:451,11
DA:459,12
LF:124
LH:124
BRDA:46,0,0,1
BRDA:46,1,0,10
BRDA:46,1,1,9
BRDA:50,2,0,1
BRDA:50,3,0,10
BRDA:50,3,1,9
BRDA:54,4,0,1
BRDA:54,5,0,10
BRDA:54,5,1,9
BRDA:58,6,0,1
BRDA:58,6,1,9
BRDA:61,7,0,1
BRDA:61,8,0,9
BRDA:61,8,1,8
BRDA:64,9,0,1
BRDA:64,10,0,9
BRDA:64,10,1,8
BRDA:67,11,0,1
BRDA:67,12,0,9
BRDA:67,12,1,8
BRDA:72,13,0,2
BRDA:72,14,0,10
BRDA:72,14,1,9
BRDA:76,15,0,1
BRDA:76,16,0,10
BRDA:76,16,1,9
BRDA:80,17,0,1
BRDA:80,18,0,10
BRDA:80,18,1,10
BRDA:84,19,0,1
BRDA:84,20,0,10
BRDA:84,20,1,10
BRDA:88,21,0,1
BRDA:88,22,0,10
BRDA:88,22,1,10
BRDA:92,23,0,1
BRDA:92,24,0,10
BRDA:92,24,1,10
BRDA:96,25,0,1
BRDA:96,26,0,10
BRDA:96,26,1,9
BRDA:100,27,0,1
BRDA:100,28,0,10
BRDA:100,28,1,10
BRDA:104,29,0,1
BRDA:108,30,0,1
BRDA:109,31,0,10
BRDA:109,31,1,2
BRDA:109,31,2,1
BRDA:115,32,0,1
BRDA:116,33,0,10
BRDA:116,33,1,2
BRDA:116,33,2,1
BRDA:124,34,0,1
BRDA:125,35,0,10
BRDA:125,35,1,2
BRDA:125,35,2,1
BRDA:167,36,0,13
BRDA:167,37,0,13
BRDA:167,37,1,13
BRDA:172,38,0,12
BRDA:177,39,0,1
BRDA:178,40,0,13
BRDA:178,40,1,13
BRDA:185,41,0,1
BRDA:185,42,0,13
BRDA:185,42,1,1
BRDA:190,43,0,1
BRDA:195,44,0,1
BRDA:200,45,0,1
BRDA:200,46,0,13
BRDA:200,46,1,13
BRDA:205,47,0,13
BRDA:207,48,0,13
BRDA:207,48,1,8
BRDA:235,49,0,10
BRDA:236,50,0,390
BRDA:236,50,1,381
BRDA:236,50,2,380
BRDA:236,50,3,380
BRDA:250,51,0,0
BRDA:292,52,0,1
BRDA:292,52,1,7
BRDA:311,53,0,8
BRDA:311,53,1,0
BRDA:318,54,0,0
BRDA:318,54,1,8
BRDA:319,55,0,8
BRDA:319,55,1,8
BRDA:320,56,0,0
BRDA:320,56,1,8
BRDA:322,57,0,8
BRDA:322,57,1,0
BRDA:323,58,0,8
BRDA:323,58,1,0
BRDA:356,59,0,2
BRDA:357,60,0,14
BRDA:357,60,1,12
BRDA:366,61,0,3
BRDA:366,62,0,14
BRDA:366,62,1,11
BRDA:373,63,0,2
BRDA:373,64,0,14
BRDA:373,64,1,14
BRDA:380,65,0,1
BRDA:380,66,0,14
BRDA:380,66,1,14
BRDA:385,67,0,1
BRDA:385,67,1,0
BRDA:390,68,0,1
BRDA:391,69,0,14
BRDA:391,69,1,1
BRDA:391,69,2,0
BRDA:400,70,0,1
BRDA:401,71,0,14
BRDA:401,71,1,1
BRDA:401,71,2,0
BRDA:411,72,0,1
BRDA:413,73,0,1
BRDA:413,74,0,1
BRDA:413,74,1,0
BRDA:418,75,0,1
BRDA:419,76,0,1
BRDA:419,76,1,0
BRDA:430,77,0,1
BRDA:431,78,0,14
BRDA:431,78,1,1
BRDA:431,78,2,0
BRDA:441,79,0,2
BRDA:441,80,0,14
BRDA:441,80,1,14
BRDA:446,81,0,2
BRDA:446,82,0,14
BRDA:446,82,1,14
BRDA:450,83,0,11
BRF:135
BRH:123
end_of_record
